[ +151 ms] Artifact Instance of 'MaterialFonts' is not required, skipping update.
[        ] Artifact Instance of 'GradleWrapper' is not required, skipping update.
[        ] Artifact Instance of 'AndroidGenSnapshotArtifacts' is not required, skipping update.
[        ] Artifact Instance of 'AndroidInternalBuildArtifacts' is not required, skipping update.
[        ] Artifact Instance of 'IOSEngineArtifacts' is not required, skipping update.
[        ] Artifact Instance of 'FlutterWebSdk' is not required, skipping update.
[        ] Artifact Instance of 'LegacyCanvasKitRemover' is not required, skipping update.
[        ] Artifact Instance of 'FlutterSdk' is not required, skipping update.
[        ] Artifact Instance of 'WindowsEngineArtifacts' is not required, skipping update.
[        ] Artifact Instance of 'MacOSEngineArtifacts' is not required, skipping update.
[        ] Artifact Instance of 'LinuxEngineArtifacts' is not required, skipping update.
[        ] Artifact Instance of 'LinuxFuchsiaSDKArtifacts' is not required, skipping update.
[        ] Artifact Instance of 'MacOSFuchsiaSDKArtifacts' is not required, skipping update.
[        ] Artifact Instance of 'FlutterRunnerSDKArtifacts' is not required, skipping update.
[        ] Artifact Instance of 'FlutterRunnerDebugSymbols' is not required, skipping update.
[        ] Artifact Instance of 'IosUsbArtifacts' is not required, skipping update.
[        ] Artifact Instance of 'IosUsbArtifacts' is not required, skipping update.
[        ] Artifact Instance of 'IosUsbArtifacts' is not required, skipping update.
[        ] Artifact Instance of 'IosUsbArtifacts' is not required, skipping update.
[        ] Artifact Instance of 'IosUsbArtifacts' is not required, skipping update.
[        ] Artifact Instance of 'IosUsbArtifacts' is not required, skipping update.
[        ] Artifact Instance of 'FontSubsetArtifacts' is not required, skipping update.
[        ] Artifact Instance of 'PubDependencies' is not required, skipping update.
[        ] executing: [C:\flutter/] git -c log.showSignature=false log HEAD -n 1 --pretty=format:%ad --date=iso
[  +78 ms] Exit code 0 from: git -c log.showSignature=false log HEAD -n 1 --pretty=format:%ad --date=iso
[        ] 2026-01-13 13:47:42 -0800
[  +11 ms] Artifact Instance of 'AndroidGenSnapshotArtifacts' is not required, skipping update.
[        ] Artifact Instance of 'AndroidInternalBuildArtifacts' is not required, skipping update.
[        ] Artifact Instance of 'IOSEngineArtifacts' is not required, skipping update.
[        ] Artifact Instance of 'FlutterWebSdk' is not required, skipping update.
[        ] Artifact Instance of 'FlutterEngineStamp' is not required, skipping update.
[        ] Artifact Instance of 'LegacyCanvasKitRemover' is not required, skipping update.
[   +1 ms] Artifact Instance of 'WindowsEngineArtifacts' is not required, skipping update.
[        ] Artifact Instance of 'MacOSEngineArtifacts' is not required, skipping update.
[        ] Artifact Instance of 'LinuxEngineArtifacts' is not required, skipping update.
[        ] Artifact Instance of 'LinuxFuchsiaSDKArtifacts' is not required, skipping update.
[        ] Artifact Instance of 'MacOSFuchsiaSDKArtifacts' is not required, skipping update.
[        ] Artifact Instance of 'FlutterRunnerSDKArtifacts' is not required, skipping update.
[        ] Artifact Instance of 'FlutterRunnerDebugSymbols' is not required, skipping update.
[  +42 ms] Artifact Instance of 'MaterialFonts' is not required, skipping update.
[        ] Artifact Instance of 'GradleWrapper' is not required, skipping update.
[   +2 ms] Artifact Instance of 'AndroidInternalBuildArtifacts' is not required, skipping update.
[        ] Artifact Instance of 'IOSEngineArtifacts' is not required, skipping update.
[        ] Artifact Instance of 'FlutterWebSdk' is not required, skipping update.
[        ] Artifact Instance of 'FlutterEngineStamp' is not required, skipping update.
[        ] Artifact Instance of 'LegacyCanvasKitRemover' is not required, skipping update.
[        ] Artifact Instance of 'FlutterSdk' is not required, skipping update.
[        ] Artifact Instance of 'WindowsEngineArtifacts' is not required, skipping update.
[        ] Artifact Instance of 'MacOSEngineArtifacts' is not required, skipping update.
[        ] Artifact Instance of 'LinuxEngineArtifacts' is not required, skipping update.
[        ] Artifact Instance of 'LinuxFuchsiaSDKArtifacts' is not required, skipping update.
[        ] Artifact Instance of 'MacOSFuchsiaSDKArtifacts' is not required, skipping update.
[        ] Artifact Instance of 'FlutterRunnerSDKArtifacts' is not required, skipping update.
[        ] Artifact Instance of 'FlutterRunnerDebugSymbols' is not required, skipping update.
[        ] Artifact Instance of 'IosUsbArtifacts' is not required, skipping update.
[        ] Artifact Instance of 'IosUsbArtifacts' is not required, skipping update.
[        ] Artifact Instance of 'IosUsbArtifacts' is not required, skipping update.
[        ] Artifact Instance of 'IosUsbArtifacts' is not required, skipping update.
[        ] Artifact Instance of 'IosUsbArtifacts' is not required, skipping update.
[        ] Artifact Instance of 'IosUsbArtifacts' is not required, skipping update.
[        ] Artifact Instance of 'FontSubsetArtifacts' is not required, skipping update.
[        ] Artifact Instance of 'PubDependencies' is not required, skipping update.
[  +68 ms] executing: [C:\Users\aijay\Desktop\JayGanga Books/] C:\flutter\bin\cache\dart-sdk\bin\dart pub --suppress-analytics --directory . get --example
Resolving dependencies...
Downloading packages...
  _flutterfire_internals 1.3.59 (1.3.66 available)
  app_links 6.4.1 (7.0.0 available)
  characters 1.4.0 (1.4.1 available)
  confetti 0.7.0 (0.8.0 available)
  connectivity_plus 6.1.5 (7.0.0 available)
  firebase_core 3.15.2 (4.4.0 available)
  firebase_core_web 2.24.1 (3.4.0 available)
  firebase_messaging 15.2.10 (16.1.1 available)
  firebase_messaging_platform_interface 4.6.10 (4.7.6 available)
  firebase_messaging_web 3.10.10 (4.1.2 available)
  flutter_local_notifications 18.0.1 (20.1.0 available)
  flutter_local_notifications_linux 5.0.0 (7.0.0 available)
  flutter_local_notifications_platform_interface 8.0.0 (10.0.0 available)
  flutter_slidable 3.1.2 (4.0.3 available)
  geocoding 3.0.0 (4.0.0 available)
  geocoding_android 3.3.1 (5.0.0 available)
  geocoding_platform_interface 3.2.0 (5.0.0 available)
  go_router 14.8.1 (17.1.0 available)
  google_fonts 6.3.3 (8.0.1 available)
  google_sign_in 6.3.0 (7.2.0 available)
  google_sign_in_android 6.2.1 (7.2.7 available)
  google_sign_in_ios 5.9.0 (6.3.0 available)
  google_sign_in_platform_interface 2.5.0 (3.1.0 available)
  google_sign_in_web 0.12.4+4 (1.1.0 available)
  intl 0.19.0 (0.20.2 available)
  matcher 0.12.17 (0.12.18 available)
  material_color_utilities 0.11.1 (0.13.0 available)
  meta 1.17.0 (1.18.1 available)
  mobile_scanner 6.0.11 (7.1.4 available)
  share_plus 10.1.4 (12.0.1 available)
  share_plus_platform_interface 5.0.2 (6.1.0 available)
  test_api 0.7.7 (0.7.9 available)
  timezone 0.10.1 (0.11.0 available)
  url_launcher_ios 6.4.0 (6.4.1 available)
Got dependencies!
34 packages have newer versions incompatible with dependency constraints.
Try `flutter pub outdated` for more information.
[ +885 ms] Found plugin url_launcher at C:\Users\aijay\AppData\Local\Pub\Cache\hosted\pub.dev\url_launcher-6.3.2\
[   +4 ms] Found plugin url_launcher_windows at C:\Users\aijay\AppData\Local\Pub\Cache\hosted\pub.dev\url_launcher_windows-3.1.5\
[   +5 ms] Found plugin url_launcher_web at C:\Users\aijay\AppData\Local\Pub\Cache\hosted\pub.dev\url_launcher_web-2.4.2\
[   +3 ms] Found plugin url_launcher_macos at C:\Users\aijay\AppData\Local\Pub\Cache\hosted\pub.dev\url_launcher_macos-3.2.5\
[   +1 ms] Found plugin url_launcher_linux at C:\Users\aijay\AppData\Local\Pub\Cache\hosted\pub.dev\url_launcher_linux-3.2.2\
[   +2 ms] Found plugin url_launcher_ios at C:\Users\aijay\AppData\Local\Pub\Cache\hosted\pub.dev\url_launcher_ios-6.4.0\
[   +2 ms] Found plugin url_launcher_android at C:\Users\aijay\AppData\Local\Pub\Cache\hosted\pub.dev\url_launcher_android-6.3.28\
[   +6 ms] Found plugin speech_to_text at C:\Users\aijay\AppData\Local\Pub\Cache\hosted\pub.dev\speech_to_text-7.3.0\
[   +4 ms] Found plugin speech_to_text_windows at C:\Users\aijay\AppData\Local\Pub\Cache\hosted\pub.dev\speech_to_text_windows-1.0.0+beta.8\
[   +5 ms] Found plugin shared_preferences at C:\Users\aijay\AppData\Local\Pub\Cache\hosted\pub.dev\shared_preferences-2.5.4\
[   +4 ms] Found plugin shared_preferences_windows at C:\Users\aijay\AppData\Local\Pub\Cache\hosted\pub.dev\shared_preferences_windows-2.4.1\
[   +3 ms] Found plugin path_provider_windows at C:\Users\aijay\AppData\Local\Pub\Cache\hosted\pub.dev\path_provider_windows-2.3.0\
[   +5 ms] Found plugin shared_preferences_web at C:\Users\aijay\AppData\Local\Pub\Cache\hosted\pub.dev\shared_preferences_web-2.4.3\
[   +1 ms] Found plugin shared_preferences_linux at C:\Users\aijay\AppData\Local\Pub\Cache\hosted\pub.dev\shared_preferences_linux-2.4.1\
[   +2 ms] Found plugin path_provider_linux at C:\Users\aijay\AppData\Local\Pub\Cache\hosted\pub.dev\path_provider_linux-2.2.1\
[   +3 ms] Found plugin shared_preferences_foundation at C:\Users\aijay\AppData\Local\Pub\Cache\hosted\pub.dev\shared_preferences_foundation-2.5.6\
[   +3 ms] Found plugin shared_preferences_android at C:\Users\aijay\AppData\Local\Pub\Cache\hosted\pub.dev\shared_preferences_android-2.4.20\
[   +2 ms] Found plugin share_plus at C:\Users\aijay\AppData\Local\Pub\Cache\hosted\pub.dev\share_plus-10.1.4\
[   +9 ms] Found plugin path_provider at C:\Users\aijay\AppData\Local\Pub\Cache\hosted\pub.dev\path_provider-2.1.5\
[   +1 ms] Found plugin path_provider_foundation at C:\Users\aijay\AppData\Local\Pub\Cache\hosted\pub.dev\path_provider_foundation-2.6.0\
[   +9 ms] Found plugin path_provider_android at C:\Users\aijay\AppData\Local\Pub\Cache\hosted\pub.dev\path_provider_android-2.2.22\
[   +4 ms] Found plugin screen_brightness at C:\Users\aijay\AppData\Local\Pub\Cache\hosted\pub.dev\screen_brightness-2.1.7\
[   +1 ms] Found plugin screen_brightness_windows at C:\Users\aijay\AppData\Local\Pub\Cache\hosted\pub.dev\screen_brightness_windows-2.1.0\
[   +2 ms] Found plugin screen_brightness_ohos at C:\Users\aijay\AppData\Local\Pub\Cache\hosted\pub.dev\screen_brightness_ohos-2.1.2\
[   +1 ms] Found plugin screen_brightness_macos at C:\Users\aijay\AppData\Local\Pub\Cache\hosted\pub.dev\screen_brightness_macos-2.1.1\
[   +1 ms] Found plugin screen_brightness_ios at C:\Users\aijay\AppData\Local\Pub\Cache\hosted\pub.dev\screen_brightness_ios-2.1.2\
[   +1 ms] Found plugin screen_brightness_android at C:\Users\aijay\AppData\Local\Pub\Cache\hosted\pub.dev\screen_brightness_android-2.1.3\
[   +7 ms] Found plugin package_info_plus at C:\Users\aijay\AppData\Local\Pub\Cache\hosted\pub.dev\package_info_plus-9.0.0\
[   +2 ms] Found plugin mobile_scanner at C:\Users\aijay\AppData\Local\Pub\Cache\hosted\pub.dev\mobile_scanner-6.0.11\
[   +1 ms] Found plugin image_picker at C:\Users\aijay\AppData\Local\Pub\Cache\hosted\pub.dev\image_picker-1.2.1\
[   +1 ms] Found plugin image_picker_windows at C:\Users\aijay\AppData\Local\Pub\Cache\hosted\pub.dev\image_picker_windows-0.2.2\
[   +1 ms] Found plugin file_selector_windows at C:\Users\aijay\AppData\Local\Pub\Cache\hosted\pub.dev\file_selector_windows-0.9.3+5\
[   +2 ms] Found plugin image_picker_macos at C:\Users\aijay\AppData\Local\Pub\Cache\hosted\pub.dev\image_picker_macos-0.2.2+1\
[   +1 ms] Found plugin file_selector_macos at C:\Users\aijay\AppData\Local\Pub\Cache\hosted\pub.dev\file_selector_macos-0.9.5\
[   +1 ms] Found plugin image_picker_linux at C:\Users\aijay\AppData\Local\Pub\Cache\hosted\pub.dev\image_picker_linux-0.2.2\
[        ] Found plugin file_selector_linux at C:\Users\aijay\AppData\Local\Pub\Cache\hosted\pub.dev\file_selector_linux-0.9.4\
[   +1 ms] Found plugin image_picker_ios at C:\Users\aijay\AppData\Local\Pub\Cache\hosted\pub.dev\image_picker_ios-0.8.13+6\
[   +1 ms] Found plugin image_picker_for_web at C:\Users\aijay\AppData\Local\Pub\Cache\hosted\pub.dev\image_picker_for_web-3.1.1\
[   +1 ms] Found plugin image_picker_android at C:\Users\aijay\AppData\Local\Pub\Cache\hosted\pub.dev\image_picker_android-0.8.13+13\
[   +1 ms] Found plugin flutter_plugin_android_lifecycle at C:\Users\aijay\AppData\Local\Pub\Cache\hosted\pub.dev\flutter_plugin_android_lifecycle-2.0.33\
[   +2 ms] Found plugin google_sign_in at C:\Users\aijay\AppData\Local\Pub\Cache\hosted\pub.dev\google_sign_in-6.3.0\
[   +1 ms] Found plugin google_sign_in_web at C:\Users\aijay\AppData\Local\Pub\Cache\hosted\pub.dev\google_sign_in_web-0.12.4+4\
[   +2 ms] Found plugin google_sign_in_ios at C:\Users\aijay\AppData\Local\Pub\Cache\hosted\pub.dev\google_sign_in_ios-5.9.0\
[   +1 ms] Found plugin google_sign_in_android at C:\Users\aijay\AppData\Local\Pub\Cache\hosted\pub.dev\google_sign_in_android-6.2.1\
[   +2 ms] Found plugin geolocator at C:\Users\aijay\AppData\Local\Pub\Cache\hosted\pub.dev\geolocator-14.0.2\
[        ] Found plugin geolocator_windows at C:\Users\aijay\AppData\Local\Pub\Cache\hosted\pub.dev\geolocator_windows-0.2.5\
[   +1 ms] Found plugin geolocator_web at C:\Users\aijay\AppData\Local\Pub\Cache\hosted\pub.dev\geolocator_web-4.1.3\
[   +1 ms] Found plugin geolocator_linux at C:\Users\aijay\AppData\Local\Pub\Cache\hosted\pub.dev\geolocator_linux-0.2.4\
[   +5 ms] Found plugin geolocator_apple at C:\Users\aijay\AppData\Local\Pub\Cache\hosted\pub.dev\geolocator_apple-2.3.13\
[   +1 ms] Found plugin geolocator_android at C:\Users\aijay\AppData\Local\Pub\Cache\hosted\pub.dev\geolocator_android-5.0.2\
[   +1 ms] Found plugin geocoding at C:\Users\aijay\AppData\Local\Pub\Cache\hosted\pub.dev\geocoding-3.0.0\
[   +1 ms] Found plugin geocoding_ios at C:\Users\aijay\AppData\Local\Pub\Cache\hosted\pub.dev\geocoding_ios-3.1.0\
[   +1 ms] Found plugin geocoding_android at C:\Users\aijay\AppData\Local\Pub\Cache\hosted\pub.dev\geocoding_android-3.3.1\
[   +2 ms] Found plugin flutter_local_notifications at C:\Users\aijay\AppData\Local\Pub\Cache\hosted\pub.dev\flutter_local_notifications-18.0.1\
[   +2 ms] Found plugin flutter_local_notifications_linux at C:\Users\aijay\AppData\Local\Pub\Cache\hosted\pub.dev\flutter_local_notifications_linux-5.0.0\
[        ] Found plugin flutter_image_compress at C:\Users\aijay\AppData\Local\Pub\Cache\hosted\pub.dev\flutter_image_compress-2.4.0\
[        ] Found plugin flutter_image_compress_web at C:\Users\aijay\AppData\Local\Pub\Cache\hosted\pub.dev\flutter_image_compress_web-0.1.5\
[   +1 ms] Found plugin flutter_image_compress_ohos at C:\Users\aijay\AppData\Local\Pub\Cache\hosted\pub.dev\flutter_image_compress_ohos-0.0.3\
[        ] Found plugin flutter_image_compress_macos at C:\Users\aijay\AppData\Local\Pub\Cache\hosted\pub.dev\flutter_image_compress_macos-1.0.3\
[        ] Found plugin flutter_image_compress_common at C:\Users\aijay\AppData\Local\Pub\Cache\hosted\pub.dev\flutter_image_compress_common-1.0.6\
[   +2 ms] Found plugin firebase_messaging at C:\Users\aijay\AppData\Local\Pub\Cache\hosted\pub.dev\firebase_messaging-15.2.10\
[   +1 ms] Found plugin firebase_messaging_web at C:\Users\aijay\AppData\Local\Pub\Cache\hosted\pub.dev\firebase_messaging_web-3.10.10\
[   +1 ms] Found plugin firebase_core at C:\Users\aijay\AppData\Local\Pub\Cache\hosted\pub.dev\firebase_core-3.15.2\
[        ] Found plugin firebase_core_web at C:\Users\aijay\AppData\Local\Pub\Cache\hosted\pub.dev\firebase_core_web-2.24.1\
[   +3 ms] Found plugin connectivity_plus at C:\Users\aijay\AppData\Local\Pub\Cache\hosted\pub.dev\connectivity_plus-6.1.5\
[   +5 ms] Found plugin sqflite at C:\Users\aijay\AppData\Local\Pub\Cache\hosted\pub.dev\sqflite-2.4.2\
[   +3 ms] Found plugin sqflite_darwin at C:\Users\aijay\AppData\Local\Pub\Cache\hosted\pub.dev\sqflite_darwin-2.4.2\
[   +1 ms] Found plugin sqflite_android at C:\Users\aijay\AppData\Local\Pub\Cache\hosted\pub.dev\sqflite_android-2.4.2+2\
[   +4 ms] Found plugin app_links at C:\Users\aijay\AppData\Local\Pub\Cache\hosted\pub.dev\app_links-6.4.1\
[   +1 ms] Found plugin app_links_web at C:\Users\aijay\AppData\Local\Pub\Cache\hosted\pub.dev\app_links_web-1.0.4\
[   +1 ms] Found plugin app_links_linux at C:\Users\aijay\AppData\Local\Pub\Cache\hosted\pub.dev\app_links_linux-1.0.3\
[        ] Found plugin gtk at C:\Users\aijay\AppData\Local\Pub\Cache\hosted\pub.dev\gtk-2.1.0\
[  +46 ms] Found plugin url_launcher at C:\Users\aijay\AppData\Local\Pub\Cache\hosted\pub.dev\url_launcher-6.3.2\
[        ] Found plugin url_launcher_windows at C:\Users\aijay\AppData\Local\Pub\Cache\hosted\pub.dev\url_launcher_windows-3.1.5\
[   +3 ms] Found plugin url_launcher_web at C:\Users\aijay\AppData\Local\Pub\Cache\hosted\pub.dev\url_launcher_web-2.4.2\
[   +3 ms] Found plugin url_launcher_macos at C:\Users\aijay\AppData\Local\Pub\Cache\hosted\pub.dev\url_launcher_macos-3.2.5\
[   +1 ms] Found plugin url_launcher_linux at C:\Users\aijay\AppData\Local\Pub\Cache\hosted\pub.dev\url_launcher_linux-3.2.2\
[        ] Found plugin url_launcher_ios at C:\Users\aijay\AppData\Local\Pub\Cache\hosted\pub.dev\url_launcher_ios-6.4.0\
[        ] Found plugin url_launcher_android at C:\Users\aijay\AppData\Local\Pub\Cache\hosted\pub.dev\url_launcher_android-6.3.28\
[   +1 ms] Found plugin speech_to_text at C:\Users\aijay\AppData\Local\Pub\Cache\hosted\pub.dev\speech_to_text-7.3.0\
[        ] Found plugin speech_to_text_windows at C:\Users\aijay\AppData\Local\Pub\Cache\hosted\pub.dev\speech_to_text_windows-1.0.0+beta.8\
[   +3 ms] Found plugin shared_preferences at C:\Users\aijay\AppData\Local\Pub\Cache\hosted\pub.dev\shared_preferences-2.5.4\
[        ] Found plugin shared_preferences_windows at C:\Users\aijay\AppData\Local\Pub\Cache\hosted\pub.dev\shared_preferences_windows-2.4.1\
[   +1 ms] Found plugin path_provider_windows at C:\Users\aijay\AppData\Local\Pub\Cache\hosted\pub.dev\path_provider_windows-2.3.0\
[   +3 ms] Found plugin shared_preferences_web at C:\Users\aijay\AppData\Local\Pub\Cache\hosted\pub.dev\shared_preferences_web-2.4.3\
[        ] Found plugin shared_preferences_linux at C:\Users\aijay\AppData\Local\Pub\Cache\hosted\pub.dev\shared_preferences_linux-2.4.1\
[        ] Found plugin path_provider_linux at C:\Users\aijay\AppData\Local\Pub\Cache\hosted\pub.dev\path_provider_linux-2.2.1\
[   +1 ms] Found plugin shared_preferences_foundation at C:\Users\aijay\AppData\Local\Pub\Cache\hosted\pub.dev\shared_preferences_foundation-2.5.6\
[   +2 ms] Found plugin shared_preferences_android at C:\Users\aijay\AppData\Local\Pub\Cache\hosted\pub.dev\shared_preferences_android-2.4.20\
[   +1 ms] Found plugin share_plus at C:\Users\aijay\AppData\Local\Pub\Cache\hosted\pub.dev\share_plus-10.1.4\
[   +5 ms] Found plugin path_provider at C:\Users\aijay\AppData\Local\Pub\Cache\hosted\pub.dev\path_provider-2.1.5\
[   +1 ms] Found plugin path_provider_foundation at C:\Users\aijay\AppData\Local\Pub\Cache\hosted\pub.dev\path_provider_foundation-2.6.0\
[   +6 ms] Found plugin path_provider_android at C:\Users\aijay\AppData\Local\Pub\Cache\hosted\pub.dev\path_provider_android-2.2.22\
[   +2 ms] Found plugin screen_brightness at C:\Users\aijay\AppData\Local\Pub\Cache\hosted\pub.dev\screen_brightness-2.1.7\
[   +1 ms] Found plugin screen_brightness_windows at C:\Users\aijay\AppData\Local\Pub\Cache\hosted\pub.dev\screen_brightness_windows-2.1.0\
[   +1 ms] Found plugin screen_brightness_ohos at C:\Users\aijay\AppData\Local\Pub\Cache\hosted\pub.dev\screen_brightness_ohos-2.1.2\
[        ] Found plugin screen_brightness_macos at C:\Users\aijay\AppData\Local\Pub\Cache\hosted\pub.dev\screen_brightness_macos-2.1.1\
[        ] Found plugin screen_brightness_ios at C:\Users\aijay\AppData\Local\Pub\Cache\hosted\pub.dev\screen_brightness_ios-2.1.2\
[        ] Found plugin screen_brightness_android at C:\Users\aijay\AppData\Local\Pub\Cache\hosted\pub.dev\screen_brightness_android-2.1.3\
[   +5 ms] Found plugin package_info_plus at C:\Users\aijay\AppData\Local\Pub\Cache\hosted\pub.dev\package_info_plus-9.0.0\
[   +1 ms] Found plugin mobile_scanner at C:\Users\aijay\AppData\Local\Pub\Cache\hosted\pub.dev\mobile_scanner-6.0.11\
[        ] Found plugin image_picker at C:\Users\aijay\AppData\Local\Pub\Cache\hosted\pub.dev\image_picker-1.2.1\
[        ] Found plugin image_picker_windows at C:\Users\aijay\AppData\Local\Pub\Cache\hosted\pub.dev\image_picker_windows-0.2.2\
[   +1 ms] Found plugin file_selector_windows at C:\Users\aijay\AppData\Local\Pub\Cache\hosted\pub.dev\file_selector_windows-0.9.3+5\
[   +1 ms] Found plugin image_picker_macos at C:\Users\aijay\AppData\Local\Pub\Cache\hosted\pub.dev\image_picker_macos-0.2.2+1\
[        ] Found plugin file_selector_macos at C:\Users\aijay\AppData\Local\Pub\Cache\hosted\pub.dev\file_selector_macos-0.9.5\
[        ] Found plugin image_picker_linux at C:\Users\aijay\AppData\Local\Pub\Cache\hosted\pub.dev\image_picker_linux-0.2.2\
[        ] Found plugin file_selector_linux at C:\Users\aijay\AppData\Local\Pub\Cache\hosted\pub.dev\file_selector_linux-0.9.4\
[        ] Found plugin image_picker_ios at C:\Users\aijay\AppData\Local\Pub\Cache\hosted\pub.dev\image_picker_ios-0.8.13+6\
[        ] Found plugin image_picker_for_web at C:\Users\aijay\AppData\Local\Pub\Cache\hosted\pub.dev\image_picker_for_web-3.1.1\
[        ] Found plugin image_picker_android at C:\Users\aijay\AppData\Local\Pub\Cache\hosted\pub.dev\image_picker_android-0.8.13+13\
[        ] Found plugin flutter_plugin_android_lifecycle at C:\Users\aijay\AppData\Local\Pub\Cache\hosted\pub.dev\flutter_plugin_android_lifecycle-2.0.33\
[   +2 ms] Found plugin google_sign_in at C:\Users\aijay\AppData\Local\Pub\Cache\hosted\pub.dev\google_sign_in-6.3.0\
[   +1 ms] Found plugin google_sign_in_web at C:\Users\aijay\AppData\Local\Pub\Cache\hosted\pub.dev\google_sign_in_web-0.12.4+4\
[   +2 ms] Found plugin google_sign_in_ios at C:\Users\aijay\AppData\Local\Pub\Cache\hosted\pub.dev\google_sign_in_ios-5.9.0\
[        ] Found plugin google_sign_in_android at C:\Users\aijay\AppData\Local\Pub\Cache\hosted\pub.dev\google_sign_in_android-6.2.1\
[   +2 ms] Found plugin geolocator at C:\Users\aijay\AppData\Local\Pub\Cache\hosted\pub.dev\geolocator-14.0.2\
[        ] Found plugin geolocator_windows at C:\Users\aijay\AppData\Local\Pub\Cache\hosted\pub.dev\geolocator_windows-0.2.5\
[   +1 ms] Found plugin geolocator_web at C:\Users\aijay\AppData\Local\Pub\Cache\hosted\pub.dev\geolocator_web-4.1.3\
[        ] Found plugin geolocator_linux at C:\Users\aijay\AppData\Local\Pub\Cache\hosted\pub.dev\geolocator_linux-0.2.4\
[   +4 ms] Found plugin geolocator_apple at C:\Users\aijay\AppData\Local\Pub\Cache\hosted\pub.dev\geolocator_apple-2.3.13\
[        ] Found plugin geolocator_android at C:\Users\aijay\AppData\Local\Pub\Cache\hosted\pub.dev\geolocator_android-5.0.2\
[        ] Found plugin geocoding at C:\Users\aijay\AppData\Local\Pub\Cache\hosted\pub.dev\geocoding-3.0.0\
[   +1 ms] Found plugin geocoding_ios at C:\Users\aijay\AppData\Local\Pub\Cache\hosted\pub.dev\geocoding_ios-3.1.0\
[        ] Found plugin geocoding_android at C:\Users\aijay\AppData\Local\Pub\Cache\hosted\pub.dev\geocoding_android-3.3.1\
[   +2 ms] Found plugin flutter_local_notifications at C:\Users\aijay\AppData\Local\Pub\Cache\hosted\pub.dev\flutter_local_notifications-18.0.1\
[   +2 ms] Found plugin flutter_local_notifications_linux at C:\Users\aijay\AppData\Local\Pub\Cache\hosted\pub.dev\flutter_local_notifications_linux-5.0.0\
[        ] Found plugin flutter_image_compress at C:\Users\aijay\AppData\Local\Pub\Cache\hosted\pub.dev\flutter_image_compress-2.4.0\
[        ] Found plugin flutter_image_compress_web at C:\Users\aijay\AppData\Local\Pub\Cache\hosted\pub.dev\flutter_image_compress_web-0.1.5\
[   +1 ms] Found plugin flutter_image_compress_ohos at C:\Users\aijay\AppData\Local\Pub\Cache\hosted\pub.dev\flutter_image_compress_ohos-0.0.3\
[        ] Found plugin flutter_image_compress_macos at C:\Users\aijay\AppData\Local\Pub\Cache\hosted\pub.dev\flutter_image_compress_macos-1.0.3\
[        ] Found plugin flutter_image_compress_common at C:\Users\aijay\AppData\Local\Pub\Cache\hosted\pub.dev\flutter_image_compress_common-1.0.6\
[   +2 ms] Found plugin firebase_messaging at C:\Users\aijay\AppData\Local\Pub\Cache\hosted\pub.dev\firebase_messaging-15.2.10\
[        ] Found plugin firebase_messaging_web at C:\Users\aijay\AppData\Local\Pub\Cache\hosted\pub.dev\firebase_messaging_web-3.10.10\
[   +1 ms] Found plugin firebase_core at C:\Users\aijay\AppData\Local\Pub\Cache\hosted\pub.dev\firebase_core-3.15.2\
[        ] Found plugin firebase_core_web at C:\Users\aijay\AppData\Local\Pub\Cache\hosted\pub.dev\firebase_core_web-2.24.1\
[   +2 ms] Found plugin connectivity_plus at C:\Users\aijay\AppData\Local\Pub\Cache\hosted\pub.dev\connectivity_plus-6.1.5\
[   +4 ms] Found plugin sqflite at C:\Users\aijay\AppData\Local\Pub\Cache\hosted\pub.dev\sqflite-2.4.2\
[   +2 ms] Found plugin sqflite_darwin at C:\Users\aijay\AppData\Local\Pub\Cache\hosted\pub.dev\sqflite_darwin-2.4.2\
[        ] Found plugin sqflite_android at C:\Users\aijay\AppData\Local\Pub\Cache\hosted\pub.dev\sqflite_android-2.4.2+2\
[   +2 ms] Found plugin app_links at C:\Users\aijay\AppData\Local\Pub\Cache\hosted\pub.dev\app_links-6.4.1\
[        ] Found plugin app_links_web at C:\Users\aijay\AppData\Local\Pub\Cache\hosted\pub.dev\app_links_web-1.0.4\
[   +1 ms] Found plugin app_links_linux at C:\Users\aijay\AppData\Local\Pub\Cache\hosted\pub.dev\app_links_linux-1.0.3\
[   +1 ms] Found plugin gtk at C:\Users\aijay\AppData\Local\Pub\Cache\hosted\pub.dev\gtk-2.1.0\
[  +10 ms] Skipping generating web_plugin_registrant.dart because it is up-to-date.
[  +21 ms] Found plugin url_launcher at C:\Users\aijay\AppData\Local\Pub\Cache\hosted\pub.dev\url_launcher-6.3.2\
[   +1 ms] Found plugin url_launcher_windows at C:\Users\aijay\AppData\Local\Pub\Cache\hosted\pub.dev\url_launcher_windows-3.1.5\
[   +3 ms] Found plugin url_launcher_web at C:\Users\aijay\AppData\Local\Pub\Cache\hosted\pub.dev\url_launcher_web-2.4.2\
[   +1 ms] Found plugin url_launcher_macos at C:\Users\aijay\AppData\Local\Pub\Cache\hosted\pub.dev\url_launcher_macos-3.2.5\
[        ] Found plugin url_launcher_linux at C:\Users\aijay\AppData\Local\Pub\Cache\hosted\pub.dev\url_launcher_linux-3.2.2\
[        ] Found plugin url_launcher_ios at C:\Users\aijay\AppData\Local\Pub\Cache\hosted\pub.dev\url_launcher_ios-6.4.0\
[        ] Found plugin url_launcher_android at C:\Users\aijay\AppData\Local\Pub\Cache\hosted\pub.dev\url_launcher_android-6.3.28\
[   +1 ms] Found plugin speech_to_text at C:\Users\aijay\AppData\Local\Pub\Cache\hosted\pub.dev\speech_to_text-7.3.0\
[        ] Found plugin speech_to_text_windows at C:\Users\aijay\AppData\Local\Pub\Cache\hosted\pub.dev\speech_to_text_windows-1.0.0+beta.8\
[   +2 ms] Found plugin shared_preferences at C:\Users\aijay\AppData\Local\Pub\Cache\hosted\pub.dev\shared_preferences-2.5.4\
[   +1 ms] Found plugin shared_preferences_windows at C:\Users\aijay\AppData\Local\Pub\Cache\hosted\pub.dev\shared_preferences_windows-2.4.1\
[   +1 ms] Found plugin path_provider_windows at C:\Users\aijay\AppData\Local\Pub\Cache\hosted\pub.dev\path_provider_windows-2.3.0\
[   +3 ms] Found plugin shared_preferences_web at C:\Users\aijay\AppData\Local\Pub\Cache\hosted\pub.dev\shared_preferences_web-2.4.3\
[        ] Found plugin shared_preferences_linux at C:\Users\aijay\AppData\Local\Pub\Cache\hosted\pub.dev\shared_preferences_linux-2.4.1\
[        ] Found plugin path_provider_linux at C:\Users\aijay\AppData\Local\Pub\Cache\hosted\pub.dev\path_provider_linux-2.2.1\
[   +1 ms] Found plugin shared_preferences_foundation at C:\Users\aijay\AppData\Local\Pub\Cache\hosted\pub.dev\shared_preferences_foundation-2.5.6\
[        ] Found plugin shared_preferences_android at C:\Users\aijay\AppData\Local\Pub\Cache\hosted\pub.dev\shared_preferences_android-2.4.20\
[        ] Found plugin share_plus at C:\Users\aijay\AppData\Local\Pub\Cache\hosted\pub.dev\share_plus-10.1.4\
[   +4 ms] Found plugin path_provider at C:\Users\aijay\AppData\Local\Pub\Cache\hosted\pub.dev\path_provider-2.1.5\
[        ] Found plugin path_provider_foundation at C:\Users\aijay\AppData\Local\Pub\Cache\hosted\pub.dev\path_provider_foundation-2.6.0\
[   +6 ms] Found plugin path_provider_android at C:\Users\aijay\AppData\Local\Pub\Cache\hosted\pub.dev\path_provider_android-2.2.22\
[   +2 ms] Found plugin screen_brightness at C:\Users\aijay\AppData\Local\Pub\Cache\hosted\pub.dev\screen_brightness-2.1.7\
[   +1 ms] Found plugin screen_brightness_windows at C:\Users\aijay\AppData\Local\Pub\Cache\hosted\pub.dev\screen_brightness_windows-2.1.0\
[   +1 ms] Found plugin screen_brightness_ohos at C:\Users\aijay\AppData\Local\Pub\Cache\hosted\pub.dev\screen_brightness_ohos-2.1.2\
[        ] Found plugin screen_brightness_macos at C:\Users\aijay\AppData\Local\Pub\Cache\hosted\pub.dev\screen_brightness_macos-2.1.1\
[        ] Found plugin screen_brightness_ios at C:\Users\aijay\AppData\Local\Pub\Cache\hosted\pub.dev\screen_brightness_ios-2.1.2\
[        ] Found plugin screen_brightness_android at C:\Users\aijay\AppData\Local\Pub\Cache\hosted\pub.dev\screen_brightness_android-2.1.3\
[   +4 ms] Found plugin package_info_plus at C:\Users\aijay\AppData\Local\Pub\Cache\hosted\pub.dev\package_info_plus-9.0.0\
[   +1 ms] Found plugin mobile_scanner at C:\Users\aijay\AppData\Local\Pub\Cache\hosted\pub.dev\mobile_scanner-6.0.11\
[   +1 ms] Found plugin image_picker at C:\Users\aijay\AppData\Local\Pub\Cache\hosted\pub.dev\image_picker-1.2.1\
[   +1 ms] Found plugin image_picker_windows at C:\Users\aijay\AppData\Local\Pub\Cache\hosted\pub.dev\image_picker_windows-0.2.2\
[   +1 ms] Found plugin file_selector_windows at C:\Users\aijay\AppData\Local\Pub\Cache\hosted\pub.dev\file_selector_windows-0.9.3+5\
[   +1 ms] Found plugin image_picker_macos at C:\Users\aijay\AppData\Local\Pub\Cache\hosted\pub.dev\image_picker_macos-0.2.2+1\
[        ] Found plugin file_selector_macos at C:\Users\aijay\AppData\Local\Pub\Cache\hosted\pub.dev\file_selector_macos-0.9.5\
[        ] Found plugin image_picker_linux at C:\Users\aijay\AppData\Local\Pub\Cache\hosted\pub.dev\image_picker_linux-0.2.2\
[        ] Found plugin file_selector_linux at C:\Users\aijay\AppData\Local\Pub\Cache\hosted\pub.dev\file_selector_linux-0.9.4\
[        ] Found plugin image_picker_ios at C:\Users\aijay\AppData\Local\Pub\Cache\hosted\pub.dev\image_picker_ios-0.8.13+6\
[   +1 ms] Found plugin image_picker_for_web at C:\Users\aijay\AppData\Local\Pub\Cache\hosted\pub.dev\image_picker_for_web-3.1.1\
[        ] Found plugin image_picker_android at C:\Users\aijay\AppData\Local\Pub\Cache\hosted\pub.dev\image_picker_android-0.8.13+13\
[        ] Found plugin flutter_plugin_android_lifecycle at C:\Users\aijay\AppData\Local\Pub\Cache\hosted\pub.dev\flutter_plugin_android_lifecycle-2.0.33\
[   +2 ms] Found plugin google_sign_in at C:\Users\aijay\AppData\Local\Pub\Cache\hosted\pub.dev\google_sign_in-6.3.0\
[        ] Found plugin google_sign_in_web at C:\Users\aijay\AppData\Local\Pub\Cache\hosted\pub.dev\google_sign_in_web-0.12.4+4\
[   +2 ms] Found plugin google_sign_in_ios at C:\Users\aijay\AppData\Local\Pub\Cache\hosted\pub.dev\google_sign_in_ios-5.9.0\
[   +1 ms] Found plugin google_sign_in_android at C:\Users\aijay\AppData\Local\Pub\Cache\hosted\pub.dev\google_sign_in_android-6.2.1\
[   +2 ms] Found plugin geolocator at C:\Users\aijay\AppData\Local\Pub\Cache\hosted\pub.dev\geolocator-14.0.2\
[        ] Found plugin geolocator_windows at C:\Users\aijay\AppData\Local\Pub\Cache\hosted\pub.dev\geolocator_windows-0.2.5\
[   +1 ms] Found plugin geolocator_web at C:\Users\aijay\AppData\Local\Pub\Cache\hosted\pub.dev\geolocator_web-4.1.3\
[        ] Found plugin geolocator_linux at C:\Users\aijay\AppData\Local\Pub\Cache\hosted\pub.dev\geolocator_linux-0.2.4\
[   +3 ms] Found plugin geolocator_apple at C:\Users\aijay\AppData\Local\Pub\Cache\hosted\pub.dev\geolocator_apple-2.3.13\
[        ] Found plugin geolocator_android at C:\Users\aijay\AppData\Local\Pub\Cache\hosted\pub.dev\geolocator_android-5.0.2\
[        ] Found plugin geocoding at C:\Users\aijay\AppData\Local\Pub\Cache\hosted\pub.dev\geocoding-3.0.0\
[   +1 ms] Found plugin geocoding_ios at C:\Users\aijay\AppData\Local\Pub\Cache\hosted\pub.dev\geocoding_ios-3.1.0\
[        ] Found plugin geocoding_android at C:\Users\aijay\AppData\Local\Pub\Cache\hosted\pub.dev\geocoding_android-3.3.1\
[   +1 ms] Found plugin flutter_local_notifications at C:\Users\aijay\AppData\Local\Pub\Cache\hosted\pub.dev\flutter_local_notifications-18.0.1\
[   +1 ms] Found plugin flutter_local_notifications_linux at C:\Users\aijay\AppData\Local\Pub\Cache\hosted\pub.dev\flutter_local_notifications_linux-5.0.0\
[        ] Found plugin flutter_image_compress at C:\Users\aijay\AppData\Local\Pub\Cache\hosted\pub.dev\flutter_image_compress-2.4.0\
[        ] Found plugin flutter_image_compress_web at C:\Users\aijay\AppData\Local\Pub\Cache\hosted\pub.dev\flutter_image_compress_web-0.1.5\
[   +1 ms] Found plugin flutter_image_compress_ohos at C:\Users\aijay\AppData\Local\Pub\Cache\hosted\pub.dev\flutter_image_compress_ohos-0.0.3\
[        ] Found plugin flutter_image_compress_macos at C:\Users\aijay\AppData\Local\Pub\Cache\hosted\pub.dev\flutter_image_compress_macos-1.0.3\
[        ] Found plugin flutter_image_compress_common at C:\Users\aijay\AppData\Local\Pub\Cache\hosted\pub.dev\flutter_image_compress_common-1.0.6\
[   +1 ms] Found plugin firebase_messaging at C:\Users\aijay\AppData\Local\Pub\Cache\hosted\pub.dev\firebase_messaging-15.2.10\
[        ] Found plugin firebase_messaging_web at C:\Users\aijay\AppData\Local\Pub\Cache\hosted\pub.dev\firebase_messaging_web-3.10.10\
[   +1 ms] Found plugin firebase_core at C:\Users\aijay\AppData\Local\Pub\Cache\hosted\pub.dev\firebase_core-3.15.2\
[        ] Found plugin firebase_core_web at C:\Users\aijay\AppData\Local\Pub\Cache\hosted\pub.dev\firebase_core_web-2.24.1\
[   +2 ms] Found plugin connectivity_plus at C:\Users\aijay\AppData\Local\Pub\Cache\hosted\pub.dev\connectivity_plus-6.1.5\
[   +4 ms] Found plugin sqflite at C:\Users\aijay\AppData\Local\Pub\Cache\hosted\pub.dev\sqflite-2.4.2\
[   +2 ms] Found plugin sqflite_darwin at C:\Users\aijay\AppData\Local\Pub\Cache\hosted\pub.dev\sqflite_darwin-2.4.2\
[        ] Found plugin sqflite_android at C:\Users\aijay\AppData\Local\Pub\Cache\hosted\pub.dev\sqflite_android-2.4.2+2\
[   +2 ms] Found plugin app_links at C:\Users\aijay\AppData\Local\Pub\Cache\hosted\pub.dev\app_links-6.4.1\
[        ] Found plugin app_links_web at C:\Users\aijay\AppData\Local\Pub\Cache\hosted\pub.dev\app_links_web-1.0.4\
[   +1 ms] Found plugin app_links_linux at C:\Users\aijay\AppData\Local\Pub\Cache\hosted\pub.dev\app_links_linux-1.0.3\
[        ] Found plugin gtk at C:\Users\aijay\AppData\Local\Pub\Cache\hosted\pub.dev\gtk-2.1.0\
[  +35 ms] Generating C:\Users\aijay\Desktop\JayGanga Books\android\app\src\main\java\io\flutter\plugins\GeneratedPluginRegistrant.java
[   +2 ms] Skipping generating GeneratedPluginRegistrant.java because it is up-to-date.
[   +3 ms] Skipping generating generated_plugin_registrant.h because it is up-to-date.
[   +1 ms] Skipping generating generated_plugin_registrant.cc because it is up-to-date.
[   +1 ms] Skipping generating generated_plugins.cmake because it is up-to-date.
[   +2 ms] Skipping generating generated_plugin_registrant.h because it is up-to-date.
[   +1 ms] Skipping generating generated_plugin_registrant.cc because it is up-to-date.
[   +1 ms] Skipping generating generated_plugins.cmake because it is up-to-date.
[   +2 ms] Skipping generating GeneratedPluginRegistrant.h because it is up-to-date.
[   +1 ms] Skipping generating GeneratedPluginRegistrant.m because it is up-to-date.
[   +1 ms] Skipping generating GeneratedPluginRegistrant.swift because it is up-to-date.
[ +131 ms] executing: C:\Program Files\Android\Android Studio\jbr\bin\java -version
[ +112 ms] Exit code 0 from: C:\Program Files\Android\Android Studio\jbr\bin\java -version
[        ] openjdk version "21.0.6" 2025-01-21
           OpenJDK Runtime Environment (build 21.0.6+-13368085-b895.109)
           OpenJDK 64-Bit Server VM (build 21.0.6+-13368085-b895.109, mixed mode)
[   +7 ms] Top-level Gradle build file not found, skipping migration of task "clean".
[   +1 ms] executing: C:\Program Files\Android\Android Studio\jbr\bin\java --version
[  +99 ms] Exit code 0 from: C:\Program Files\Android\Android Studio\jbr\bin\java --version
[        ] openjdk 21.0.6 2025-01-21
           OpenJDK Runtime Environment (build 21.0.6+-13368085-b895.109)
           OpenJDK 64-Bit Server VM (build 21.0.6+-13368085-b895.109, mixed mode)
[   +2 ms] Version of Java is different than impacted version, no migration attempted.
[  +11 ms] CMake project not found, skipping support Android 15 16k page size migration.
[   +3 ms] Using gradle from C:\Users\aijay\Desktop\JayGanga Books\android\gradlew.bat.
[   +9 ms] LocalFile: 'C:\Users\aijay\Desktop\JayGanga Books\android\build.gradle.kts' doesn't provide an AGP version. Checking settings.
[   +1 ms] LocalFile: 'C:\Users\aijay\Desktop\JayGanga Books\android\settings.gradle.kts' provides AGP version: 8.11.1
[  +16 ms] Running Gradle task 'assembleDebug'...
[   +1 ms] executing: [C:\Users\aijay\Desktop\JayGanga Books\android/] C:\Users\aijay\Desktop\JayGanga Books\android\gradlew.bat --full-stacktrace --info -Pverbose=true -Ptarget-platform=android-arm,android-arm64,android-x64 -Ptarget=lib\main.dart -Pbase-application-name=android.app.Application -Pdart-defines=RkxVVFRFUl9WRVJTSU9OPTMuMzguNw==,RkxVVFRFUl9DSEFOTkVMPXN0YWJsZQ==,RkxVVFRFUl9HSVRfVVJMPWh0dHBzOi8vZ2l0aHViLmNvbS9mbHV0dGVyL2ZsdXR0ZXIuZ2l0,RkxVVFRFUl9GUkFNRVdPUktfUkVWSVNJT049M2I2MmVmYzJhMw==,RkxVVFRFUl9FTkdJTkVfUkVWSVNJT049NzhmYzMwMTJlNA==,RkxVVFRFUl9EQVJUX1ZFUlNJT049My4xMC43 -Pdart-obfuscation=false -Ptrack-widget-creation=true -Ptree-shake-icons=false assembleDebug
[ +850 ms] Initialized native services in: C:\Users\aijay\.gradle\native
[   +1 ms] Initialized jansi services in: C:\Users\aijay\.gradle\native
[ +418 ms] The client will now receive all logging from the daemon (pid: 3868). The daemon log file: C:\Users\aijay\.gradle\daemon\8.14\daemon-3868.out.log
[        ] Starting 6th build in daemon [uptime: 32 mins 14.961 secs, performance: 99%, GC rate: 0.00/s, heap usage: 0% of 8 GiB, non-heap usage: 5% of 4 GiB]
[        ] Using 12 worker leases.
[        ] Now considering [C:\Users\aijay\Desktop\JayGanga Books\android, C:\flutter\packages\flutter_tools\gradle] as hierarchies to watch
[        ] Watching the file system is configured to be enabled if available
[        ] File system watching is active
[        ] Starting Build
[ +110 ms] Now considering [C:\flutter\packages\flutter_tools\gradle, C:\Users\aijay\Desktop\JayGanga Books\android] as hierarchies to watch
[  +95 ms] > Configure project :gradle
[        ] Evaluating project ':gradle' using build file 'C:\flutter\packages\flutter_tools\gradle\build.gradle.kts'.
[        ] Resolved plugin [id: 'org.gradle.java-gradle-plugin']
[        ] Resolved plugin [id: 'org.gradle.groovy']
[        ] Resolved plugin [id: 'org.gradle.kotlin.kotlin-dsl', version: '5.2.0']
[        ] Resolved plugin [id: 'org.jetbrains.kotlin.jvm', version: '1.9.20']
[        ] Using Kotlin Gradle Plugin gradle85 variant
[        ] kotlin scripting plugin: created the scripting discovery configuration: kotlinScriptDef
[        ] kotlin scripting plugin: created the scripting discovery configuration: testKotlinScriptDef
[        ] file or directory 'C:\flutter\packages\flutter_tools\gradle\src\main\java', not found
[        ] Resolved plugin [id: 'dev.flutter.flutter-plugin-loader', version: '1.0.0']
[        ] Resolved plugin [id: 'com.android.application', version: '8.11.1', apply: false]
[        ] Resolved plugin [id: 'org.jetbrains.kotlin.android', version: '2.2.20', apply: false]
[        ] Resolved plugin [id: 'com.google.gms.google-services', version: '4.4.2', apply: false]
[        ] Resolve mutations for :gradle:checkKotlinGradlePluginConfigurationErrors (Thread[#904,Execution worker,5,main]) started.
[        ] :gradle:checkKotlinGradlePluginConfigurationErrors (Thread[#904,Execution worker,5,main]) started.
[        ] > Task :gradle:checkKotlinGradlePluginConfigurationErrors SKIPPED
[        ] Skipping task ':gradle:checkKotlinGradlePluginConfigurationErrors' as task onlyIf 'errorDiagnostics are present' is false.
[        ] Resolve mutations for :gradle:compileKotlin (Thread[#904,Execution worker,5,main]) started.
[        ] :gradle:compileKotlin (Thread[#904,Execution worker,5,main]) started.
[        ] > Task :gradle:compileKotlin UP-TO-DATE
[        ] Caching disabled for task ':gradle:compileKotlin' because:
[        ]   Build cache is disabled
[        ] Skipping task ':gradle:compileKotlin' as it is up-to-date.
[        ] Resolve mutations for :gradle:compileJava (Thread[#904,Execution worker,5,main]) started.
[        ] :gradle:compileJava (Thread[#904,Execution worker,5,main]) started.
[        ] > Task :gradle:compileJava NO-SOURCE
[        ] Skipping task ':gradle:compileJava' as it has no source files and no previous output files.
[        ] Resolve mutations for :gradle:compileGroovy (Thread[#904,Execution worker,5,main]) started.
[        ] :gradle:compileGroovy (Thread[#904,Execution worker,5,main]) started.
[ +102 ms] > Task :gradle:compileGroovy NO-SOURCE
[        ] Skipping task ':gradle:compileGroovy' as it has no source files and no previous output files.
[        ] Resolve mutations for :gradle:pluginDescriptors (Thread[#904,Execution worker,5,main]) started.
[        ] :gradle:pluginDescriptors (Thread[#904,Execution worker,5,main]) started.
[        ] > Task :gradle:pluginDescriptors UP-TO-DATE
[        ] Caching disabled for task ':gradle:pluginDescriptors' because:
[        ]   Build cache is disabled
[        ]   Not worth caching
[        ] Skipping task ':gradle:pluginDescriptors' as it is up-to-date.
[        ] Resolve mutations for :gradle:processResources (Thread[#904,Execution worker,5,main]) started.
[        ] :gradle:processResources (Thread[#904,Execution worker,5,main]) started.
[        ] > Task :gradle:processResources UP-TO-DATE
[        ] Caching disabled for task ':gradle:processResources' because:
[        ]   Build cache is disabled
[        ]   Not worth caching
[        ] Skipping task ':gradle:processResources' as it is up-to-date.
[        ] Resolve mutations for :gradle:classes (Thread[#904,Execution worker,5,main]) started.
[        ] :gradle:classes (Thread[#904,Execution worker,5,main]) started.
[        ] > Task :gradle:classes UP-TO-DATE
[        ] Skipping task ':gradle:classes' as it has no actions.
[        ] Resolve mutations for :gradle:jar (Thread[#904,Execution worker,5,main]) started.
[        ] :gradle:jar (Thread[#904,Execution worker,5,main]) started.
[        ] > Task :gradle:jar UP-TO-DATE
[        ] Caching disabled for task ':gradle:jar' because:
[        ]   Build cache is disabled
[        ]   Not worth caching
[        ] Skipping task ':gradle:jar' as it is up-to-date.
[  +91 ms] Settings evaluated using settings file 'C:\Users\aijay\Desktop\JayGanga Books\android\settings.gradle.kts'.
[        ] Projects loaded. Root project using build file 'C:\Users\aijay\Desktop\JayGanga Books\android\build.gradle.kts'.
[        ] Included projects: [root project 'android', project ':app', project ':app_links', project ':connectivity_plus', project ':firebase_core', project ':firebase_messaging', project ':flutter_image_compress_common', project ':flutter_local_notifications', project ':flutter_plugin_android_lifecycle', project ':geocoding_android', project ':geolocator_android', project ':google_sign_in_android', project ':image_picker_android', project ':mobile_scanner', project ':package_info_plus', project ':path_provider_android', project ':screen_brightness_android', project ':share_plus', project ':shared_preferences_android', project ':speech_to_text', project ':sqflite_android', project ':url_launcher_android']
[ +202 ms] > Configure project :app
[        ] Evaluating project ':app' using build file 'C:\Users\aijay\Desktop\JayGanga Books\android\app\build.gradle.kts'.
[        ] Resolved plugin [id: 'com.android.application']
[        ] Resolved plugin [id: 'org.jetbrains.kotlin.android']
[        ] Resolved plugin [id: 'dev.flutter.flutter-gradle-plugin']
[        ] Resolved plugin [id: 'com.google.gms.google-services']
[        ] Using default execution profile
[        ] Build 5929c4f6-4ff6-4659-874e-3889868bb9c8 is started
[        ] Using Kotlin Gradle Plugin gradle813 variant
[        ] C/C++: android.ndkVersion from module build.gradle is [28.2.13676358]
[        ] C/C++: android.ndkPath from module build.gradle is not set
[        ] C/C++: ndk.dir in local.properties is not set
[        ] C/C++: Not considering ANDROID_NDK_HOME because support was removed after deprecation period.
[        ] C/C++: sdkFolder is C:\Users\aijay\AppData\Local\Android\sdk
[        ] C/C++: android.ndkVersion from module build.gradle is [28.2.13676358]
[        ] C/C++: android.ndkPath from module build.gradle is not set
[        ] C/C++: ndk.dir in local.properties is not set
[        ] C/C++: Not considering ANDROID_NDK_HOME because support was removed after deprecation period.
[        ] C/C++: sdkFolder is C:\Users\aijay\AppData\Local\Android\sdk
[        ] C/C++: android.ndkVersion from module build.gradle is [28.2.13676358]
[        ] C/C++: android.ndkPath from module build.gradle is not set
[        ] C/C++: ndk.dir in local.properties is not set
[        ] C/C++: Not considering ANDROID_NDK_HOME because support was removed after deprecation period.
[        ] C/C++: sdkFolder is C:\Users\aijay\AppData\Local\Android\sdk
[        ] C/C++: android.ndkVersion from module build.gradle is [28.2.13676358]
[        ] C/C++: android.ndkPath from module build.gradle is not set
[        ] C/C++: ndk.dir in local.properties is not set
[        ] C/C++: Not considering ANDROID_NDK_HOME because support was removed after deprecation period.
[        ] C/C++: sdkFolder is C:\Users\aijay\AppData\Local\Android\sdk
[        ] C/C++: android.ndkVersion from module build.gradle is [28.2.13676358]
[        ] C/C++: android.ndkPath from module build.gradle is not set
[        ] C/C++: ndk.dir in local.properties is not set
[        ] C/C++: Not considering ANDROID_NDK_HOME because support was removed after deprecation period.
[        ] C/C++: sdkFolder is C:\Users\aijay\AppData\Local\Android\sdk
[        ] C/C++: android.ndkVersion from module build.gradle is [28.2.13676358]
[        ] C/C++: android.ndkPath from module build.gradle is not set
[        ] C/C++: ndk.dir in local.properties is not set
[        ] C/C++: Not considering ANDROID_NDK_HOME because support was removed after deprecation period.
[        ] C/C++: sdkFolder is C:\Users\aijay\AppData\Local\Android\sdk
[        ] C/C++: android.ndkVersion from module build.gradle is [28.2.13676358]
[        ] C/C++: android.ndkPath from module build.gradle is not set
[        ] C/C++: ndk.dir in local.properties is not set
[        ] C/C++: Not considering ANDROID_NDK_HOME because support was removed after deprecation period.
[        ] C/C++: sdkFolder is C:\Users\aijay\AppData\Local\Android\sdk
[        ] C/C++: android.ndkVersion from module build.gradle is [28.2.13676358]
[        ] C/C++: android.ndkPath from module build.gradle is not set
[        ] C/C++: ndk.dir in local.properties is not set
[        ] C/C++: Not considering ANDROID_NDK_HOME because support was removed after deprecation period.
[        ] C/C++: sdkFolder is C:\Users\aijay\AppData\Local\Android\sdk
[        ] C/C++: android.ndkVersion from module build.gradle is [28.2.13676358]
[        ] C/C++: android.ndkPath from module build.gradle is not set
[        ] C/C++: ndk.dir in local.properties is not set
[        ] C/C++: Not considering ANDROID_NDK_HOME because support was removed after deprecation period.
[        ] C/C++: sdkFolder is C:\Users\aijay\AppData\Local\Android\sdk
[        ] C/C++: android.ndkVersion from module build.gradle is [28.2.13676358]
[        ] C/C++: android.ndkPath from module build.gradle is not set
[        ] C/C++: ndk.dir in local.properties is not set
[        ] C/C++: Not considering ANDROID_NDK_HOME because support was removed after deprecation period.
[        ] C/C++: sdkFolder is C:\Users\aijay\AppData\Local\Android\sdk
[        ] C/C++: android.ndkVersion from module build.gradle is [28.2.13676358]
[        ] C/C++: android.ndkPath from module build.gradle is not set
[        ] C/C++: ndk.dir in local.properties is not set
[        ] C/C++: Not considering ANDROID_NDK_HOME because support was removed after deprecation period.
[        ] C/C++: sdkFolder is C:\Users\aijay\AppData\Local\Android\sdk
[        ] C/C++: android.ndkVersion from module build.gradle is [28.2.13676358]
[        ] C/C++: android.ndkPath from module build.gradle is not set
[        ] C/C++: ndk.dir in local.properties is not set
[        ] C/C++: Not considering ANDROID_NDK_HOME because support was removed after deprecation period.
[        ] C/C++: sdkFolder is C:\Users\aijay\AppData\Local\Android\sdk
[        ] C/C++: android.ndkVersion from module build.gradle is [28.2.13676358]
[        ] C/C++: android.ndkPath from module build.gradle is not set
[        ] C/C++: ndk.dir in local.properties is not set
[        ] C/C++: Not considering ANDROID_NDK_HOME because support was removed after deprecation period.
[        ] C/C++: sdkFolder is C:\Users\aijay\AppData\Local\Android\sdk
[        ] C/C++: android.ndkVersion from module build.gradle is [28.2.13676358]
[        ] C/C++: android.ndkPath from module build.gradle is not set
[        ] C/C++: ndk.dir in local.properties is not set
[        ] C/C++: Not considering ANDROID_NDK_HOME because support was removed after deprecation period.
[        ] C/C++: sdkFolder is C:\Users\aijay\AppData\Local\Android\sdk
[        ] C/C++: android.ndkVersion from module build.gradle is [28.2.13676358]
[        ] C/C++: android.ndkPath from module build.gradle is not set
[        ] C/C++: ndk.dir in local.properties is not set
[        ] C/C++: Not considering ANDROID_NDK_HOME because support was removed after deprecation period.
[        ] C/C++: sdkFolder is C:\Users\aijay\AppData\Local\Android\sdk
[        ] C/C++: android.ndkVersion from module build.gradle is [28.2.13676358]
[        ] C/C++: android.ndkPath from module build.gradle is not set
[        ] C/C++: ndk.dir in local.properties is not set
[        ] C/C++: Not considering ANDROID_NDK_HOME because support was removed after deprecation period.
[        ] C/C++: sdkFolder is C:\Users\aijay\AppData\Local\Android\sdk
[        ] C/C++: android.ndkVersion from module build.gradle is [28.2.13676358]
[        ] C/C++: android.ndkPath from module build.gradle is not set
[        ] C/C++: ndk.dir in local.properties is not set
[        ] C/C++: Not considering ANDROID_NDK_HOME because support was removed after deprecation period.
[        ] C/C++: sdkFolder is C:\Users\aijay\AppData\Local\Android\sdk
[        ] C/C++: android.ndkVersion from module build.gradle is [28.2.13676358]
[        ] C/C++: android.ndkPath from module build.gradle is not set
[        ] C/C++: ndk.dir in local.properties is not set
[        ] C/C++: Not considering ANDROID_NDK_HOME because support was removed after deprecation period.
[        ] C/C++: sdkFolder is C:\Users\aijay\AppData\Local\Android\sdk
[        ] C/C++: android.ndkVersion from module build.gradle is [28.2.13676358]
[        ] C/C++: android.ndkPath from module build.gradle is not set
[        ] C/C++: ndk.dir in local.properties is not set
[        ] C/C++: Not considering ANDROID_NDK_HOME because support was removed after deprecation period.
[        ] C/C++: sdkFolder is C:\Users\aijay\AppData\Local\Android\sdk
[        ] > Configure project :
[        ] Evaluating root project 'android' using build file 'C:\Users\aijay\Desktop\JayGanga Books\android\build.gradle.kts'.
[  +77 ms] > Configure project :app_links
[        ] Evaluating project ':app_links' using build file 'C:\Users\aijay\AppData\Local\Pub\Cache\hosted\pub.dev\app_links-6.4.1\android\build.gradle'.
[        ] Using default execution profile
[        ] Warning: The plugin app_links requires Android SDK version 36 or higher.
[        ] For more information about build configuration, see https://flutter.dev/to/review-gradle-config.
[        ] > Configure project :connectivity_plus
[        ] Evaluating project ':connectivity_plus' using build file 'C:\Users\aijay\AppData\Local\Pub\Cache\hosted\pub.dev\connectivity_plus-6.1.5\android\build.gradle'.
[        ] Using default execution profile
[ +107 ms] > Configure project :firebase_core
[        ] Evaluating project ':firebase_core' using build file 'C:\Users\aijay\AppData\Local\Pub\Cache\hosted\pub.dev\firebase_core-3.15.2\android\build.gradle'.
[        ] Using default execution profile
[        ] > Configure project :firebase_messaging
[        ] Evaluating project ':firebase_messaging' using build file 'C:\Users\aijay\AppData\Local\Pub\Cache\hosted\pub.dev\firebase_messaging-15.2.10\android\build.gradle'.
[        ] Using default execution profile
[  +94 ms] > Configure project :flutter_image_compress_common
[        ] Evaluating project ':flutter_image_compress_common' using build file 'C:\Users\aijay\AppData\Local\Pub\Cache\hosted\pub.dev\flutter_image_compress_common-1.0.6\android\build.gradle'.
[        ] Using default execution profile
[        ] Using Kotlin Gradle Plugin gradle813 variant
[  +95 ms] > Configure project :flutter_local_notifications
[        ] Evaluating project ':flutter_local_notifications' using build file 'C:\Users\aijay\AppData\Local\Pub\Cache\hosted\pub.dev\flutter_local_notifications-18.0.1\android\build.gradle'.
[        ] Using default execution profile
[        ] > Configure project :flutter_plugin_android_lifecycle
[        ] Evaluating project ':flutter_plugin_android_lifecycle' using build file 'C:\Users\aijay\AppData\Local\Pub\Cache\hosted\pub.dev\flutter_plugin_android_lifecycle-2.0.33\android\build.gradle'.
[        ] Using default execution profile
[        ] Warning: The plugin flutter_plugin_android_lifecycle requires Android SDK version 36 or higher.
[        ] For more information about build configuration, see https://flutter.dev/to/review-gradle-config.
[ +105 ms] > Configure project :geocoding_android
[        ] Evaluating project ':geocoding_android' using build file 'C:\Users\aijay\AppData\Local\Pub\Cache\hosted\pub.dev\geocoding_android-3.3.1\android\build.gradle'.
[        ] Using default execution profile
[  +92 ms] > Configure project :geolocator_android
[        ] Evaluating project ':geolocator_android' using build file 'C:\Users\aijay\AppData\Local\Pub\Cache\hosted\pub.dev\geolocator_android-5.0.2\android\build.gradle'.
[        ] Using default execution profile
[        ] Warning: The plugin geolocator_android requires Android SDK version 36 or higher.
[        ] For more information about build configuration, see https://flutter.dev/to/review-gradle-config.
[ +107 ms] > Configure project :google_sign_in_android
[        ] Evaluating project ':google_sign_in_android' using build file 'C:\Users\aijay\AppData\Local\Pub\Cache\hosted\pub.dev\google_sign_in_android-6.2.1\android\build.gradle'.
[        ] Using default execution profile
[        ] Warning: The plugin google_sign_in_android requires Android SDK version 36 or higher.
[        ] For more information about build configuration, see https://flutter.dev/to/review-gradle-config.
[        ] > Configure project :image_picker_android
[        ] Evaluating project ':image_picker_android' using build file 'C:\Users\aijay\AppData\Local\Pub\Cache\hosted\pub.dev\image_picker_android-0.8.13+13\android\build.gradle'.
[        ] Using default execution profile
[        ] Warning: The plugin image_picker_android requires Android SDK version 36 or higher.
[        ] For more information about build configuration, see https://flutter.dev/to/review-gradle-config.
[  +92 ms] > Configure project :mobile_scanner
[        ] Evaluating project ':mobile_scanner' using build file 'C:\Users\aijay\AppData\Local\Pub\Cache\hosted\pub.dev\mobile_scanner-6.0.11\android\build.gradle'.
[        ] Using default execution profile
[        ] Using Kotlin Gradle Plugin gradle813 variant
[        ] Warning: The plugin mobile_scanner requires Android SDK version 36 or higher.
[        ] For more information about build configuration, see https://flutter.dev/to/review-gradle-config.
[  +93 ms] > Configure project :package_info_plus
[        ] Evaluating project ':package_info_plus' using build file 'C:\Users\aijay\AppData\Local\Pub\Cache\hosted\pub.dev\package_info_plus-9.0.0\android\build.gradle'.
[        ] Using default execution profile
[        ] Using Kotlin Gradle Plugin gradle813 variant
[        ] Warning: The plugin package_info_plus requires Android SDK version 36 or higher.
[        ] For more information about build configuration, see https://flutter.dev/to/review-gradle-config.
[        ] > Configure project :path_provider_android
[        ] Evaluating project ':path_provider_android' using build file 'C:\Users\aijay\AppData\Local\Pub\Cache\hosted\pub.dev\path_provider_android-2.2.22\android\build.gradle'.
[        ] Using default execution profile
[        ] Warning: The plugin path_provider_android requires Android SDK version 36 or higher.
[        ] For more information about build configuration, see https://flutter.dev/to/review-gradle-config.
[ +108 ms] > Configure project :screen_brightness_android
[        ] Evaluating project ':screen_brightness_android' using build file 'C:\Users\aijay\AppData\Local\Pub\Cache\hosted\pub.dev\screen_brightness_android-2.1.3\android\build.gradle'.
[        ] Using default execution profile
[        ] Using Kotlin Gradle Plugin gradle813 variant
[  +93 ms] > Configure project :share_plus
[        ] Evaluating project ':share_plus' using build file 'C:\Users\aijay\AppData\Local\Pub\Cache\hosted\pub.dev\share_plus-10.1.4\android\build.gradle'.
[        ] Using default execution profile
[        ] Using Kotlin Gradle Plugin gradle813 variant
[        ] > Configure project :shared_preferences_android
[        ] Evaluating project ':shared_preferences_android' using build file 'C:\Users\aijay\AppData\Local\Pub\Cache\hosted\pub.dev\shared_preferences_android-2.4.20\android\build.gradle'.
[        ] Using default execution profile
[        ] Using Kotlin Gradle Plugin gradle813 variant
[        ] Warning: The plugin shared_preferences_android requires Android SDK version 36 or higher.
[        ] For more information about build configuration, see https://flutter.dev/to/review-gradle-config.
[  +92 ms] > Configure project :speech_to_text
[        ] Evaluating project ':speech_to_text' using build file 'C:\Users\aijay\AppData\Local\Pub\Cache\hosted\pub.dev\speech_to_text-7.3.0\android\build.gradle'.
[        ] Using default execution profile
[        ] Using Kotlin Gradle Plugin gradle813 variant
[        ] Warning: The plugin speech_to_text requires Android SDK version 36 or higher.
[        ] For more information about build configuration, see https://flutter.dev/to/review-gradle-config.
[        ] > Configure project :sqflite_android
[        ] Evaluating project ':sqflite_android' using build file 'C:\Users\aijay\AppData\Local\Pub\Cache\hosted\pub.dev\sqflite_android-2.4.2+2\android\build.gradle'.
[        ] Using default execution profile
[        ] Warning: The plugin sqflite_android requires Android SDK version 36 or higher.
[        ] For more information about build configuration, see https://flutter.dev/to/review-gradle-config.
[ +105 ms] > Configure project :url_launcher_android
[        ] Evaluating project ':url_launcher_android' using build file 'C:\Users\aijay\AppData\Local\Pub\Cache\hosted\pub.dev\url_launcher_android-6.3.28\android\build.gradle'.
[        ] Using default execution profile
[        ] Warning: The plugin url_launcher_android requires Android SDK version 36 or higher.
[        ] For more information about build configuration, see https://flutter.dev/to/review-gradle-config.
[   +1 ms] Your project is configured to compile against Android SDK 35, but the following plugin(s) require to be compiled against a higher Android SDK version:
[   +2 ms] - app_links compiles against Android SDK 36
[        ] - flutter_plugin_android_lifecycle compiles against Android SDK 36
[        ] - geolocator_android compiles against Android SDK 36
[        ] - google_sign_in_android compiles against Android SDK 36
[        ] - image_picker_android compiles against Android SDK 36
[        ] - mobile_scanner compiles against Android SDK 36
[        ] - package_info_plus compiles against Android SDK 36
[        ] - path_provider_android compiles against Android SDK 36
[        ] - shared_preferences_android compiles against Android SDK 36
[        ] - speech_to_text compiles against Android SDK 36
[        ] - sqflite_android compiles against Android SDK 36
[        ] - url_launcher_android compiles against Android SDK 36
[        ] Fix this issue by compiling against the highest Android SDK version (they are backward compatible).
[        ] Add the following to C:\Users\aijay\Desktop\JayGanga Books\android\app\build.gradle.kts:
[        ]     android {
[        ]         compileSdk = 36
[        ]         ...
[        ]     }
[        ] All projects evaluated.
[        ] Task name matched 'assembleDebug'
[        ] Selected primary task 'assembleDebug' from project :
[        ] Adding -Xuse-inline-scopes-numbers Kotlin compiler flag for task :app:compileDebugKotlin
[ +606 ms] Tasks to be executed: [task ':app:DebugMinSdkCheck', task ':app:preBuild', task ':app:preDebugBuild', task ':app:mergeDebugNativeDebugMetadata', task ':app:checkKotlinGradlePluginConfigurationErrors', task ':app:compileFlutterBuildDebug', task ':app:packJniLibsflutterBuildDebug', task ':app_links:preBuild', task ':app_links:preDebugBuild', task ':app_links:writeDebugAarMetadata', task ':connectivity_plus:preBuild', task ':connectivity_plus:preDebugBuild', task ':connectivity_plus:writeDebugAarMetadata', task ':firebase_core:preBuild', task ':firebase_core:preDebugBuild', task ':firebase_core:writeDebugAarMetadata', task ':firebase_messaging:preBuild', task ':firebase_messaging:preDebugBuild', task ':firebase_messaging:writeDebugAarMetadata', task ':flutter_image_compress_common:preBuild', task ':flutter_image_compress_common:preDebugBuild', task ':flutter_image_compress_common:writeDebugAarMetadata', task ':flutter_local_notifications:preBuild', task ':flutter_local_notifications:preDebugBuild', task ':flutter_local_notifications:writeDebugAarMetadata', task ':flutter_plugin_android_lifecycle:preBuild', task ':flutter_plugin_android_lifecycle:preDebugBuild', task ':flutter_plugin_android_lifecycle:writeDebugAarMetadata', task ':geocoding_android:preBuild', task ':geocoding_android:preDebugBuild', task ':geocoding_android:writeDebugAarMetadata', task ':geolocator_android:preBuild', task ':geolocator_android:preDebugBuild', task ':geolocator_android:writeDebugAarMetadata', task ':google_sign_in_android:preBuild', task ':google_sign_in_android:preDebugBuild', task ':google_sign_in_android:writeDebugAarMetadata', task ':image_picker_android:preBuild', task ':image_picker_android:preDebugBuild', task ':image_picker_android:writeDebugAarMetadata', task ':mobile_scanner:preBuild', task ':mobile_scanner:preDebugBuild', task ':mobile_scanner:writeDebugAarMetadata', task ':package_info_plus:preBuild', task ':package_info_plus:preDebugBuild', task ':package_info_plus:writeDebugAarMetadata', task ':path_provider_android:preBuild', task ':path_provider_android:preDebugBuild', task ':path_provider_android:writeDebugAarMetadata', task ':screen_brightness_android:preBuild', task ':screen_brightness_android:preDebugBuild', task ':screen_brightness_android:writeDebugAarMetadata', task ':share_plus:preBuild', task ':share_plus:preDebugBuild', task ':share_plus:writeDebugAarMetadata', task ':shared_preferences_android:preBuild', task ':shared_preferences_android:preDebugBuild', task ':shared_preferences_android:writeDebugAarMetadata', task ':speech_to_text:preBuild', task ':speech_to_text:preDebugBuild', task ':speech_to_text:writeDebugAarMetadata', task ':sqflite_android:preBuild', task ':sqflite_android:preDebugBuild', task ':sqflite_android:writeDebugAarMetadata', task ':url_launcher_android:preBuild', task ':url_launcher_android:preDebugBuild', task ':url_launcher_android:writeDebugAarMetadata', task ':app:checkDebugAarMetadata', task ':app:cleanMergeDebugAssets', task ':app:mergeDebugShaders', task ':app:compileDebugShaders', task ':app:generateDebugAssets', task ':app_links:mergeDebugShaders', task ':app_links:compileDebugShaders', task ':app_links:generateDebugAssets', task ':app_links:mergeDebugAssets', task ':connectivity_plus:mergeDebugShaders', task ':connectivity_plus:compileDebugShaders', task ':connectivity_plus:generateDebugAssets', task ':connectivity_plus:mergeDebugAssets', task ':firebase_core:mergeDebugShaders', task ':firebase_core:compileDebugShaders', task ':firebase_core:generateDebugAssets', task ':firebase_core:mergeDebugAssets', task ':firebase_messaging:mergeDebugShaders', task ':firebase_messaging:compileDebugShaders', task ':firebase_messaging:generateDebugAssets', task ':firebase_messaging:mergeDebugAssets', task ':flutter_image_compress_common:mergeDebugShaders', task ':flutter_image_compress_common:compileDebugShaders', task ':flutter_image_compress_common:generateDebugAssets', task ':flutter_image_compress_common:mergeDebugAssets', task ':flutter_local_notifications:mergeDebugShaders', task ':flutter_local_notifications:compileDebugShaders', task ':flutter_local_notifications:generateDebugAssets', task ':flutter_local_notifications:mergeDebugAssets', task ':flutter_plugin_android_lifecycle:mergeDebugShaders', task ':flutter_plugin_android_lifecycle:compileDebugShaders', task ':flutter_plugin_android_lifecycle:generateDebugAssets', task ':flutter_plugin_android_lifecycle:mergeDebugAssets', task ':geocoding_android:mergeDebugShaders', task ':geocoding_android:compileDebugShaders', task ':geocoding_android:generateDebugAssets', task ':geocoding_android:mergeDebugAssets', task ':geolocator_android:mergeDebugShaders', task ':geolocator_android:compileDebugShaders', task ':geolocator_android:generateDebugAssets', task ':geolocator_android:mergeDebugAssets', task ':google_sign_in_android:mergeDebugShaders', task ':google_sign_in_android:compileDebugShaders', task ':google_sign_in_android:generateDebugAssets', task ':google_sign_in_android:mergeDebugAssets', task ':image_picker_android:mergeDebugShaders', task ':image_picker_android:compileDebugShaders', task ':image_picker_android:generateDebugAssets', task ':image_picker_android:mergeDebugAssets', task ':mobile_scanner:mergeDebugShaders', task ':mobile_scanner:compileDebugShaders', task ':mobile_scanner:generateDebugAssets', task ':mobile_scanner:mergeDebugAssets', task ':package_info_plus:mergeDebugShaders', task ':package_info_plus:compileDebugShaders', task ':package_info_plus:generateDebugAssets', task ':package_info_plus:mergeDebugAssets', task ':path_provider_android:mergeDebugShaders', task ':path_provider_android:compileDebugShaders', task ':path_provider_android:generateDebugAssets', task ':path_provider_android:mergeDebugAssets', task ':screen_brightness_android:mergeDebugShaders', task ':screen_brightness_android:compileDebugShaders', task ':screen_brightness_android:generateDebugAssets', task ':screen_brightness_android:mergeDebugAssets', task ':share_plus:mergeDebugShaders', task ':share_plus:compileDebugShaders', task ':share_plus:generateDebugAssets', task ':share_plus:mergeDebugAssets', task ':shared_preferences_android:mergeDebugShaders', task ':shared_preferences_android:compileDebugShaders', task ':shared_preferences_android:generateDebugAssets', task ':shared_preferences_android:mergeDebugAssets', task ':speech_to_text:mergeDebugShaders', task ':speech_to_text:compileDebugShaders', task ':speech_to_text:generateDebugAssets', task ':speech_to_text:mergeDebugAssets', task ':sqflite_android:mergeDebugShaders', task ':sqflite_android:compileDebugShaders', task ':sqflite_android:generateDebugAssets', task ':sqflite_android:mergeDebugAssets', task ':url_launcher_android:mergeDebugShaders', task ':url_launcher_android:compileDebugShaders', task ':url_launcher_android:generateDebugAssets', task ':url_launcher_android:mergeDebugAssets', task ':app:mergeDebugAssets', task ':app:copyFlutterAssetsDebug', task ':app:generateDebugResValues', task ':app:processDebugGoogleServices', task ':app_links:generateDebugResValues', task ':app_links:generateDebugResources', task ':app_links:packageDebugResources', task ':connectivity_plus:generateDebugResValues', task ':connectivity_plus:generateDebugResources', task ':connectivity_plus:packageDebugResources', task ':firebase_core:generateDebugResValues', task ':firebase_core:generateDebugResources', task ':firebase_core:packageDebugResources', task ':firebase_messaging:generateDebugResValues', task ':firebase_messaging:generateDebugResources', task ':firebase_messaging:packageDebugResources', task ':flutter_image_compress_common:generateDebugResValues', task ':flutter_image_compress_common:generateDebugResources', task ':flutter_image_compress_common:packageDebugResources', task ':flutter_local_notifications:generateDebugResValues', task ':flutter_local_notifications:generateDebugResources', task ':flutter_local_notifications:packageDebugResources', task ':flutter_plugin_android_lifecycle:generateDebugResValues', task ':flutter_plugin_android_lifecycle:generateDebugResources', task ':flutter_plugin_android_lifecycle:packageDebugResources', task ':geocoding_android:generateDebugResValues', task ':geocoding_android:generateDebugResources', task ':geocoding_android:packageDebugResources', task ':geolocator_android:generateDebugResValues', task ':geolocator_android:generateDebugResources', task ':geolocator_android:packageDebugResources', task ':google_sign_in_android:generateDebugResValues', task ':google_sign_in_android:generateDebugResources', task ':google_sign_in_android:packageDebugResources', task ':image_picker_android:generateDebugResValues', task ':image_picker_android:generateDebugResources', task ':image_picker_android:packageDebugResources', task ':mobile_scanner:generateDebugResValues', task ':mobile_scanner:generateDebugResources', task ':mobile_scanner:packageDebugResources', task ':package_info_plus:generateDebugResValues', task ':package_info_plus:generateDebugResources', task ':package_info_plus:packageDebugResources', task ':path_provider_android:generateDebugResValues', task ':path_provider_android:generateDebugResources', task ':path_provider_android:packageDebugResources', task ':screen_brightness_android:generateDebugResValues', task ':screen_brightness_android:generateDebugResources', task ':screen_brightness_android:packageDebugResources', task ':share_plus:generateDebugResValues', task ':share_plus:generateDebugResources', task ':share_plus:packageDebugResources', task ':shared_preferences_android:generateDebugResValues', task ':shared_preferences_android:generateDebugResources', task ':shared_preferences_android:packageDebugResources', task ':speech_to_text:generateDebugResValues', task ':speech_to_text:generateDebugResources', task ':speech_to_text:packageDebugResources', task ':sqflite_android:generateDebugResValues', task ':sqflite_android:generateDebugResources', task ':sqflite_android:packageDebugResources', task ':url_launcher_android:generateDebugResValues', task ':url_launcher_android:generateDebugResources', task ':url_launcher_android:packageDebugResources', task ':app:mapDebugSourceSetPaths', task ':app:generateDebugResources', task ':app:mergeDebugResources', task ':app:packageDebugResources', task ':app:parseDebugLocalResources', task ':app:createDebugCompatibleScreenManifests', task ':app:extractDeepLinksDebug', task ':app_links:extractDeepLinksDebug', task ':app_links:processDebugManifest', task ':connectivity_plus:extractDeepLinksDebug', task ':connectivity_plus:processDebugManifest', task ':firebase_core:extractDeepLinksDebug', task ':firebase_core:processDebugManifest', task ':firebase_messaging:extractDeepLinksDebug', task ':firebase_messaging:processDebugManifest', task ':flutter_image_compress_common:extractDeepLinksDebug', task ':flutter_image_compress_common:processDebugManifest', task ':flutter_local_notifications:extractDeepLinksDebug', task ':flutter_local_notifications:processDebugManifest', task ':flutter_plugin_android_lifecycle:extractDeepLinksDebug', task ':flutter_plugin_android_lifecycle:processDebugManifest', task ':geocoding_android:extractDeepLinksDebug', task ':geocoding_android:processDebugManifest', task ':geolocator_android:extractDeepLinksDebug', task ':geolocator_android:processDebugManifest', task ':google_sign_in_android:extractDeepLinksDebug', task ':google_sign_in_android:processDebugManifest', task ':image_picker_android:extractDeepLinksDebug', task ':image_picker_android:processDebugManifest', task ':mobile_scanner:extractDeepLinksDebug', task ':mobile_scanner:processDebugManifest', task ':package_info_plus:extractDeepLinksDebug', task ':package_info_plus:processDebugManifest', task ':path_provider_android:extractDeepLinksDebug', task ':path_provider_android:processDebugManifest', task ':screen_brightness_android:extractDeepLinksDebug', task ':screen_brightness_android:processDebugManifest', task ':share_plus:extractDeepLinksDebug', task ':share_plus:processDebugManifest', task ':shared_preferences_android:extractDeepLinksDebug', task ':shared_preferences_android:processDebugManifest', task ':speech_to_text:extractDeepLinksDebug', task ':speech_to_text:processDebugManifest', task ':sqflite_android:extractDeepLinksDebug', task ':sqflite_android:processDebugManifest', task ':url_launcher_android:extractDeepLinksDebug', task ':url_launcher_android:processDebugManifest', task ':app:processDebugMainManifest', task ':app:outputDebugAppLinkSettings', task ':app:processDebugManifest', task ':app:processDebugManifestForPackage', task ':app_links:compileDebugLibraryResources', task ':app_links:parseDebugLocalResources', task ':app_links:generateDebugRFile', task ':connectivity_plus:compileDebugLibraryResources', task ':connectivity_plus:parseDebugLocalResources', task ':connectivity_plus:generateDebugRFile', task ':firebase_core:compileDebugLibraryResources', task ':firebase_core:parseDebugLocalResources', task ':firebase_core:generateDebugRFile', task ':firebase_messaging:compileDebugLibraryResources', task ':firebase_messaging:parseDebugLocalResources', task ':firebase_messaging:generateDebugRFile', task ':flutter_image_compress_common:compileDebugLibraryResources', task ':flutter_image_compress_common:parseDebugLocalResources', task ':flutter_image_compress_common:generateDebugRFile', task ':flutter_local_notifications:compileDebugLibraryResources', task ':flutter_local_notifications:parseDebugLocalResources', task ':flutter_local_notifications:generateDebugRFile', task ':flutter_plugin_android_lifecycle:compileDebugLibraryResources', task ':flutter_plugin_android_lifecycle:parseDebugLocalResources', task ':flutter_plugin_android_lifecycle:generateDebugRFile', task ':geocoding_android:compileDebugLibraryResources', task ':geocoding_android:parseDebugLocalResources', task ':geocoding_android:generateDebugRFile', task ':geolocator_android:compileDebugLibraryResources', task ':geolocator_android:parseDebugLocalResources', task ':geolocator_android:generateDebugRFile', task ':google_sign_in_android:compileDebugLibraryResources', task ':google_sign_in_android:parseDebugLocalResources', task ':google_sign_in_android:generateDebugRFile', task ':image_picker_android:compileDebugLibraryResources', task ':image_picker_android:parseDebugLocalResources', task ':image_picker_android:generateDebugRFile', task ':mobile_scanner:compileDebugLibraryResources', task ':mobile_scanner:parseDebugLocalResources', task ':mobile_scanner:generateDebugRFile', task ':package_info_plus:compileDebugLibraryResources', task ':package_info_plus:parseDebugLocalResources', task ':package_info_plus:generateDebugRFile', task ':path_provider_android:compileDebugLibraryResources', task ':path_provider_android:parseDebugLocalResources', task ':path_provider_android:generateDebugRFile', task ':screen_brightness_android:compileDebugLibraryResources', task ':screen_brightness_android:parseDebugLocalResources', task ':screen_brightness_android:generateDebugRFile', task ':share_plus:compileDebugLibraryResources', task ':share_plus:parseDebugLocalResources', task ':share_plus:generateDebugRFile', task ':shared_preferences_android:compileDebugLibraryResources', task ':shared_preferences_android:parseDebugLocalResources', task ':shared_preferences_android:generateDebugRFile', task ':speech_to_text:compileDebugLibraryResources', task ':speech_to_text:parseDebugLocalResources', task ':speech_to_text:generateDebugRFile', task ':sqflite_android:compileDebugLibraryResources', task ':sqflite_android:parseDebugLocalResources', task ':sqflite_android:generateDebugRFile', task ':url_launcher_android:compileDebugLibraryResources', task ':url_launcher_android:parseDebugLocalResources', task ':url_launcher_android:generateDebugRFile', task ':app:processDebugResources', task ':app_links:javaPreCompileDebug', task ':app_links:compileDebugJavaWithJavac', task ':app_links:bundleLibCompileToJarDebug', task ':connectivity_plus:javaPreCompileDebug', task ':connectivity_plus:compileDebugJavaWithJavac', task ':connectivity_plus:bundleLibCompileToJarDebug', task ':firebase_core:generateDebugBuildConfig', task ':firebase_core:javaPreCompileDebug', task ':firebase_core:compileDebugJavaWithJavac', task ':firebase_core:bundleLibCompileToJarDebug', task ':firebase_messaging:generateDebugBuildConfig', task ':firebase_messaging:javaPreCompileDebug', task ':firebase_messaging:compileDebugJavaWithJavac', task ':firebase_messaging:bundleLibCompileToJarDebug', task ':flutter_image_compress_common:checkKotlinGradlePluginConfigurationErrors', task ':flutter_image_compress_common:compileDebugKotlin', task ':flutter_image_compress_common:javaPreCompileDebug', task ':flutter_image_compress_common:compileDebugJavaWithJavac', task ':flutter_image_compress_common:bundleLibCompileToJarDebug', task ':flutter_local_notifications:javaPreCompileDebug', task ':flutter_local_notifications:compileDebugJavaWithJavac', task ':flutter_local_notifications:bundleLibCompileToJarDebug', task ':flutter_plugin_android_lifecycle:javaPreCompileDebug', task ':flutter_plugin_android_lifecycle:compileDebugJavaWithJavac', task ':flutter_plugin_android_lifecycle:bundleLibCompileToJarDebug', task ':geocoding_android:javaPreCompileDebug', task ':geocoding_android:compileDebugJavaWithJavac', task ':geocoding_android:bundleLibCompileToJarDebug', task ':geolocator_android:javaPreCompileDebug', task ':geolocator_android:compileDebugJavaWithJavac', task ':geolocator_android:bundleLibCompileToJarDebug', task ':google_sign_in_android:javaPreCompileDebug', task ':google_sign_in_android:compileDebugJavaWithJavac', task ':google_sign_in_android:bundleLibCompileToJarDebug', task ':image_picker_android:javaPreCompileDebug', task ':image_picker_android:compileDebugJavaWithJavac', task ':image_picker_android:bundleLibCompileToJarDebug', task ':mobile_scanner:checkKotlinGradlePluginConfigurationErrors', task ':mobile_scanner:compileDebugKotlin', task ':mobile_scanner:javaPreCompileDebug', task ':mobile_scanner:compileDebugJavaWithJavac', task ':mobile_scanner:bundleLibCompileToJarDebug', task ':package_info_plus:checkKotlinGradlePluginConfigurationErrors', task ':package_info_plus:compileDebugKotlin', task ':package_info_plus:javaPreCompileDebug', task ':package_info_plus:compileDebugJavaWithJavac', task ':package_info_plus:bundleLibCompileToJarDebug', task ':path_provider_android:javaPreCompileDebug', task ':path_provider_android:compileDebugJavaWithJavac', task ':path_provider_android:bundleLibCompileToJarDebug', task ':screen_brightness_android:checkKotlinGradlePluginConfigurationErrors', task ':screen_brightness_android:compileDebugKotlin', task ':screen_brightness_android:javaPreCompileDebug', task ':screen_brightness_android:compileDebugJavaWithJavac', task ':screen_brightness_android:bundleLibCompileToJarDebug', task ':share_plus:checkKotlinGradlePluginConfigurationErrors', task ':share_plus:compileDebugKotlin', task ':share_plus:javaPreCompileDebug', task ':share_plus:compileDebugJavaWithJavac', task ':share_plus:bundleLibCompileToJarDebug', task ':shared_preferences_android:checkKotlinGradlePluginConfigurationErrors', task ':shared_preferences_android:compileDebugKotlin', task ':shared_preferences_android:javaPreCompileDebug', task ':shared_preferences_android:compileDebugJavaWithJavac', task ':shared_preferences_android:bundleLibCompileToJarDebug', task ':speech_to_text:checkKotlinGradlePluginConfigurationErrors', task ':speech_to_text:compileDebugKotlin', task ':speech_to_text:javaPreCompileDebug', task ':speech_to_text:compileDebugJavaWithJavac', task ':speech_to_text:bundleLibCompileToJarDebug', task ':sqflite_android:javaPreCompileDebug', task ':sqflite_android:compileDebugJavaWithJavac', task ':sqflite_android:bundleLibCompileToJarDebug', task ':url_launcher_android:generateDebugBuildConfig', task ':url_launcher_android:javaPreCompileDebug', task ':url_launcher_android:compileDebugJavaWithJavac', task ':url_launcher_android:bundleLibCompileToJarDebug', task ':app:compileDebugKotlin', task ':app:javaPreCompileDebug', task ':app:compileDebugJavaWithJavac', task ':app:compressDebugAssets', task ':app:l8DexDesugarLibDebug', task ':app_links:bundleLibRuntimeToJarDebug', task ':connectivity_plus:bundleLibRuntimeToJarDebug', task ':firebase_messaging:bundleLibRuntimeToJarDebug', task ':firebase_core:bundleLibRuntimeToJarDebug', task ':flutter_image_compress_common:bundleLibRuntimeToJarDebug', task ':flutter_local_notifications:bundleLibRuntimeToJarDebug', task ':image_picker_android:bundleLibRuntimeToJarDebug', task ':flutter_plugin_android_lifecycle:bundleLibRuntimeToJarDebug', task ':geocoding_android:bundleLibRuntimeToJarDebug', task ':geolocator_android:bundleLibRuntimeToJarDebug', task ':google_sign_in_android:bundleLibRuntimeToJarDebug', task ':mobile_scanner:bundleLibRuntimeToJarDebug', task ':package_info_plus:bundleLibRuntimeToJarDebug', task ':path_provider_android:bundleLibRuntimeToJarDebug', task ':screen_brightness_android:bundleLibRuntimeToJarDebug', task ':share_plus:bundleLibRuntimeToJarDebug', task ':shared_preferences_android:bundleLibRuntimeToJarDebug', task ':speech_to_text:bundleLibRuntimeToJarDebug', task ':sqflite_android:bundleLibRuntimeToJarDebug', task ':url_launcher_android:bundleLibRuntimeToJarDebug', task ':app:desugarDebugFileDependencies', task ':app:dexBuilderDebug', task ':app:mergeDebugGlobalSynthetics', task ':app:processDebugJavaRes', task ':app_links:processDebugJavaRes', task ':connectivity_plus:processDebugJavaRes', task ':firebase_core:processDebugJavaRes', task ':firebase_messaging:processDebugJavaRes', task ':flutter_image_compress_common:processDebugJavaRes', task ':flutter_local_notifications:processDebugJavaRes', task ':flutter_plugin_android_lifecycle:processDebugJavaRes', task ':geocoding_android:processDebugJavaRes', task ':geolocator_android:processDebugJavaRes', task ':google_sign_in_android:processDebugJavaRes', task ':image_picker_android:processDebugJavaRes', task ':mobile_scanner:processDebugJavaRes', task ':package_info_plus:processDebugJavaRes', task ':path_provider_android:processDebugJavaRes', task ':screen_brightness_android:processDebugJavaRes', task ':share_plus:processDebugJavaRes', task ':shared_preferences_android:processDebugJavaRes', task ':speech_to_text:processDebugJavaRes', task ':sqflite_android:processDebugJavaRes', task ':url_launcher_android:processDebugJavaRes', task ':app:mergeDebugJavaResource', task ':app:checkDebugDuplicateClasses', task ':app:mergeExtDexDebug', task ':app_links:bundleLibRuntimeToDirDebug', task ':connectivity_plus:bundleLibRuntimeToDirDebug', task ':firebase_messaging:bundleLibRuntimeToDirDebug', task ':firebase_core:bundleLibRuntimeToDirDebug', task ':flutter_image_compress_common:bundleLibRuntimeToDirDebug', task ':flutter_local_notifications:bundleLibRuntimeToDirDebug', task ':image_picker_android:bundleLibRuntimeToDirDebug', task ':flutter_plugin_android_lifecycle:bundleLibRuntimeToDirDebug', task ':geocoding_android:bundleLibRuntimeToDirDebug', task ':geolocator_android:bundleLibRuntimeToDirDebug', task ':google_sign_in_android:bundleLibRuntimeToDirDebug', task ':mobile_scanner:bundleLibRuntimeToDirDebug', task ':package_info_plus:bundleLibRuntimeToDirDebug', task ':path_provider_android:bundleLibRuntimeToDirDebug', task ':screen_brightness_android:bundleLibRuntimeToDirDebug', task ':share_plus:bundleLibRuntimeToDirDebug', task ':shared_preferences_android:bundleLibRuntimeToDirDebug', task ':speech_to_text:bundleLibRuntimeToDirDebug', task ':sqflite_android:bundleLibRuntimeToDirDebug', task ':url_launcher_android:bundleLibRuntimeToDirDebug', task ':app:mergeLibDexDebug', task ':app:mergeProjectDexDebug', task ':app:configureCMakeDebug[arm64-v8a]', task ':app:buildCMakeDebug[arm64-v8a]', task ':app:configureCMakeDebug[armeabi-v7a]', task ':app:buildCMakeDebug[armeabi-v7a]', task ':app:configureCMakeDebug[x86_64]', task ':app:buildCMakeDebug[x86_64]', task ':app:mergeDebugJniLibFolders', task ':app_links:mergeDebugJniLibFolders', task ':app_links:mergeDebugNativeLibs', task ':app_links:copyDebugJniLibsProjectOnly', task ':connectivity_plus:mergeDebugJniLibFolders', task ':connectivity_plus:mergeDebugNativeLibs', task ':connectivity_plus:copyDebugJniLibsProjectOnly', task ':firebase_core:mergeDebugJniLibFolders', task ':firebase_core:mergeDebugNativeLibs', task ':firebase_core:copyDebugJniLibsProjectOnly', task ':firebase_messaging:mergeDebugJniLibFolders', task ':firebase_messaging:mergeDebugNativeLibs', task ':firebase_messaging:copyDebugJniLibsProjectOnly', task ':flutter_image_compress_common:mergeDebugJniLibFolders', task ':flutter_image_compress_common:mergeDebugNativeLibs', task ':flutter_image_compress_common:copyDebugJniLibsProjectOnly', task ':flutter_local_notifications:mergeDebugJniLibFolders', task ':flutter_local_notifications:mergeDebugNativeLibs', task ':flutter_local_notifications:copyDebugJniLibsProjectOnly', task ':flutter_plugin_android_lifecycle:mergeDebugJniLibFolders', task ':flutter_plugin_android_lifecycle:mergeDebugNativeLibs', task ':flutter_plugin_android_lifecycle:copyDebugJniLibsProjectOnly', task ':geocoding_android:mergeDebugJniLibFolders', task ':geocoding_android:mergeDebugNativeLibs', task ':geocoding_android:copyDebugJniLibsProjectOnly', task ':geolocator_android:mergeDebugJniLibFolders', task ':geolocator_android:mergeDebugNativeLibs', task ':geolocator_android:copyDebugJniLibsProjectOnly', task ':google_sign_in_android:mergeDebugJniLibFolders', task ':google_sign_in_android:mergeDebugNativeLibs', task ':google_sign_in_android:copyDebugJniLibsProjectOnly', task ':image_picker_android:mergeDebugJniLibFolders', task ':image_picker_android:mergeDebugNativeLibs', task ':image_picker_android:copyDebugJniLibsProjectOnly', task ':mobile_scanner:mergeDebugJniLibFolders', task ':mobile_scanner:mergeDebugNativeLibs', task ':mobile_scanner:copyDebugJniLibsProjectOnly', task ':package_info_plus:mergeDebugJniLibFolders', task ':package_info_plus:mergeDebugNativeLibs', task ':package_info_plus:copyDebugJniLibsProjectOnly', task ':path_provider_android:mergeDebugJniLibFolders', task ':path_provider_android:mergeDebugNativeLibs', task ':path_provider_android:copyDebugJniLibsProjectOnly', task ':screen_brightness_android:mergeDebugJniLibFolders', task ':screen_brightness_android:mergeDebugNativeLibs', task ':screen_brightness_android:copyDebugJniLibsProjectOnly', task ':share_plus:mergeDebugJniLibFolders', task ':share_plus:mergeDebugNativeLibs', task ':share_plus:copyDebugJniLibsProjectOnly', task ':shared_preferences_android:mergeDebugJniLibFolders', task ':shared_preferences_android:mergeDebugNativeLibs', task ':shared_preferences_android:copyDebugJniLibsProjectOnly', task ':speech_to_text:mergeDebugJniLibFolders', task ':speech_to_text:mergeDebugNativeLibs', task ':speech_to_text:copyDebugJniLibsProjectOnly', task ':sqflite_android:mergeDebugJniLibFolders', task ':sqflite_android:mergeDebugNativeLibs', task ':sqflite_android:copyDebugJniLibsProjectOnly', task ':url_launcher_android:mergeDebugJniLibFolders', task ':url_launcher_android:mergeDebugNativeLibs', task ':url_launcher_android:copyDebugJniLibsProjectOnly', task ':app:mergeDebugNativeLibs', task ':app:stripDebugDebugSymbols', task ':app:validateSigningDebug', task ':app:writeDebugAppMetadata', task ':app:writeDebugSigningConfigVersions', task ':app:packageDebug', task ':app:createDebugApkListingFileRedirect', task ':app:assembleDebug', task ':app_links:stripDebugDebugSymbols', task ':app_links:copyDebugJniLibsProjectAndLocalJars', task ':app_links:extractDebugAnnotations', task ':app_links:extractDeepLinksForAarDebug', task ':app_links:mergeDebugGeneratedProguardFiles', task ':app_links:mergeDebugConsumerProguardFiles', task ':app_links:prepareDebugArtProfile', task ':app_links:prepareLintJarForPublish', task ':app_links:mergeDebugJavaResource', task ':app_links:syncDebugLibJars', task ':app_links:bundleDebugAar', task ':app_links:assembleDebug', task ':connectivity_plus:stripDebugDebugSymbols', task ':connectivity_plus:copyDebugJniLibsProjectAndLocalJars', task ':connectivity_plus:extractDebugAnnotations', task ':connectivity_plus:extractDeepLinksForAarDebug', task ':connectivity_plus:mergeDebugGeneratedProguardFiles', task ':connectivity_plus:mergeDebugConsumerProguardFiles', task ':connectivity_plus:prepareDebugArtProfile', task ':connectivity_plus:prepareLintJarForPublish', task ':connectivity_plus:mergeDebugJavaResource', task ':connectivity_plus:syncDebugLibJars', task ':connectivity_plus:bundleDebugAar', task ':connectivity_plus:assembleDebug', task ':firebase_core:stripDebugDebugSymbols', task ':firebase_core:copyDebugJniLibsProjectAndLocalJars', task ':firebase_core:extractDebugAnnotations', task ':firebase_core:extractDeepLinksForAarDebug', task ':firebase_core:mergeDebugGeneratedProguardFiles', task ':firebase_core:mergeDebugConsumerProguardFiles', task ':firebase_core:prepareDebugArtProfile', task ':firebase_core:prepareLintJarForPublish', task ':firebase_core:mergeDebugJavaResource', task ':firebase_core:syncDebugLibJars', task ':firebase_core:bundleDebugAar', task ':firebase_core:assembleDebug', task ':firebase_messaging:stripDebugDebugSymbols', task ':firebase_messaging:copyDebugJniLibsProjectAndLocalJars', task ':firebase_messaging:extractDebugAnnotations', task ':firebase_messaging:extractDeepLinksForAarDebug', task ':firebase_messaging:mergeDebugGeneratedProguardFiles', task ':firebase_messaging:mergeDebugConsumerProguardFiles', task ':firebase_messaging:prepareDebugArtProfile', task ':firebase_messaging:prepareLintJarForPublish', task ':firebase_messaging:mergeDebugJavaResource', task ':firebase_messaging:syncDebugLibJars', task ':firebase_messaging:bundleDebugAar', task ':firebase_messaging:assembleDebug', task ':flutter_image_compress_common:stripDebugDebugSymbols', task ':flutter_image_compress_common:copyDebugJniLibsProjectAndLocalJars', task ':flutter_image_compress_common:extractDebugAnnotations', task ':flutter_image_compress_common:extractDeepLinksForAarDebug', task ':flutter_image_compress_common:mergeDebugGeneratedProguardFiles', task ':flutter_image_compress_common:mergeDebugConsumerProguardFiles', task ':flutter_image_compress_common:prepareDebugArtProfile', task ':flutter_image_compress_common:prepareLintJarForPublish', task ':flutter_image_compress_common:mergeDebugJavaResource', task ':flutter_image_compress_common:syncDebugLibJars', task ':flutter_image_compress_common:bundleDebugAar', task ':flutter_image_compress_common:assembleDebug', task ':flutter_local_notifications:stripDebugDebugSymbols', task ':flutter_local_notifications:copyDebugJniLibsProjectAndLocalJars', task ':flutter_local_notifications:extractDebugAnnotations', task ':flutter_local_notifications:extractDeepLinksForAarDebug', task ':flutter_local_notifications:mergeDebugGeneratedProguardFiles', task ':flutter_local_notifications:mergeDebugConsumerProguardFiles', task ':flutter_local_notifications:prepareDebugArtProfile', task ':flutter_local_notifications:prepareLintJarForPublish', task ':flutter_local_notifications:mergeDebugJavaResource', task ':flutter_local_notifications:syncDebugLibJars', task ':flutter_local_notifications:bundleDebugAar', task ':flutter_local_notifications:assembleDebug', task ':flutter_plugin_android_lifecycle:stripDebugDebugSymbols', task ':flutter_plugin_android_lifecycle:copyDebugJniLibsProjectAndLocalJars', task ':flutter_plugin_android_lifecycle:extractDebugAnnotations', task ':flutter_plugin_android_lifecycle:extractDeepLinksForAarDebug', task ':flutter_plugin_android_lifecycle:mergeDebugGeneratedProguardFiles', task ':flutter_plugin_android_lifecycle:mergeDebugConsumerProguardFiles', task ':flutter_plugin_android_lifecycle:prepareDebugArtProfile', task ':flutter_plugin_android_lifecycle:prepareLintJarForPublish', task ':flutter_plugin_android_lifecycle:mergeDebugJavaResource', task ':flutter_plugin_android_lifecycle:syncDebugLibJars', task ':flutter_plugin_android_lifecycle:bundleDebugAar', task ':flutter_plugin_android_lifecycle:assembleDebug', task ':geocoding_android:stripDebugDebugSymbols', task ':geocoding_android:copyDebugJniLibsProjectAndLocalJars', task ':geocoding_android:extractDebugAnnotations', task ':geocoding_android:extractDeepLinksForAarDebug', task ':geocoding_android:mergeDebugGeneratedProguardFiles', task ':geocoding_android:mergeDebugConsumerProguardFiles', task ':geocoding_android:prepareDebugArtProfile', task ':geocoding_android:prepareLintJarForPublish', task ':geocoding_android:mergeDebugJavaResource', task ':geocoding_android:syncDebugLibJars', task ':geocoding_android:bundleDebugAar', task ':geocoding_android:assembleDebug', task ':geolocator_android:stripDebugDebugSymbols', task ':geolocator_android:copyDebugJniLibsProjectAndLocalJars', task ':geolocator_android:extractDebugAnnotations', task ':geolocator_android:extractDeepLinksForAarDebug', task ':geolocator_android:mergeDebugGeneratedProguardFiles', task ':geolocator_android:mergeDebugConsumerProguardFiles', task ':geolocator_android:prepareDebugArtProfile', task ':geolocator_android:prepareLintJarForPublish', task ':geolocator_android:mergeDebugJavaResource', task ':geolocator_android:syncDebugLibJars', task ':geolocator_android:bundleDebugAar', task ':geolocator_android:assembleDebug', task ':google_sign_in_android:stripDebugDebugSymbols', task ':google_sign_in_android:copyDebugJniLibsProjectAndLocalJars', task ':google_sign_in_android:extractDebugAnnotations', task ':google_sign_in_android:extractDeepLinksForAarDebug', task ':google_sign_in_android:mergeDebugGeneratedProguardFiles', task ':google_sign_in_android:mergeDebugConsumerProguardFiles', task ':google_sign_in_android:prepareDebugArtProfile', task ':google_sign_in_android:prepareLintJarForPublish', task ':google_sign_in_android:mergeDebugJavaResource', task ':google_sign_in_android:syncDebugLibJars', task ':google_sign_in_android:bundleDebugAar', task ':google_sign_in_android:assembleDebug', task ':image_picker_android:stripDebugDebugSymbols', task ':image_picker_android:copyDebugJniLibsProjectAndLocalJars', task ':image_picker_android:extractDebugAnnotations', task ':image_picker_android:extractDeepLinksForAarDebug', task ':image_picker_android:mergeDebugGeneratedProguardFiles', task ':image_picker_android:mergeDebugConsumerProguardFiles', task ':image_picker_android:prepareDebugArtProfile', task ':image_picker_android:prepareLintJarForPublish', task ':image_picker_android:mergeDebugJavaResource', task ':image_picker_android:syncDebugLibJars', task ':image_picker_android:bundleDebugAar', task ':image_picker_android:assembleDebug', task ':mobile_scanner:stripDebugDebugSymbols', task ':mobile_scanner:copyDebugJniLibsProjectAndLocalJars', task ':mobile_scanner:extractDebugAnnotations', task ':mobile_scanner:extractDeepLinksForAarDebug', task ':mobile_scanner:mergeDebugGeneratedProguardFiles', task ':mobile_scanner:mergeDebugConsumerProguardFiles', task ':mobile_scanner:prepareDebugArtProfile', task ':mobile_scanner:prepareLintJarForPublish', task ':mobile_scanner:mergeDebugJavaResource', task ':mobile_scanner:syncDebugLibJars', task ':mobile_scanner:bundleDebugAar', task ':mobile_scanner:assembleDebug', task ':package_info_plus:stripDebugDebugSymbols', task ':package_info_plus:copyDebugJniLibsProjectAndLocalJars', task ':package_info_plus:extractDebugAnnotations', task ':package_info_plus:extractDeepLinksForAarDebug', task ':package_info_plus:mergeDebugGeneratedProguardFiles', task ':package_info_plus:mergeDebugConsumerProguardFiles', task ':package_info_plus:prepareDebugArtProfile', task ':package_info_plus:prepareLintJarForPublish', task ':package_info_plus:mergeDebugJavaResource', task ':package_info_plus:syncDebugLibJars', task ':package_info_plus:bundleDebugAar', task ':package_info_plus:assembleDebug', task ':path_provider_android:stripDebugDebugSymbols', task ':path_provider_android:copyDebugJniLibsProjectAndLocalJars', task ':path_provider_android:extractDebugAnnotations', task ':path_provider_android:extractDeepLinksForAarDebug', task ':path_provider_android:mergeDebugGeneratedProguardFiles', task ':path_provider_android:mergeDebugConsumerProguardFiles', task ':path_provider_android:prepareDebugArtProfile', task ':path_provider_android:prepareLintJarForPublish', task ':path_provider_android:mergeDebugJavaResource', task ':path_provider_android:syncDebugLibJars', task ':path_provider_android:bundleDebugAar', task ':path_provider_android:assembleDebug', task ':screen_brightness_android:stripDebugDebugSymbols', task ':screen_brightness_android:copyDebugJniLibsProjectAndLocalJars', task ':screen_brightness_android:extractDebugAnnotations', task ':screen_brightness_android:extractDeepLinksForAarDebug', task ':screen_brightness_android:mergeDebugGeneratedProguardFiles', task ':screen_brightness_android:mergeDebugConsumerProguardFiles', task ':screen_brightness_android:prepareDebugArtProfile', task ':screen_brightness_android:prepareLintJarForPublish', task ':screen_brightness_android:mergeDebugJavaResource', task ':screen_brightness_android:syncDebugLibJars', task ':screen_brightness_android:bundleDebugAar', task ':screen_brightness_android:assembleDebug', task ':share_plus:stripDebugDebugSymbols', task ':share_plus:copyDebugJniLibsProjectAndLocalJars', task ':share_plus:extractDebugAnnotations', task ':share_plus:extractDeepLinksForAarDebug', task ':share_plus:mergeDebugGeneratedProguardFiles', task ':share_plus:mergeDebugConsumerProguardFiles', task ':share_plus:prepareDebugArtProfile', task ':share_plus:prepareLintJarForPublish', task ':share_plus:mergeDebugJavaResource', task ':share_plus:syncDebugLibJars', task ':share_plus:bundleDebugAar', task ':share_plus:assembleDebug', task ':shared_preferences_android:stripDebugDebugSymbols', task ':shared_preferences_android:copyDebugJniLibsProjectAndLocalJars', task ':shared_preferences_android:extractDebugAnnotations', task ':shared_preferences_android:extractDeepLinksForAarDebug', task ':shared_preferences_android:mergeDebugGeneratedProguardFiles', task ':shared_preferences_android:mergeDebugConsumerProguardFiles', task ':shared_preferences_android:prepareDebugArtProfile', task ':shared_preferences_android:prepareLintJarForPublish', task ':shared_preferences_android:mergeDebugJavaResource', task ':shared_preferences_android:syncDebugLibJars', task ':shared_preferences_android:bundleDebugAar', task ':shared_preferences_android:assembleDebug', task ':speech_to_text:stripDebugDebugSymbols', task ':speech_to_text:copyDebugJniLibsProjectAndLocalJars', task ':speech_to_text:extractDebugAnnotations', task ':speech_to_text:extractDeepLinksForAarDebug', task ':speech_to_text:mergeDebugGeneratedProguardFiles', task ':speech_to_text:mergeDebugConsumerProguardFiles', task ':speech_to_text:prepareDebugArtProfile', task ':speech_to_text:prepareLintJarForPublish', task ':speech_to_text:mergeDebugJavaResource', task ':speech_to_text:syncDebugLibJars', task ':speech_to_text:bundleDebugAar', task ':speech_to_text:assembleDebug', task ':sqflite_android:stripDebugDebugSymbols', task ':sqflite_android:copyDebugJniLibsProjectAndLocalJars', task ':sqflite_android:extractDebugAnnotations', task ':sqflite_android:extractDeepLinksForAarDebug', task ':sqflite_android:mergeDebugGeneratedProguardFiles', task ':sqflite_android:mergeDebugConsumerProguardFiles', task ':sqflite_android:prepareDebugArtProfile', task ':sqflite_android:prepareLintJarForPublish', task ':sqflite_android:mergeDebugJavaResource', task ':sqflite_android:syncDebugLibJars', task ':sqflite_android:bundleDebugAar', task ':sqflite_android:assembleDebug', task ':url_launcher_android:stripDebugDebugSymbols', task ':url_launcher_android:copyDebugJniLibsProjectAndLocalJars', task ':url_launcher_android:extractDebugAnnotations', task ':url_launcher_android:extractDeepLinksForAarDebug', task ':url_launcher_android:mergeDebugGeneratedProguardFiles', task ':url_launcher_android:mergeDebugConsumerProguardFiles', task ':url_launcher_android:prepareDebugArtProfile', task ':url_launcher_android:prepareLintJarForPublish', task ':url_launcher_android:mergeDebugJavaResource', task ':url_launcher_android:syncDebugLibJars', task ':url_launcher_android:bundleDebugAar', task ':url_launcher_android:assembleDebug']
[   +3 ms] Tasks that were excluded: []
[        ] work action Parameters of IdentityTransform (Thread[#905,Execution worker Thread 2,5,main]) started.
[        ] work action Parameters of DexingNoClasspathTransform (Thread[#905,Execution worker Thread 2,5,main]) started.
[        ] work action Parameters of DexingOutputSplitTransform (Thread[#903,included builds,5,main]) started.
[        ] work action Parameters of ClassesDirToClassesTransform (Thread[#903,included builds,5,main]) started.
[        ] work action Parameters of DexingOutputSplitTransform (Thread[#903,included builds,5,main]) started.
[        ] Resolve mutations for :app:DebugMinSdkCheck (Thread[#903,included builds,5,main]) started.
[        ] :app:DebugMinSdkCheck (Thread[#903,included builds,5,main]) started.
[        ] > Task :app:DebugMinSdkCheck
[        ] Caching disabled for task ':app:DebugMinSdkCheck' because:
[        ]   Build cache is disabled
[        ] Task ':app:DebugMinSdkCheck' is not up-to-date because:
[        ]   Task has not declared any outputs despite executing actions.
[        ] Resolve mutations for :app:preBuild (Thread[#903,included builds,5,main]) started.
[        ] :app:preBuild (Thread[#911,Execution worker Thread 8,5,main]) started.
[        ] > Task :app:preBuild UP-TO-DATE
[        ] Skipping task ':app:preBuild' as it has no actions.
[        ] Resolve mutations for :app:preDebugBuild (Thread[#911,Execution worker Thread 8,5,main]) started.
[        ] :app:preDebugBuild (Thread[#911,Execution worker Thread 8,5,main]) started.
[        ] > Task :app:preDebugBuild UP-TO-DATE
[        ] Skipping task ':app:preDebugBuild' as it has no actions.
[        ] Resolve mutations for :app:mergeDebugNativeDebugMetadata (Thread[#911,Execution worker Thread 8,5,main]) started.
[        ] :app:mergeDebugNativeDebugMetadata (Thread[#911,Execution worker Thread 8,5,main]) started.
[        ] > Task :app:mergeDebugNativeDebugMetadata NO-SOURCE
[        ] Skipping task ':app:mergeDebugNativeDebugMetadata' as it has no source files and no previous output files.
[        ] Resolve mutations for :app:checkKotlinGradlePluginConfigurationErrors (Thread[#911,Execution worker Thread 8,5,main]) started.
[        ] :app:checkKotlinGradlePluginConfigurationErrors (Thread[#911,Execution worker Thread 8,5,main]) started.
[        ] > Task :app:checkKotlinGradlePluginConfigurationErrors SKIPPED
[        ] Skipping task ':app:checkKotlinGradlePluginConfigurationErrors' as task onlyIf 'errorDiagnostics are present' is false.
[        ] Resolve mutations for :app:compileFlutterBuildDebug (Thread[#911,Execution worker Thread 8,5,main]) started.
[        ] :app:compileFlutterBuildDebug (Thread[#911,Execution worker Thread 8,5,main]) started.
[+1975 ms] > Task :app:compileFlutterBuildDebug
[        ] Caching disabled for task ':app:compileFlutterBuildDebug' because:
[        ]   Build cache is disabled
[        ]   Caching has not been enabled for the task
[        ] Task ':app:compileFlutterBuildDebug' is not up-to-date because:
[        ]   Value of input property 'fileSystemScheme' has changed for task ':app:compileFlutterBuildDebug'
[        ]   Value of input property 'targetPath' has changed for task ':app:compileFlutterBuildDebug'
[        ]   Value of input property 'targetPlatformValues' has changed for task ':app:compileFlutterBuildDebug'
[        ]   and more...
[        ] Starting process 'command 'C:\flutter\bin\flutter.bat''. Working directory: C:\Users\aijay\Desktop\JayGanga Books Command: C:\flutter\bin\flutter.bat --verbose assemble --no-version-check --depfile C:\Users\aijay\Desktop\JayGanga Books\build\app\intermediates\flutter\debug/flutter_build.d --output C:\Users\aijay\Desktop\JayGanga Books\build\app\intermediates\flutter\debug -dTargetFile=lib\main.dart -dTargetPlatform=android -dBuildMode=debug -dTrackWidgetCreation=true --DartDefines=RkxVVFRFUl9WRVJTSU9OPTMuMzguNw==,RkxVVFRFUl9DSEFOTkVMPXN0YWJsZQ==,RkxVVFRFUl9HSVRfVVJMPWh0dHBzOi8vZ2l0aHViLmNvbS9mbHV0dGVyL2ZsdXR0ZXIuZ2l0,RkxVVFRFUl9GUkFNRVdPUktfUkVWSVNJT049M2I2MmVmYzJhMw==,RkxVVFRFUl9FTkdJTkVfUkVWSVNJT049NzhmYzMwMTJlNA==,RkxVVFRFUl9EQVJUX1ZFUlNJT049My4xMC43 -dFlavor= -dAndroidArchs=android-arm android-arm64 android-x64 -dMinSdkVersion=24 debug_android_application
[        ] Successfully started process 'command 'C:\flutter\bin\flutter.bat''
[        ] [ +167 ms] Artifact Instance of 'MaterialFonts' is not required, skipping update.
[        ] [        ] Artifact Instance of 'GradleWrapper' is not required, skipping update.
[        ] [        ] Artifact Instance of 'AndroidGenSnapshotArtifacts' is not required, skipping update.
[        ] [        ] Artifact Instance of 'AndroidInternalBuildArtifacts' is not required, skipping update.
[        ] [        ] Artifact Instance of 'IOSEngineArtifacts' is not required, skipping update.
[        ] [        ] Artifact Instance of 'FlutterWebSdk' is not required, skipping update.
[        ] [   +1 ms] Artifact Instance of 'LegacyCanvasKitRemover' is not required, skipping update.
[        ] [        ] Artifact Instance of 'FlutterSdk' is not required, skipping update.
[        ] [        ] Artifact Instance of 'WindowsEngineArtifacts' is not required, skipping update.
[        ] [        ] Artifact Instance of 'MacOSEngineArtifacts' is not required, skipping update.
[        ] [        ] Artifact Instance of 'LinuxEngineArtifacts' is not required, skipping update.
[        ] [        ] Artifact Instance of 'LinuxFuchsiaSDKArtifacts' is not required, skipping update.
[        ] [        ] Artifact Instance of 'MacOSFuchsiaSDKArtifacts' is not required, skipping update.
[        ] [        ] Artifact Instance of 'FlutterRunnerSDKArtifacts' is not required, skipping update.
[        ] [        ] Artifact Instance of 'FlutterRunnerDebugSymbols' is not required, skipping update.
[        ] [        ] Artifact Instance of 'IosUsbArtifacts' is not required, skipping update.
[        ] [        ] Artifact Instance of 'IosUsbArtifacts' is not required, skipping update.
[        ] [        ] Artifact Instance of 'IosUsbArtifacts' is not required, skipping update.
[        ] [        ] Artifact Instance of 'IosUsbArtifacts' is not required, skipping update.
[        ] [        ] Artifact Instance of 'IosUsbArtifacts' is not required, skipping update.
[        ] [        ] Artifact Instance of 'IosUsbArtifacts' is not required, skipping update.
[        ] [        ] Artifact Instance of 'FontSubsetArtifacts' is not required, skipping update.
[        ] [        ] Artifact Instance of 'PubDependencies' is not required, skipping update.
[        ] [  +13 ms] Artifact Instance of 'AndroidGenSnapshotArtifacts' is not required, skipping update.
[        ] [        ] Artifact Instance of 'AndroidInternalBuildArtifacts' is not required, skipping update.
[        ] [        ] Artifact Instance of 'IOSEngineArtifacts' is not required, skipping update.
[        ] [        ] Artifact Instance of 'FlutterWebSdk' is not required, skipping update.
[        ] [        ] Artifact Instance of 'FlutterEngineStamp' is not required, skipping update.
[        ] [        ] Artifact Instance of 'LegacyCanvasKitRemover' is not required, skipping update.
[        ] [   +2 ms] Artifact Instance of 'WindowsEngineArtifacts' is not required, skipping update.
[        ] [        ] Artifact Instance of 'MacOSEngineArtifacts' is not required, skipping update.
[        ] [        ] Artifact Instance of 'LinuxEngineArtifacts' is not required, skipping update.
[        ] [        ] Artifact Instance of 'LinuxFuchsiaSDKArtifacts' is not required, skipping update.
[        ] [        ] Artifact Instance of 'MacOSFuchsiaSDKArtifacts' is not required, skipping update.
[        ] [        ] Artifact Instance of 'FlutterRunnerSDKArtifacts' is not required, skipping update.
[        ] [        ] Artifact Instance of 'FlutterRunnerDebugSymbols' is not required, skipping update.
[        ] [  +61 ms] Artifact Instance of 'MaterialFonts' is not required, skipping update.
[        ] [        ] Artifact Instance of 'GradleWrapper' is not required, skipping update.
[        ] [   +2 ms] Artifact Instance of 'AndroidInternalBuildArtifacts' is not required, skipping update.
[        ] [        ] Artifact Instance of 'IOSEngineArtifacts' is not required, skipping update.
[        ] [        ] Artifact Instance of 'FlutterWebSdk' is not required, skipping update.
[        ] [        ] Artifact Instance of 'FlutterEngineStamp' is not required, skipping update.
[        ] [        ] Artifact Instance of 'LegacyCanvasKitRemover' is not required, skipping update.
[        ] [        ] Artifact Instance of 'FlutterSdk' is not required, skipping update.
[        ] [        ] Artifact Instance of 'WindowsEngineArtifacts' is not required, skipping update.
[        ] [        ] Artifact Instance of 'MacOSEngineArtifacts' is not required, skipping update.
[        ] [        ] Artifact Instance of 'LinuxEngineArtifacts' is not required, skipping update.
[        ] [        ] Artifact Instance of 'LinuxFuchsiaSDKArtifacts' is not required, skipping update.
[        ] [        ] Artifact Instance of 'MacOSFuchsiaSDKArtifacts' is not required, skipping update.
[        ] [        ] Artifact Instance of 'FlutterRunnerSDKArtifacts' is not required, skipping update.
[        ] [        ] Artifact Instance of 'FlutterRunnerDebugSymbols' is not required, skipping update.
[        ] [        ] Artifact Instance of 'IosUsbArtifacts' is not required, skipping update.
[        ] [        ] Artifact Instance of 'IosUsbArtifacts' is not required, skipping update.
[        ] [        ] Artifact Instance of 'IosUsbArtifacts' is not required, skipping update.
[        ] [        ] Artifact Instance of 'IosUsbArtifacts' is not required, skipping update.
[        ] [        ] Artifact Instance of 'IosUsbArtifacts' is not required, skipping update.
[        ] [        ] Artifact Instance of 'IosUsbArtifacts' is not required, skipping update.
[        ] [        ] Artifact Instance of 'FontSubsetArtifacts' is not required, skipping update.
[        ] [        ] Artifact Instance of 'PubDependencies' is not required, skipping update.
[        ] [  +50 ms] Initializing file store
[        ] [  +26 ms] Done initializing file store
[        ] [  +84 ms] Skipping target: dart_build
[        ] [   +3 ms] Skipping target: gen_dart_plugin_registrant
[        ] [        ] Skipping target: install_code_assets
[        ] [        ] Skipping target: gen_localizations
[ +692 ms] [+1361 ms] Skipping target: kernel_snapshot_program
[ +607 ms] [ +529 ms] debug_android_application: Starting due to {InvalidatedReasonKind.inputChanged: The following inputs have updated contents: C:\Users\aijay\Desktop\JayGanga Books\build\app\intermediates\flutter\debug\flutter_assets\kernel_blob.bin}
[ +296 ms] [ +374 ms] shaderc command: [C:\flutter\bin\cache\artifacts\engine\windows-x64\impellerc.exe, --sksl, --runtime-stage-gles, --runtime-stage-gles3, --runtime-stage-vulkan, --iplr, --sl=C:\Users\aijay\Desktop\JayGanga Books\build\app\intermediates\flutter\debug\flutter_assets\shaders/ink_sparkle.frag, --spirv=C:\Users\aijay\Desktop\JayGanga Books\build\app\intermediates\flutter\debug\flutter_assets\shaders/ink_sparkle.frag.spirv, --input=C:\flutter\packages\flutter\lib\src\material\shaders\ink_sparkle.frag, --input-type=frag, --include=C:\flutter\packages\flutter\lib\src\material\shaders, --include=C:\flutter\bin\cache\artifacts\engine\windows-x64\shader_lib]
[        ] [   +9 ms] shaderc command: [C:\flutter\bin\cache\artifacts\engine\windows-x64\impellerc.exe, --sksl, --runtime-stage-gles, --runtime-stage-gles3, --runtime-stage-vulkan, --iplr, --sl=C:\Users\aijay\Desktop\JayGanga Books\build\app\intermediates\flutter\debug\flutter_assets\shaders/stretch_effect.frag, --spirv=C:\Users\aijay\Desktop\JayGanga Books\build\app\intermediates\flutter\debug\flutter_assets\shaders/stretch_effect.frag.spirv, --input=C:\flutter\packages\flutter\lib\src\material\shaders\stretch_effect.frag, --input-type=frag, --include=C:\flutter\packages\flutter\lib\src\material\shaders, --include=C:\flutter\bin\cache\artifacts\engine\windows-x64\shader_lib]
[+1103 ms] [+1068 ms] debug_android_application: Complete
[ +495 ms] [ +477 ms] Persisting file store
[        ] [  +18 ms] Done persisting file store
[  +92 ms] [  +45 ms] build succeeded.
[        ] [  +11 ms] "flutter assemble" took 4,143ms.
[ +109 ms] [  +85 ms] Running 1 shutdown hook
[        ] [   +1 ms] Shutdown hooks complete
[ +189 ms] [ +228 ms] exiting with code 0
[ +202 ms] Resolve mutations for :app:packJniLibsflutterBuildDebug (Thread[#911,Execution worker Thread 8,5,main]) started.
[        ] :app:packJniLibsflutterBuildDebug (Thread[#911,Execution worker Thread 8,5,main]) started.
[        ] > Task :app:packJniLibsflutterBuildDebug
[        ] Caching disabled for task ':app:packJniLibsflutterBuildDebug' because:
[        ]   Build cache is disabled
[        ]   Not worth caching
[        ] Task ':app:packJniLibsflutterBuildDebug' is not up-to-date because:
[        ]   Input property 'rootSpec$1$3.caseSensitive' has been added for task ':app:packJniLibsflutterBuildDebug'
[        ]   Input property 'rootSpec$1$3.destPath' has been added for task ':app:packJniLibsflutterBuildDebug'
[        ]   Input property 'rootSpec$1$3.dirPermissions' has been added for task ':app:packJniLibsflutterBuildDebug'
[        ]   and more...
[        ] file or directory 'C:\Users\aijay\Desktop\JayGanga Books\build\app\intermediates\flutter\debug\armeabi-v7a', not found
[        ] file or directory 'C:\Users\aijay\Desktop\JayGanga Books\build\native_assets\android\jniLibs\lib\armeabi-v7a', not found
[        ] file or directory 'C:\Users\aijay\Desktop\JayGanga Books\build\app\intermediates\flutter\debug\arm64-v8a', not found
[        ] file or directory 'C:\Users\aijay\Desktop\JayGanga Books\build\native_assets\android\jniLibs\lib\arm64-v8a', not found
[        ] file or directory 'C:\Users\aijay\Desktop\JayGanga Books\build\app\intermediates\flutter\debug\x86_64', not found
[        ] file or directory 'C:\Users\aijay\Desktop\JayGanga Books\build\native_assets\android\jniLibs\lib\x86_64', not found
[        ] Resolve mutations for :app_links:preBuild (Thread[#911,Execution worker Thread 8,5,main]) started.
[        ] :app_links:preBuild (Thread[#911,Execution worker Thread 8,5,main]) started.
[        ] > Task :app_links:preBuild UP-TO-DATE
[        ] Skipping task ':app_links:preBuild' as it has no actions.
[        ] Resolve mutations for :app_links:preDebugBuild (Thread[#911,Execution worker Thread 8,5,main]) started.
[        ] :app_links:preDebugBuild (Thread[#911,Execution worker Thread 8,5,main]) started.
[        ] > Task :app_links:preDebugBuild UP-TO-DATE
[        ] Skipping task ':app_links:preDebugBuild' as it has no actions.
[        ] Resolve mutations for :app_links:writeDebugAarMetadata (Thread[#911,Execution worker Thread 8,5,main]) started.
[        ] :app_links:writeDebugAarMetadata (Thread[#911,Execution worker Thread 8,5,main]) started.
[        ] > Task :app_links:writeDebugAarMetadata UP-TO-DATE
[        ] Caching disabled for task ':app_links:writeDebugAarMetadata' because:
[        ]   Build cache is disabled
[        ]   Caching has been disabled for the task
[        ] Skipping task ':app_links:writeDebugAarMetadata' as it is up-to-date.
[        ] work action resolve aar-metadata.properties (project :app_links) (Thread[#911,Execution worker Thread 8,5,main]) started.
[        ] Resolve mutations for :connectivity_plus:preBuild (Thread[#904,Execution worker,5,main]) started.
[        ] :connectivity_plus:preBuild (Thread[#904,Execution worker,5,main]) started.
[        ] > Task :connectivity_plus:preBuild UP-TO-DATE
[        ] Skipping task ':connectivity_plus:preBuild' as it has no actions.
[        ] Resolve mutations for :connectivity_plus:preDebugBuild (Thread[#904,Execution worker,5,main]) started.
[        ] :connectivity_plus:preDebugBuild (Thread[#904,Execution worker,5,main]) started.
[        ] > Task :connectivity_plus:preDebugBuild UP-TO-DATE
[        ] Skipping task ':connectivity_plus:preDebugBuild' as it has no actions.
[        ] Resolve mutations for :connectivity_plus:writeDebugAarMetadata (Thread[#904,Execution worker,5,main]) started.
[        ] :connectivity_plus:writeDebugAarMetadata (Thread[#904,Execution worker,5,main]) started.
[        ] > Task :connectivity_plus:writeDebugAarMetadata UP-TO-DATE
[        ] Caching disabled for task ':connectivity_plus:writeDebugAarMetadata' because:
[        ]   Build cache is disabled
[        ]   Caching has been disabled for the task
[        ] Skipping task ':connectivity_plus:writeDebugAarMetadata' as it is up-to-date.
[        ] work action resolve aar-metadata.properties (project :connectivity_plus) (Thread[#904,Execution worker,5,main]) started.
[        ] Resolve mutations for :firebase_core:preBuild (Thread[#904,Execution worker,5,main]) started.
[        ] :firebase_core:preBuild (Thread[#904,Execution worker,5,main]) started.
[        ] > Task :firebase_core:preBuild UP-TO-DATE
[        ] Skipping task ':firebase_core:preBuild' as it has no actions.
[        ] Resolve mutations for :firebase_core:preDebugBuild (Thread[#904,Execution worker,5,main]) started.
[        ] :firebase_core:preDebugBuild (Thread[#904,Execution worker,5,main]) started.
[        ] > Task :firebase_core:preDebugBuild UP-TO-DATE
[        ] Skipping task ':firebase_core:preDebugBuild' as it has no actions.
[        ] Resolve mutations for :firebase_core:writeDebugAarMetadata (Thread[#904,Execution worker,5,main]) started.
[        ] :firebase_core:writeDebugAarMetadata (Thread[#904,Execution worker,5,main]) started.
[        ] > Task :firebase_core:writeDebugAarMetadata UP-TO-DATE
[        ] Caching disabled for task ':firebase_core:writeDebugAarMetadata' because:
[        ]   Build cache is disabled
[        ]   Caching has been disabled for the task
[        ] Skipping task ':firebase_core:writeDebugAarMetadata' as it is up-to-date.
[        ] work action resolve aar-metadata.properties (project :firebase_core) (Thread[#904,Execution worker,5,main]) started.
[        ] Resolve mutations for :firebase_messaging:preBuild (Thread[#904,Execution worker,5,main]) started.
[        ] :firebase_messaging:preBuild (Thread[#904,Execution worker,5,main]) started.
[        ] > Task :firebase_messaging:preBuild UP-TO-DATE
[        ] Skipping task ':firebase_messaging:preBuild' as it has no actions.
[        ] Resolve mutations for :firebase_messaging:preDebugBuild (Thread[#904,Execution worker,5,main]) started.
[        ] :firebase_messaging:preDebugBuild (Thread[#904,Execution worker,5,main]) started.
[        ] > Task :firebase_messaging:preDebugBuild UP-TO-DATE
[        ] Skipping task ':firebase_messaging:preDebugBuild' as it has no actions.
[        ] Resolve mutations for :firebase_messaging:writeDebugAarMetadata (Thread[#904,Execution worker,5,main]) started.
[        ] :firebase_messaging:writeDebugAarMetadata (Thread[#904,Execution worker,5,main]) started.
[        ] > Task :firebase_messaging:writeDebugAarMetadata UP-TO-DATE
[        ] Caching disabled for task ':firebase_messaging:writeDebugAarMetadata' because:
[        ]   Build cache is disabled
[        ]   Caching has been disabled for the task
[        ] Skipping task ':firebase_messaging:writeDebugAarMetadata' as it is up-to-date.
[        ] work action resolve aar-metadata.properties (project :firebase_messaging) (Thread[#904,Execution worker,5,main]) started.
[        ] Resolve mutations for :flutter_image_compress_common:preBuild (Thread[#904,Execution worker,5,main]) started.
[        ] :flutter_image_compress_common:preBuild (Thread[#904,Execution worker,5,main]) started.
[        ] > Task :flutter_image_compress_common:preBuild UP-TO-DATE
[        ] Skipping task ':flutter_image_compress_common:preBuild' as it has no actions.
[        ] Resolve mutations for :flutter_image_compress_common:preDebugBuild (Thread[#904,Execution worker,5,main]) started.
[        ] :flutter_image_compress_common:preDebugBuild (Thread[#904,Execution worker,5,main]) started.
[        ] > Task :flutter_image_compress_common:preDebugBuild UP-TO-DATE
[        ] Skipping task ':flutter_image_compress_common:preDebugBuild' as it has no actions.
[        ] Resolve mutations for :flutter_image_compress_common:writeDebugAarMetadata (Thread[#904,Execution worker,5,main]) started.
[        ] :flutter_image_compress_common:writeDebugAarMetadata (Thread[#904,Execution worker,5,main]) started.
[        ] > Task :flutter_image_compress_common:writeDebugAarMetadata UP-TO-DATE
[        ] Caching disabled for task ':flutter_image_compress_common:writeDebugAarMetadata' because:
[        ]   Build cache is disabled
[        ]   Caching has been disabled for the task
[        ] Skipping task ':flutter_image_compress_common:writeDebugAarMetadata' as it is up-to-date.
[        ] work action resolve aar-metadata.properties (project :flutter_image_compress_common) (Thread[#904,Execution worker,5,main]) started.
[        ] Resolve mutations for :flutter_local_notifications:preBuild (Thread[#904,Execution worker,5,main]) started.
[        ] :flutter_local_notifications:preBuild (Thread[#904,Execution worker,5,main]) started.
[        ] > Task :flutter_local_notifications:preBuild UP-TO-DATE
[        ] Skipping task ':flutter_local_notifications:preBuild' as it has no actions.
[        ] Resolve mutations for :flutter_local_notifications:preDebugBuild (Thread[#904,Execution worker,5,main]) started.
[        ] :flutter_local_notifications:preDebugBuild (Thread[#904,Execution worker,5,main]) started.
[        ] > Task :flutter_local_notifications:preDebugBuild UP-TO-DATE
[        ] Skipping task ':flutter_local_notifications:preDebugBuild' as it has no actions.
[        ] Resolve mutations for :flutter_local_notifications:writeDebugAarMetadata (Thread[#904,Execution worker,5,main]) started.
[        ] :flutter_local_notifications:writeDebugAarMetadata (Thread[#904,Execution worker,5,main]) started.
[        ] > Task :flutter_local_notifications:writeDebugAarMetadata UP-TO-DATE
[        ] Caching disabled for task ':flutter_local_notifications:writeDebugAarMetadata' because:
[        ]   Build cache is disabled
[        ]   Caching has been disabled for the task
[        ] Skipping task ':flutter_local_notifications:writeDebugAarMetadata' as it is up-to-date.
[        ] work action resolve aar-metadata.properties (project :flutter_local_notifications) (Thread[#904,Execution worker,5,main]) started.
[        ] Resolve mutations for :flutter_plugin_android_lifecycle:preBuild (Thread[#906,Execution worker Thread 3,5,main]) started.
[        ] :flutter_plugin_android_lifecycle:preBuild (Thread[#906,Execution worker Thread 3,5,main]) started.
[        ] > Task :flutter_plugin_android_lifecycle:preBuild UP-TO-DATE
[        ] Skipping task ':flutter_plugin_android_lifecycle:preBuild' as it has no actions.
[        ] Resolve mutations for :flutter_plugin_android_lifecycle:preDebugBuild (Thread[#906,Execution worker Thread 3,5,main]) started.
[        ] :flutter_plugin_android_lifecycle:preDebugBuild (Thread[#906,Execution worker Thread 3,5,main]) started.
[        ] > Task :flutter_plugin_android_lifecycle:preDebugBuild UP-TO-DATE
[        ] Skipping task ':flutter_plugin_android_lifecycle:preDebugBuild' as it has no actions.
[        ] Resolve mutations for :flutter_plugin_android_lifecycle:writeDebugAarMetadata (Thread[#906,Execution worker Thread 3,5,main]) started.
[        ] :flutter_plugin_android_lifecycle:writeDebugAarMetadata (Thread[#906,Execution worker Thread 3,5,main]) started.
[        ] > Task :flutter_plugin_android_lifecycle:writeDebugAarMetadata UP-TO-DATE
[        ] Caching disabled for task ':flutter_plugin_android_lifecycle:writeDebugAarMetadata' because:
[        ]   Build cache is disabled
[        ]   Caching has been disabled for the task
[        ] Skipping task ':flutter_plugin_android_lifecycle:writeDebugAarMetadata' as it is up-to-date.
[        ] work action resolve aar-metadata.properties (project :flutter_plugin_android_lifecycle) (Thread[#906,Execution worker Thread 3,5,main]) started.
[        ] Resolve mutations for :geocoding_android:preBuild (Thread[#906,Execution worker Thread 3,5,main]) started.
[        ] :geocoding_android:preBuild (Thread[#906,Execution worker Thread 3,5,main]) started.
[        ] > Task :geocoding_android:preBuild UP-TO-DATE
[        ] Skipping task ':geocoding_android:preBuild' as it has no actions.
[        ] Resolve mutations for :geocoding_android:preDebugBuild (Thread[#906,Execution worker Thread 3,5,main]) started.
[        ] :geocoding_android:preDebugBuild (Thread[#906,Execution worker Thread 3,5,main]) started.
[        ] > Task :geocoding_android:preDebugBuild UP-TO-DATE
[        ] Skipping task ':geocoding_android:preDebugBuild' as it has no actions.
[        ] Resolve mutations for :geocoding_android:writeDebugAarMetadata (Thread[#906,Execution worker Thread 3,5,main]) started.
[        ] :geocoding_android:writeDebugAarMetadata (Thread[#906,Execution worker Thread 3,5,main]) started.
[        ] > Task :geocoding_android:writeDebugAarMetadata UP-TO-DATE
[        ] Caching disabled for task ':geocoding_android:writeDebugAarMetadata' because:
[        ]   Build cache is disabled
[        ]   Caching has been disabled for the task
[        ] Skipping task ':geocoding_android:writeDebugAarMetadata' as it is up-to-date.
[        ] work action resolve aar-metadata.properties (project :geocoding_android) (Thread[#906,Execution worker Thread 3,5,main]) started.
[        ] Resolve mutations for :geolocator_android:preBuild (Thread[#906,Execution worker Thread 3,5,main]) started.
[        ] :geolocator_android:preBuild (Thread[#906,Execution worker Thread 3,5,main]) started.
[        ] > Task :geolocator_android:preBuild UP-TO-DATE
[        ] Skipping task ':geolocator_android:preBuild' as it has no actions.
[        ] Resolve mutations for :geolocator_android:preDebugBuild (Thread[#906,Execution worker Thread 3,5,main]) started.
[        ] :geolocator_android:preDebugBuild (Thread[#906,Execution worker Thread 3,5,main]) started.
[        ] > Task :geolocator_android:preDebugBuild UP-TO-DATE
[        ] Skipping task ':geolocator_android:preDebugBuild' as it has no actions.
[        ] Resolve mutations for :geolocator_android:writeDebugAarMetadata (Thread[#906,Execution worker Thread 3,5,main]) started.
[        ] :geolocator_android:writeDebugAarMetadata (Thread[#906,Execution worker Thread 3,5,main]) started.
[        ] > Task :geolocator_android:writeDebugAarMetadata UP-TO-DATE
[        ] Caching disabled for task ':geolocator_android:writeDebugAarMetadata' because:
[        ]   Build cache is disabled
[        ]   Caching has been disabled for the task
[        ] Skipping task ':geolocator_android:writeDebugAarMetadata' as it is up-to-date.
[        ] work action resolve aar-metadata.properties (project :geolocator_android) (Thread[#906,Execution worker Thread 3,5,main]) started.
[        ] Resolve mutations for :google_sign_in_android:preBuild (Thread[#906,Execution worker Thread 3,5,main]) started.
[        ] :google_sign_in_android:preBuild (Thread[#906,Execution worker Thread 3,5,main]) started.
[        ] > Task :google_sign_in_android:preBuild UP-TO-DATE
[        ] Skipping task ':google_sign_in_android:preBuild' as it has no actions.
[        ] Resolve mutations for :google_sign_in_android:preDebugBuild (Thread[#906,Execution worker Thread 3,5,main]) started.
[        ] :google_sign_in_android:preDebugBuild (Thread[#906,Execution worker Thread 3,5,main]) started.
[        ] > Task :google_sign_in_android:preDebugBuild UP-TO-DATE
[        ] Skipping task ':google_sign_in_android:preDebugBuild' as it has no actions.
[        ] Resolve mutations for :google_sign_in_android:writeDebugAarMetadata (Thread[#906,Execution worker Thread 3,5,main]) started.
[        ] :google_sign_in_android:writeDebugAarMetadata (Thread[#906,Execution worker Thread 3,5,main]) started.
[        ] > Task :google_sign_in_android:writeDebugAarMetadata UP-TO-DATE
[        ] Caching disabled for task ':google_sign_in_android:writeDebugAarMetadata' because:
[        ]   Build cache is disabled
[        ]   Caching has been disabled for the task
[        ] Skipping task ':google_sign_in_android:writeDebugAarMetadata' as it is up-to-date.
[        ] work action resolve aar-metadata.properties (project :google_sign_in_android) (Thread[#906,Execution worker Thread 3,5,main]) started.
[        ] Resolve mutations for :image_picker_android:preBuild (Thread[#906,Execution worker Thread 3,5,main]) started.
[        ] :image_picker_android:preBuild (Thread[#906,Execution worker Thread 3,5,main]) started.
[        ] > Task :image_picker_android:preBuild UP-TO-DATE
[        ] Skipping task ':image_picker_android:preBuild' as it has no actions.
[        ] Resolve mutations for :image_picker_android:preDebugBuild (Thread[#906,Execution worker Thread 3,5,main]) started.
[        ] :image_picker_android:preDebugBuild (Thread[#906,Execution worker Thread 3,5,main]) started.
[        ] > Task :image_picker_android:preDebugBuild UP-TO-DATE
[        ] Skipping task ':image_picker_android:preDebugBuild' as it has no actions.
[        ] Resolve mutations for :image_picker_android:writeDebugAarMetadata (Thread[#906,Execution worker Thread 3,5,main]) started.
[        ] :image_picker_android:writeDebugAarMetadata (Thread[#906,Execution worker Thread 3,5,main]) started.
[        ] > Task :image_picker_android:writeDebugAarMetadata UP-TO-DATE
[        ] Caching disabled for task ':image_picker_android:writeDebugAarMetadata' because:
[        ]   Build cache is disabled
[        ]   Caching has been disabled for the task
[        ] Skipping task ':image_picker_android:writeDebugAarMetadata' as it is up-to-date.
[        ] work action resolve aar-metadata.properties (project :image_picker_android) (Thread[#906,Execution worker Thread 3,5,main]) started.
[        ] Resolve mutations for :mobile_scanner:preBuild (Thread[#906,Execution worker Thread 3,5,main]) started.
[        ] :mobile_scanner:preBuild (Thread[#906,Execution worker Thread 3,5,main]) started.
[        ] > Task :mobile_scanner:preBuild UP-TO-DATE
[        ] Skipping task ':mobile_scanner:preBuild' as it has no actions.
[        ] Resolve mutations for :mobile_scanner:preDebugBuild (Thread[#906,Execution worker Thread 3,5,main]) started.
[        ] :mobile_scanner:preDebugBuild (Thread[#906,Execution worker Thread 3,5,main]) started.
[        ] > Task :mobile_scanner:preDebugBuild UP-TO-DATE
[        ] Skipping task ':mobile_scanner:preDebugBuild' as it has no actions.
[        ] Resolve mutations for :mobile_scanner:writeDebugAarMetadata (Thread[#906,Execution worker Thread 3,5,main]) started.
[        ] :mobile_scanner:writeDebugAarMetadata (Thread[#906,Execution worker Thread 3,5,main]) started.
[        ] > Task :mobile_scanner:writeDebugAarMetadata UP-TO-DATE
[        ] Caching disabled for task ':mobile_scanner:writeDebugAarMetadata' because:
[        ]   Build cache is disabled
[        ]   Caching has been disabled for the task
[        ] Skipping task ':mobile_scanner:writeDebugAarMetadata' as it is up-to-date.
[        ] work action resolve aar-metadata.properties (project :mobile_scanner) (Thread[#906,Execution worker Thread 3,5,main]) started.
[        ] Resolve mutations for :package_info_plus:preBuild (Thread[#906,Execution worker Thread 3,5,main]) started.
[        ] :package_info_plus:preBuild (Thread[#906,Execution worker Thread 3,5,main]) started.
[        ] > Task :package_info_plus:preBuild UP-TO-DATE
[        ] Skipping task ':package_info_plus:preBuild' as it has no actions.
[        ] Resolve mutations for :package_info_plus:preDebugBuild (Thread[#906,Execution worker Thread 3,5,main]) started.
[        ] :package_info_plus:preDebugBuild (Thread[#907,Execution worker Thread 4,5,main]) started.
[        ] > Task :package_info_plus:preDebugBuild UP-TO-DATE
[        ] Skipping task ':package_info_plus:preDebugBuild' as it has no actions.
[        ] Resolve mutations for :package_info_plus:writeDebugAarMetadata (Thread[#907,Execution worker Thread 4,5,main]) started.
[        ] :package_info_plus:writeDebugAarMetadata (Thread[#907,Execution worker Thread 4,5,main]) started.
[        ] > Task :package_info_plus:writeDebugAarMetadata UP-TO-DATE
[        ] Caching disabled for task ':package_info_plus:writeDebugAarMetadata' because:
[        ]   Build cache is disabled
[        ]   Caching has been disabled for the task
[        ] Skipping task ':package_info_plus:writeDebugAarMetadata' as it is up-to-date.
[        ] work action resolve aar-metadata.properties (project :package_info_plus) (Thread[#907,Execution worker Thread 4,5,main]) started.
[        ] Resolve mutations for :path_provider_android:preBuild (Thread[#907,Execution worker Thread 4,5,main]) started.
[        ] :path_provider_android:preBuild (Thread[#907,Execution worker Thread 4,5,main]) started.
[        ] > Task :path_provider_android:preBuild UP-TO-DATE
[        ] Skipping task ':path_provider_android:preBuild' as it has no actions.
[        ] Resolve mutations for :path_provider_android:preDebugBuild (Thread[#907,Execution worker Thread 4,5,main]) started.
[        ] :path_provider_android:preDebugBuild (Thread[#907,Execution worker Thread 4,5,main]) started.
[        ] > Task :path_provider_android:preDebugBuild UP-TO-DATE
[        ] Skipping task ':path_provider_android:preDebugBuild' as it has no actions.
[        ] Resolve mutations for :path_provider_android:writeDebugAarMetadata (Thread[#907,Execution worker Thread 4,5,main]) started.
[        ] :path_provider_android:writeDebugAarMetadata (Thread[#907,Execution worker Thread 4,5,main]) started.
[        ] > Task :path_provider_android:writeDebugAarMetadata UP-TO-DATE
[        ] Caching disabled for task ':path_provider_android:writeDebugAarMetadata' because:
[        ]   Build cache is disabled
[        ]   Caching has been disabled for the task
[        ] Skipping task ':path_provider_android:writeDebugAarMetadata' as it is up-to-date.
[        ] work action resolve aar-metadata.properties (project :path_provider_android) (Thread[#907,Execution worker Thread 4,5,main]) started.
[        ] Resolve mutations for :screen_brightness_android:preBuild (Thread[#907,Execution worker Thread 4,5,main]) started.
[        ] :screen_brightness_android:preBuild (Thread[#907,Execution worker Thread 4,5,main]) started.
[        ] > Task :screen_brightness_android:preBuild UP-TO-DATE
[        ] Skipping task ':screen_brightness_android:preBuild' as it has no actions.
[        ] Resolve mutations for :screen_brightness_android:preDebugBuild (Thread[#907,Execution worker Thread 4,5,main]) started.
[        ] :screen_brightness_android:preDebugBuild (Thread[#907,Execution worker Thread 4,5,main]) started.
[        ] > Task :screen_brightness_android:preDebugBuild UP-TO-DATE
[        ] Skipping task ':screen_brightness_android:preDebugBuild' as it has no actions.
[        ] Resolve mutations for :screen_brightness_android:writeDebugAarMetadata (Thread[#907,Execution worker Thread 4,5,main]) started.
[        ] :screen_brightness_android:writeDebugAarMetadata (Thread[#907,Execution worker Thread 4,5,main]) started.
[        ] > Task :screen_brightness_android:writeDebugAarMetadata UP-TO-DATE
[        ] Caching disabled for task ':screen_brightness_android:writeDebugAarMetadata' because:
[        ]   Build cache is disabled
[        ]   Caching has been disabled for the task
[        ] Skipping task ':screen_brightness_android:writeDebugAarMetadata' as it is up-to-date.
[        ] work action resolve aar-metadata.properties (project :screen_brightness_android) (Thread[#907,Execution worker Thread 4,5,main]) started.
[        ] Resolve mutations for :share_plus:preBuild (Thread[#907,Execution worker Thread 4,5,main]) started.
[        ] :share_plus:preBuild (Thread[#907,Execution worker Thread 4,5,main]) started.
[        ] > Task :share_plus:preBuild UP-TO-DATE
[        ] Skipping task ':share_plus:preBuild' as it has no actions.
[        ] Resolve mutations for :share_plus:preDebugBuild (Thread[#907,Execution worker Thread 4,5,main]) started.
[        ] :share_plus:preDebugBuild (Thread[#907,Execution worker Thread 4,5,main]) started.
[        ] > Task :share_plus:preDebugBuild UP-TO-DATE
[        ] Skipping task ':share_plus:preDebugBuild' as it has no actions.
[        ] Resolve mutations for :share_plus:writeDebugAarMetadata (Thread[#907,Execution worker Thread 4,5,main]) started.
[        ] :share_plus:writeDebugAarMetadata (Thread[#907,Execution worker Thread 4,5,main]) started.
[        ] > Task :share_plus:writeDebugAarMetadata UP-TO-DATE
[        ] Caching disabled for task ':share_plus:writeDebugAarMetadata' because:
[        ]   Build cache is disabled
[        ]   Caching has been disabled for the task
[        ] Skipping task ':share_plus:writeDebugAarMetadata' as it is up-to-date.
[        ] work action resolve aar-metadata.properties (project :share_plus) (Thread[#907,Execution worker Thread 4,5,main]) started.
[        ] Resolve mutations for :shared_preferences_android:preBuild (Thread[#907,Execution worker Thread 4,5,main]) started.
[        ] :shared_preferences_android:preBuild (Thread[#907,Execution worker Thread 4,5,main]) started.
[        ] > Task :shared_preferences_android:preBuild UP-TO-DATE
[        ] Skipping task ':shared_preferences_android:preBuild' as it has no actions.
[        ] Resolve mutations for :shared_preferences_android:preDebugBuild (Thread[#907,Execution worker Thread 4,5,main]) started.
[        ] :shared_preferences_android:preDebugBuild (Thread[#907,Execution worker Thread 4,5,main]) started.
[        ] > Task :shared_preferences_android:preDebugBuild UP-TO-DATE
[        ] Skipping task ':shared_preferences_android:preDebugBuild' as it has no actions.
[        ] Resolve mutations for :shared_preferences_android:writeDebugAarMetadata (Thread[#907,Execution worker Thread 4,5,main]) started.
[        ] :shared_preferences_android:writeDebugAarMetadata (Thread[#907,Execution worker Thread 4,5,main]) started.
[        ] > Task :shared_preferences_android:writeDebugAarMetadata UP-TO-DATE
[        ] Caching disabled for task ':shared_preferences_android:writeDebugAarMetadata' because:
[        ]   Build cache is disabled
[        ]   Caching has been disabled for the task
[        ] Skipping task ':shared_preferences_android:writeDebugAarMetadata' as it is up-to-date.
[        ] work action resolve aar-metadata.properties (project :shared_preferences_android) (Thread[#907,Execution worker Thread 4,5,main]) started.
[        ] Resolve mutations for :speech_to_text:preBuild (Thread[#907,Execution worker Thread 4,5,main]) started.
[        ] :speech_to_text:preBuild (Thread[#907,Execution worker Thread 4,5,main]) started.
[        ] > Task :speech_to_text:preBuild UP-TO-DATE
[        ] Skipping task ':speech_to_text:preBuild' as it has no actions.
[        ] Resolve mutations for :speech_to_text:preDebugBuild (Thread[#907,Execution worker Thread 4,5,main]) started.
[        ] :speech_to_text:preDebugBuild (Thread[#907,Execution worker Thread 4,5,main]) started.
[        ] > Task :speech_to_text:preDebugBuild UP-TO-DATE
[        ] Skipping task ':speech_to_text:preDebugBuild' as it has no actions.
[        ] Resolve mutations for :speech_to_text:writeDebugAarMetadata (Thread[#907,Execution worker Thread 4,5,main]) started.
[        ] :speech_to_text:writeDebugAarMetadata (Thread[#907,Execution worker Thread 4,5,main]) started.
[        ] > Task :speech_to_text:writeDebugAarMetadata UP-TO-DATE
[        ] Caching disabled for task ':speech_to_text:writeDebugAarMetadata' because:
[        ]   Build cache is disabled
[        ]   Caching has been disabled for the task
[        ] Skipping task ':speech_to_text:writeDebugAarMetadata' as it is up-to-date.
[        ] work action resolve aar-metadata.properties (project :speech_to_text) (Thread[#907,Execution worker Thread 4,5,main]) started.
[        ] Resolve mutations for :sqflite_android:preBuild (Thread[#907,Execution worker Thread 4,5,main]) started.
[        ] :sqflite_android:preBuild (Thread[#907,Execution worker Thread 4,5,main]) started.
[        ] > Task :sqflite_android:preBuild UP-TO-DATE
[        ] Skipping task ':sqflite_android:preBuild' as it has no actions.
[        ] Resolve mutations for :sqflite_android:preDebugBuild (Thread[#907,Execution worker Thread 4,5,main]) started.
[        ] :sqflite_android:preDebugBuild (Thread[#907,Execution worker Thread 4,5,main]) started.
[        ] > Task :sqflite_android:preDebugBuild UP-TO-DATE
[        ] Skipping task ':sqflite_android:preDebugBuild' as it has no actions.
[        ] Resolve mutations for :sqflite_android:writeDebugAarMetadata (Thread[#907,Execution worker Thread 4,5,main]) started.
[        ] :sqflite_android:writeDebugAarMetadata (Thread[#907,Execution worker Thread 4,5,main]) started.
[        ] > Task :sqflite_android:writeDebugAarMetadata UP-TO-DATE
[        ] Caching disabled for task ':sqflite_android:writeDebugAarMetadata' because:
[        ]   Build cache is disabled
[        ]   Caching has been disabled for the task
[        ] Skipping task ':sqflite_android:writeDebugAarMetadata' as it is up-to-date.
[        ] work action resolve aar-metadata.properties (project :sqflite_android) (Thread[#907,Execution worker Thread 4,5,main]) started.
[  +69 ms] Resolve mutations for :url_launcher_android:preBuild (Thread[#907,Execution worker Thread 4,5,main]) started.
[        ] :url_launcher_android:preBuild (Thread[#907,Execution worker Thread 4,5,main]) started.
[        ] > Task :url_launcher_android:preBuild UP-TO-DATE
[        ] Skipping task ':url_launcher_android:preBuild' as it has no actions.
[        ] Resolve mutations for :url_launcher_android:preDebugBuild (Thread[#907,Execution worker Thread 4,5,main]) started.
[   +8 ms] :url_launcher_android:preDebugBuild (Thread[#907,Execution worker Thread 4,5,main]) started.
[        ] > Task :url_launcher_android:preDebugBuild UP-TO-DATE
[        ] Skipping task ':url_launcher_android:preDebugBuild' as it has no actions.
[        ] Resolve mutations for :url_launcher_android:writeDebugAarMetadata (Thread[#907,Execution worker Thread 4,5,main]) started.
[        ] :url_launcher_android:writeDebugAarMetadata (Thread[#907,Execution worker Thread 4,5,main]) started.
[        ] > Task :url_launcher_android:writeDebugAarMetadata UP-TO-DATE
[        ] Caching disabled for task ':url_launcher_android:writeDebugAarMetadata' because:
[        ]   Build cache is disabled
[        ]   Caching has been disabled for the task
[        ] Skipping task ':url_launcher_android:writeDebugAarMetadata' as it is up-to-date.
[        ] work action resolve aar-metadata.properties (project :url_launcher_android) (Thread[#907,Execution worker Thread 4,5,main]) started.
[        ] Resolve mutations for :app:checkDebugAarMetadata (Thread[#907,Execution worker Thread 4,5,main]) started.
[        ] :app:checkDebugAarMetadata (Thread[#907,Execution worker Thread 4,5,main]) started.
[  +86 ms] Resolve mutations for :app:cleanMergeDebugAssets (Thread[#905,Execution worker Thread 2,5,main]) started.
[        ] :app:cleanMergeDebugAssets (Thread[#905,Execution worker Thread 2,5,main]) started.
[        ] > Task :app:cleanMergeDebugAssets UP-TO-DATE
[        ] Caching disabled for task ':app:cleanMergeDebugAssets' because:
[        ]   Build cache is disabled
[        ] Task ':app:cleanMergeDebugAssets' is not up-to-date because:
[        ]   Task has not declared any outputs despite executing actions.
[        ] Resolve mutations for :app:mergeDebugShaders (Thread[#905,Execution worker Thread 2,5,main]) started.
[        ] :app:mergeDebugShaders (Thread[#905,Execution worker Thread 2,5,main]) started.
[        ] > Task :app:mergeDebugShaders UP-TO-DATE
[        ] Caching disabled for task ':app:mergeDebugShaders' because:
[        ]   Build cache is disabled
[        ]   Simple merging task
[        ] Skipping task ':app:mergeDebugShaders' as it is up-to-date.
[        ] Resolve mutations for :app:compileDebugShaders (Thread[#905,Execution worker Thread 2,5,main]) started.
[        ] :app:compileDebugShaders (Thread[#905,Execution worker Thread 2,5,main]) started.
[        ] > Task :app:compileDebugShaders NO-SOURCE
[        ] Skipping task ':app:compileDebugShaders' as it has no source files and no previous output files.
[        ] Resolve mutations for :app:generateDebugAssets (Thread[#905,Execution worker Thread 2,5,main]) started.
[        ] :app:generateDebugAssets (Thread[#914,Execution worker Thread 11,5,main]) started.
[        ] > Task :app:generateDebugAssets UP-TO-DATE
[        ] Skipping task ':app:generateDebugAssets' as it has no actions.
[        ] Resolve mutations for :app_links:mergeDebugShaders (Thread[#914,Execution worker Thread 11,5,main]) started.
[        ] :app_links:mergeDebugShaders (Thread[#914,Execution worker Thread 11,5,main]) started.
[        ] > Task :app_links:mergeDebugShaders UP-TO-DATE
[        ] Caching disabled for task ':app_links:mergeDebugShaders' because:
[        ]   Build cache is disabled
[        ]   Simple merging task
[        ] Skipping task ':app_links:mergeDebugShaders' as it is up-to-date.
[        ] Resolve mutations for :app_links:compileDebugShaders (Thread[#914,Execution worker Thread 11,5,main]) started.
[        ] :app_links:compileDebugShaders (Thread[#914,Execution worker Thread 11,5,main]) started.
[        ] > Task :app_links:compileDebugShaders NO-SOURCE
[        ] Skipping task ':app_links:compileDebugShaders' as it has no source files and no previous output files.
[        ] Resolve mutations for :app_links:generateDebugAssets (Thread[#914,Execution worker Thread 11,5,main]) started.
[        ] :app_links:generateDebugAssets (Thread[#914,Execution worker Thread 11,5,main]) started.
[        ] > Task :app_links:generateDebugAssets UP-TO-DATE
[        ] Skipping task ':app_links:generateDebugAssets' as it has no actions.
[        ] Resolve mutations for :app_links:mergeDebugAssets (Thread[#914,Execution worker Thread 11,5,main]) started.
[        ] :app_links:mergeDebugAssets (Thread[#914,Execution worker Thread 11,5,main]) started.
[        ] > Task :app_links:mergeDebugAssets UP-TO-DATE
[        ] Caching disabled for task ':app_links:mergeDebugAssets' because:
[        ]   Build cache is disabled
[        ]   Simple merging task
[        ] Skipping task ':app_links:mergeDebugAssets' as it is up-to-date.
[        ] work action resolve mergeDebugAssets (project :app_links) (Thread[#914,Execution worker Thread 11,5,main]) started.
[        ] Resolve mutations for :connectivity_plus:mergeDebugShaders (Thread[#914,Execution worker Thread 11,5,main]) started.
[        ] > Task :app:checkDebugAarMetadata FAILED
[        ] Caching disabled for task ':app:checkDebugAarMetadata' because:
[        ]   Build cache is disabled
[        ]   Caching has been disabled for the task
[        ] Task ':app:checkDebugAarMetadata' is not up-to-date because:
[        ]   Value of input property 'compileSdkVersion' has changed for task ':app:checkDebugAarMetadata'
[        ]   Value of input property 'platformSdkApiLevel' has changed for task ':app:checkDebugAarMetadata'
[        ]   Value of input property 'platformSdkExtension' has changed for task ':app:checkDebugAarMetadata'
[        ] :connectivity_plus:mergeDebugShaders (Thread[#914,Execution worker Thread 11,5,main]) started.
[        ] > Task :connectivity_plus:mergeDebugShaders UP-TO-DATE
[        ] Caching disabled for task ':connectivity_plus:mergeDebugShaders' because:
[        ]   Build cache is disabled
[        ]   Simple merging task
[        ] Skipping task ':connectivity_plus:mergeDebugShaders' as it is up-to-date.
[  +83 ms] Build 5929c4f6-4ff6-4659-874e-3889868bb9c8 is closed
[        ] [Incubating] Problems report is available at: file:///C:/Users/aijay/Desktop/JayGanga%20Books/build/reports/problems/problems-report.html
[        ] FAILURE: Build failed with an exception.
[        ] * What went wrong:
[        ] Execution failed for task ':app:checkDebugAarMetadata'.
[        ] > A failure occurred while executing com.android.build.gradle.internal.tasks.CheckAarMetadataWorkAction
[        ]    > 6 issues were found when checking AAR metadata:
[        ]        1.  Dependency 'androidx.browser:browser:1.9.0' requires libraries and applications that
[        ]            depend on it to compile against version 36 or later of the
[        ]            Android APIs.
[        ]            :app is currently compiled against android-35.
[        ]            Recommended action: Update this project to use a newer compileSdk
[        ]            of at least 36, for example 36.
[        ]            Note that updating a library or application's compileSdk (which
[        ]            allows newer APIs to be used) can be done separately from updating
[        ]            targetSdk (which opts the app in to new runtime behavior) and
[        ]            minSdk (which determines which devices the app can be installed
[        ]            on).
[        ]        2.  Dependency 'androidx.activity:activity-ktx:1.12.2' requires libraries and applications that
[        ]            depend on it to compile against version 36 or later of the
[        ]            Android APIs.
[        ]            :app is currently compiled against android-35.
[        ]            Recommended action: Update this project to use a newer compileSdk
[        ]            of at least 36, for example 36.
[        ]            Note that updating a library or application's compileSdk (which
[        ]            allows newer APIs to be used) can be done separately from updating
[        ]            targetSdk (which opts the app in to new runtime behavior) and
[        ]            minSdk (which determines which devices the app can be installed
[        ]            on).
[        ]        3.  Dependency 'androidx.activity:activity:1.12.2' requires libraries and applications that
[        ]            depend on it to compile against version 36 or later of the
[        ]            Android APIs.
[        ]            :app is currently compiled against android-35.
[        ]            Recommended action: Update this project to use a newer compileSdk
[        ]            of at least 36, for example 36.
[        ]            Note that updating a library or application's compileSdk (which
[        ]            allows newer APIs to be used) can be done separately from updating
[        ]            targetSdk (which opts the app in to new runtime behavior) and
[        ]            minSdk (which determines which devices the app can be installed
[        ]            on).
[        ]        4.  Dependency 'androidx.navigationevent:navigationevent-android:1.0.1' requires libraries and applications that
[        ]            depend on it to compile against version 36 or later of the
[        ]            Android APIs.
[        ]            :app is currently compiled against android-35.
[        ]            Recommended action: Update this project to use a newer compileSdk
[        ]            of at least 36, for example 36.
[        ]            Note that updating a library or application's compileSdk (which
[        ]            allows newer APIs to be used) can be done separately from updating
[        ]            targetSdk (which opts the app in to new runtime behavior) and
[        ]            minSdk (which determines which devices the app can be installed
[        ]            on).
[        ]        5.  Dependency 'androidx.core:core-ktx:1.17.0' requires libraries and applications that
[        ]            depend on it to compile against version 36 or later of the
[        ]            Android APIs.
[        ]            :app is currently compiled against android-35.
[        ]            Recommended action: Update this project to use a newer compileSdk
[        ]            of at least 36, for example 36.
[        ]            Note that updating a library or application's compileSdk (which
[        ]            allows newer APIs to be used) can be done separately from updating
[        ]            targetSdk (which opts the app in to new runtime behavior) and
[        ]            minSdk (which determines which devices the app can be installed
[        ]            on).
[        ]        6.  Dependency 'androidx.core:core:1.17.0' requires libraries and applications that
[        ]            depend on it to compile against version 36 or later of the
[        ]            Android APIs.
[        ]            :app is currently compiled against android-35.
[        ]            Recommended action: Update this project to use a newer compileSdk
[        ]            of at least 36, for example 36.
[        ]            Note that updating a library or application's compileSdk (which
[        ]            allows newer APIs to be used) can be done separately from updating
[        ]            targetSdk (which opts the app in to new runtime behavior) and
[        ]            minSdk (which determines which devices the app can be installed
[        ]            on).
[        ] * Try:
[        ] > Run with --debug option to get more log output.
[        ] > Run with --scan to get full insights.
[        ] > Get more help at https://help.gradle.org.
[        ] * Exception is:
[        ] org.gradle.api.tasks.TaskExecutionException: Execution failed for task ':app:checkDebugAarMetadata'.
[        ] 	at org.gradle.api.internal.tasks.execution.ExecuteActionsTaskExecuter.lambda$executeIfValid$1(ExecuteActionsTaskExecuter.java:130)
[        ] 	at org.gradle.internal.Try$Failure.ifSuccessfulOrElse(Try.java:293)
[        ] 	at org.gradle.api.internal.tasks.execution.ExecuteActionsTaskExecuter.executeIfValid(ExecuteActionsTaskExecuter.java:128)
[        ] 	at org.gradle.api.internal.tasks.execution.ExecuteActionsTaskExecuter.execute(ExecuteActionsTaskExecuter.java:116)
[        ] 	at org.gradle.api.internal.tasks.execution.ProblemsTaskPathTrackingTaskExecuter.execute(ProblemsTaskPathTrackingTaskExecuter.java:41)
[        ] 	at org.gradle.api.internal.tasks.execution.FinalizePropertiesTaskExecuter.execute(FinalizePropertiesTaskExecuter.java:46)
[        ] 	at org.gradle.api.internal.tasks.execution.ResolveTaskExecutionModeExecuter.execute(ResolveTaskExecutionModeExecuter.java:51)
[        ] 	at org.gradle.api.internal.tasks.execution.SkipTaskWithNoActionsExecuter.execute(SkipTaskWithNoActionsExecuter.java:57)
[        ] 	at org.gradle.api.internal.tasks.execution.SkipOnlyIfTaskExecuter.execute(SkipOnlyIfTaskExecuter.java:74)
[        ] 	at org.gradle.api.internal.tasks.execution.CatchExceptionTaskExecuter.execute(CatchExceptionTaskExecuter.java:36)
[        ] 	at org.gradle.api.internal.tasks.execution.EventFiringTaskExecuter$1.executeTask(EventFiringTaskExecuter.java:77)
[        ] 	at org.gradle.api.internal.tasks.execution.EventFiringTaskExecuter$1.call(EventFiringTaskExecuter.java:55)
[        ] 	at org.gradle.api.internal.tasks.execution.EventFiringTaskExecuter$1.call(EventFiringTaskExecuter.java:52)
[        ] 	at org.gradle.internal.operations.DefaultBuildOperationRunner$CallableBuildOperationWorker.execute(DefaultBuildOperationRunner.java:210)
[        ] 	at org.gradle.internal.operations.DefaultBuildOperationRunner$CallableBuildOperationWorker.execute(DefaultBuildOperationRunner.java:205)
[        ] 	at org.gradle.internal.operations.DefaultBuildOperationRunner$2.execute(DefaultBuildOperationRunner.java:67)
[        ] 	at org.gradle.internal.operations.DefaultBuildOperationRunner$2.execute(DefaultBuildOperationRunner.java:60)
[        ] 	at org.gradle.internal.operations.DefaultBuildOperationRunner.execute(DefaultBuildOperationRunner.java:167)
[        ] 	at org.gradle.internal.operations.DefaultBuildOperationRunner.execute(DefaultBuildOperationRunner.java:60)
[        ] 	at org.gradle.internal.operations.DefaultBuildOperationRunner.call(DefaultBuildOperationRunner.java:54)
[        ] 	at org.gradle.api.internal.tasks.execution.EventFiringTaskExecuter.execute(EventFiringTaskExecuter.java:52)
[        ] 	at org.gradle.execution.plan.LocalTaskNodeExecutor.execute(LocalTaskNodeExecutor.java:42)
[        ] 	at org.gradle.execution.taskgraph.DefaultTaskExecutionGraph$InvokeNodeExecutorsAction.execute(DefaultTaskExecutionGraph.java:331)
[        ] 	at org.gradle.execution.taskgraph.DefaultTaskExecutionGraph$InvokeNodeExecutorsAction.execute(DefaultTaskExecutionGraph.java:318)
[        ] 	at org.gradle.execution.taskgraph.DefaultTaskExecutionGraph$BuildOperationAwareExecutionAction.lambda$execute$0(DefaultTaskExecutionGraph.java:314)
[        ] 	at org.gradle.internal.operations.CurrentBuildOperationRef.with(CurrentBuildOperationRef.java:85)
[        ] 	at org.gradle.execution.taskgraph.DefaultTaskExecutionGraph$BuildOperationAwareExecutionAction.execute(DefaultTaskExecutionGraph.java:314)
[        ] 	at org.gradle.execution.taskgraph.DefaultTaskExecutionGraph$BuildOperationAwareExecutionAction.execute(DefaultTaskExecutionGraph.java:303)
[        ] 	at org.gradle.execution.plan.DefaultPlanExecutor$ExecutorWorker.execute(DefaultPlanExecutor.java:459)
[        ] 	at org.gradle.execution.plan.DefaultPlanExecutor$ExecutorWorker.run(DefaultPlanExecutor.java:376)
[        ] 	at org.gradle.internal.concurrent.ExecutorPolicy$CatchAndRecordFailures.onExecute(ExecutorPolicy.java:64)
[        ] 	at org.gradle.internal.concurrent.AbstractManagedExecutor$1.run(AbstractManagedExecutor.java:48)
[        ] 	at java.base/java.util.concurrent.ThreadPoolExecutor.runWorker(Unknown Source)
[        ] 	at java.base/java.util.concurrent.ThreadPoolExecutor$Worker.run(Unknown Source)
[        ] 	at java.base/java.lang.Thread.run(Unknown Source)
[        ] Caused by: org.gradle.workers.internal.DefaultWorkerExecutor$WorkExecutionException: A failure occurred while executing com.android.build.gradle.internal.tasks.CheckAarMetadataWorkAction
[        ] 	at org.gradle.workers.internal.DefaultWorkerExecutor$WorkItemExecution.waitForCompletion(DefaultWorkerExecutor.java:287)
[        ] 	at org.gradle.internal.work.DefaultAsyncWorkTracker.lambda$waitForItemsAndGatherFailures$2(DefaultAsyncWorkTracker.java:130)
[        ] 	at org.gradle.internal.Factories$1.create(Factories.java:31)
[        ] 	at org.gradle.internal.work.DefaultWorkerLeaseService.withoutLocks(DefaultWorkerLeaseService.java:335)
[        ] 	at org.gradle.internal.work.DefaultWorkerLeaseService.withoutLocks(DefaultWorkerLeaseService.java:318)
[        ] 	at org.gradle.internal.work.DefaultWorkerLeaseService.withoutLock(DefaultWorkerLeaseService.java:323)
[        ] 	at org.gradle.internal.work.DefaultAsyncWorkTracker.waitForItemsAndGatherFailures(DefaultAsyncWorkTracker.java:126)
[        ] 	at org.gradle.internal.work.DefaultAsyncWorkTracker.waitForItemsAndGatherFailures(DefaultAsyncWorkTracker.java:92)
[        ] 	at org.gradle.internal.work.DefaultAsyncWorkTracker.waitForAll(DefaultAsyncWorkTracker.java:78)
[        ] 	at org.gradle.internal.work.DefaultAsyncWorkTracker.waitForCompletion(DefaultAsyncWorkTracker.java:66)
[        ] 	at org.gradle.api.internal.tasks.execution.TaskExecution$3.run(TaskExecution.java:252)
[        ] 	at org.gradle.internal.operations.DefaultBuildOperationRunner$1.execute(DefaultBuildOperationRunner.java:30)
[        ] 	at org.gradle.internal.operations.DefaultBuildOperationRunner$1.execute(DefaultBuildOperationRunner.java:27)
[        ] 	at org.gradle.internal.operations.DefaultBuildOperationRunner$2.execute(DefaultBuildOperationRunner.java:67)
[        ] 	at org.gradle.internal.operations.DefaultBuildOperationRunner$2.execute(DefaultBuildOperationRunner.java:60)
[        ] 	at org.gradle.internal.operations.DefaultBuildOperationRunner.execute(DefaultBuildOperationRunner.java:167)
[        ] 	at org.gradle.internal.operations.DefaultBuildOperationRunner.execute(DefaultBuildOperationRunner.java:60)
[        ] 	at org.gradle.internal.operations.DefaultBuildOperationRunner.run(DefaultBuildOperationRunner.java:48)
[        ] 	at org.gradle.api.internal.tasks.execution.TaskExecution.executeAction(TaskExecution.java:229)
[        ] 	at org.gradle.api.internal.tasks.execution.TaskExecution.executeActions(TaskExecution.java:212)
[        ] 	at org.gradle.api.internal.tasks.execution.TaskExecution.executeWithPreviousOutputFiles(TaskExecution.java:195)
[        ] 	at org.gradle.api.internal.tasks.execution.TaskExecution.execute(TaskExecution.java:162)
[        ] 	at org.gradle.internal.execution.steps.ExecuteStep.executeInternal(ExecuteStep.java:105)
[        ] 	at org.gradle.internal.execution.steps.ExecuteStep.access$000(ExecuteStep.java:44)
[        ] 	at org.gradle.internal.execution.steps.ExecuteStep$1.call(ExecuteStep.java:59)
[        ] 	at org.gradle.internal.execution.steps.ExecuteStep$1.call(ExecuteStep.java:56)
[        ] 	at org.gradle.internal.operations.DefaultBuildOperationRunner$CallableBuildOperationWorker.execute(DefaultBuildOperationRunner.java:210)
[        ] 	at org.gradle.internal.operations.DefaultBuildOperationRunner$CallableBuildOperationWorker.execute(DefaultBuildOperationRunner.java:205)
[        ] 	at org.gradle.internal.operations.DefaultBuildOperationRunner$2.execute(DefaultBuildOperationRunner.java:67)
[        ] 	at org.gradle.internal.operations.DefaultBuildOperationRunner$2.execute(DefaultBuildOperationRunner.java:60)
[        ] 	at org.gradle.internal.operations.DefaultBuildOperationRunner.execute(DefaultBuildOperationRunner.java:167)
[        ] 	at org.gradle.internal.operations.DefaultBuildOperationRunner.execute(DefaultBuildOperationRunner.java:60)
[        ] 	at org.gradle.internal.operations.DefaultBuildOperationRunner.call(DefaultBuildOperationRunner.java:54)
[        ] 	at org.gradle.internal.execution.steps.ExecuteStep.execute(ExecuteStep.java:56)
[        ] 	at org.gradle.internal.execution.steps.ExecuteStep.execute(ExecuteStep.java:44)
[        ] 	at org.gradle.internal.execution.steps.CancelExecutionStep.execute(CancelExecutionStep.java:42)
[   +1 ms] 	at org.gradle.internal.execution.steps.TimeoutStep.executeWithoutTimeout(TimeoutStep.java:75)
[        ] 	at org.gradle.internal.execution.steps.TimeoutStep.execute(TimeoutStep.java:55)
[        ] 	at org.gradle.internal.execution.steps.PreCreateOutputParentsStep.execute(PreCreateOutputParentsStep.java:50)
[        ] 	at org.gradle.internal.execution.steps.PreCreateOutputParentsStep.execute(PreCreateOutputParentsStep.java:28)
[        ] 	at org.gradle.internal.execution.steps.RemovePreviousOutputsStep.execute(RemovePreviousOutputsStep.java:67)
[        ] 	at org.gradle.internal.execution.steps.RemovePreviousOutputsStep.execute(RemovePreviousOutputsStep.java:37)
[        ] 	at org.gradle.internal.execution.steps.BroadcastChangingOutputsStep.execute(BroadcastChangingOutputsStep.java:61)
[        ] 	at org.gradle.internal.execution.steps.BroadcastChangingOutputsStep.execute(BroadcastChangingOutputsStep.java:26)
[        ] 	at org.gradle.internal.execution.steps.CaptureOutputsAfterExecutionStep.execute(CaptureOutputsAfterExecutionStep.java:69)
[        ] 	at org.gradle.internal.execution.steps.CaptureOutputsAfterExecutionStep.execute(CaptureOutputsAfterExecutionStep.java:46)
[        ] 	at org.gradle.internal.execution.steps.ResolveInputChangesStep.execute(ResolveInputChangesStep.java:40)
[        ] 	at org.gradle.internal.execution.steps.ResolveInputChangesStep.execute(ResolveInputChangesStep.java:29)
[        ] 	at org.gradle.internal.execution.steps.BuildCacheStep.executeWithoutCache(BuildCacheStep.java:189)
[        ] 	at org.gradle.internal.execution.steps.BuildCacheStep.lambda$execute$1(BuildCacheStep.java:75)
[        ] 	at org.gradle.internal.Either$Right.fold(Either.java:175)
[        ] 	at org.gradle.internal.execution.caching.CachingState.fold(CachingState.java:62)
[        ] 	at org.gradle.internal.execution.steps.BuildCacheStep.execute(BuildCacheStep.java:73)
[        ] 	at org.gradle.internal.execution.steps.BuildCacheStep.execute(BuildCacheStep.java:48)
[        ] 	at org.gradle.internal.execution.steps.StoreExecutionStateStep.execute(StoreExecutionStateStep.java:46)
[        ] 	at org.gradle.internal.execution.steps.StoreExecutionStateStep.execute(StoreExecutionStateStep.java:35)
[        ] 	at org.gradle.internal.execution.steps.SkipUpToDateStep.executeBecause(SkipUpToDateStep.java:75)
[        ] 	at org.gradle.internal.execution.steps.SkipUpToDateStep.lambda$execute$2(SkipUpToDateStep.java:53)
[        ] 	at java.base/java.util.Optional.orElseGet(Unknown Source)
[        ] 	at org.gradle.internal.execution.steps.SkipUpToDateStep.execute(SkipUpToDateStep.java:53)
[        ] 	at org.gradle.internal.execution.steps.SkipUpToDateStep.execute(SkipUpToDateStep.java:35)
[        ] 	at org.gradle.internal.execution.steps.legacy.MarkSnapshottingInputsFinishedStep.execute(MarkSnapshottingInputsFinishedStep.java:37)
[        ] 	at org.gradle.internal.execution.steps.legacy.MarkSnapshottingInputsFinishedStep.execute(MarkSnapshottingInputsFinishedStep.java:27)
[        ] 	at org.gradle.internal.execution.steps.ResolveIncrementalCachingStateStep.executeDelegate(ResolveIncrementalCachingStateStep.java:49)
[        ] 	at org.gradle.internal.execution.steps.ResolveIncrementalCachingStateStep.executeDelegate(ResolveIncrementalCachingStateStep.java:27)
[        ] 	at org.gradle.internal.execution.steps.AbstractResolveCachingStateStep.execute(AbstractResolveCachingStateStep.java:71)
[        ] 	at org.gradle.internal.execution.steps.AbstractResolveCachingStateStep.execute(AbstractResolveCachingStateStep.java:39)
[        ] 	at org.gradle.internal.execution.steps.ResolveChangesStep.execute(ResolveChangesStep.java:65)
[        ] 	at org.gradle.internal.execution.steps.ResolveChangesStep.execute(ResolveChangesStep.java:36)
[        ] 	at org.gradle.internal.execution.steps.ValidateStep.execute(ValidateStep.java:107)
[        ] 	at org.gradle.internal.execution.steps.ValidateStep.execute(ValidateStep.java:56)
[        ] 	at org.gradle.internal.execution.steps.AbstractCaptureStateBeforeExecutionStep.execute(AbstractCaptureStateBeforeExecutionStep.java:64)
[        ] 	at org.gradle.internal.execution.steps.AbstractCaptureStateBeforeExecutionStep.execute(AbstractCaptureStateBeforeExecutionStep.java:43)
[        ] 	at org.gradle.internal.execution.steps.AbstractSkipEmptyWorkStep.executeWithNonEmptySources(AbstractSkipEmptyWorkStep.java:125)
[        ] 	at org.gradle.internal.execution.steps.AbstractSkipEmptyWorkStep.execute(AbstractSkipEmptyWorkStep.java:56)
[        ] 	at org.gradle.internal.execution.steps.AbstractSkipEmptyWorkStep.execute(AbstractSkipEmptyWorkStep.java:36)
[        ] 	at org.gradle.internal.execution.steps.legacy.MarkSnapshottingInputsStartedStep.execute(MarkSnapshottingInputsStartedStep.java:38)
[        ] 	at org.gradle.internal.execution.steps.LoadPreviousExecutionStateStep.execute(LoadPreviousExecutionStateStep.java:36)
[        ] 	at org.gradle.internal.execution.steps.LoadPreviousExecutionStateStep.execute(LoadPreviousExecutionStateStep.java:23)
[        ] 	at org.gradle.internal.execution.steps.HandleStaleOutputsStep.execute(HandleStaleOutputsStep.java:75)
[        ] 	at org.gradle.internal.execution.steps.HandleStaleOutputsStep.execute(HandleStaleOutputsStep.java:41)
[        ] 	at org.gradle.internal.execution.steps.AssignMutableWorkspaceStep.lambda$execute$0(AssignMutableWorkspaceStep.java:35)
[        ] 	at org.gradle.api.internal.tasks.execution.TaskExecution$4.withWorkspace(TaskExecution.java:289)
[        ] 	at org.gradle.internal.execution.steps.AssignMutableWorkspaceStep.execute(AssignMutableWorkspaceStep.java:31)
[        ] 	at org.gradle.internal.execution.steps.AssignMutableWorkspaceStep.execute(AssignMutableWorkspaceStep.java:22)
[        ] 	at org.gradle.internal.execution.steps.ChoosePipelineStep.execute(ChoosePipelineStep.java:40)
[        ] 	at org.gradle.internal.execution.steps.ChoosePipelineStep.execute(ChoosePipelineStep.java:23)
[        ] 	at org.gradle.internal.execution.steps.ExecuteWorkBuildOperationFiringStep.lambda$execute$2(ExecuteWorkBuildOperationFiringStep.java:67)
[        ] 	at java.base/java.util.Optional.orElseGet(Unknown Source)
[        ] 	at org.gradle.internal.execution.steps.ExecuteWorkBuildOperationFiringStep.execute(ExecuteWorkBuildOperationFiringStep.java:67)
[        ] 	at org.gradle.internal.execution.steps.ExecuteWorkBuildOperationFiringStep.execute(ExecuteWorkBuildOperationFiringStep.java:39)
[        ] 	at org.gradle.internal.execution.steps.IdentityCacheStep.execute(IdentityCacheStep.java:46)
[        ] 	at org.gradle.internal.execution.steps.IdentityCacheStep.execute(IdentityCacheStep.java:34)
[        ] 	at org.gradle.internal.execution.steps.IdentifyStep.execute(IdentifyStep.java:48)
[        ] 	at org.gradle.internal.execution.steps.IdentifyStep.execute(IdentifyStep.java:35)
[        ] 	at org.gradle.internal.execution.impl.DefaultExecutionEngine$1.execute(DefaultExecutionEngine.java:64)
[        ] 	at org.gradle.api.internal.tasks.execution.ExecuteActionsTaskExecuter.executeIfValid(ExecuteActionsTaskExecuter.java:127)
[        ] 	at org.gradle.api.internal.tasks.execution.ExecuteActionsTaskExecuter.execute(ExecuteActionsTaskExecuter.java:116)
[        ] 	at org.gradle.api.internal.tasks.execution.ProblemsTaskPathTrackingTaskExecuter.execute(ProblemsTaskPathTrackingTaskExecuter.java:41)
[        ] 	at org.gradle.api.internal.tasks.execution.FinalizePropertiesTaskExecuter.execute(FinalizePropertiesTaskExecuter.java:46)
[        ] 	at org.gradle.api.internal.tasks.execution.ResolveTaskExecutionModeExecuter.execute(ResolveTaskExecutionModeExecuter.java:51)
[        ] 	at org.gradle.api.internal.tasks.execution.SkipTaskWithNoActionsExecuter.execute(SkipTaskWithNoActionsExecuter.java:57)
[        ] 	at org.gradle.api.internal.tasks.execution.SkipOnlyIfTaskExecuter.execute(SkipOnlyIfTaskExecuter.java:74)
[        ] 	at org.gradle.api.internal.tasks.execution.CatchExceptionTaskExecuter.execute(CatchExceptionTaskExecuter.java:36)
[        ] 	at org.gradle.api.internal.tasks.execution.EventFiringTaskExecuter$1.executeTask(EventFiringTaskExecuter.java:77)
[        ] 	at org.gradle.api.internal.tasks.execution.EventFiringTaskExecuter$1.call(EventFiringTaskExecuter.java:55)
[        ] 	at org.gradle.api.internal.tasks.execution.EventFiringTaskExecuter$1.call(EventFiringTaskExecuter.java:52)
[        ] 	at org.gradle.internal.operations.DefaultBuildOperationRunner$CallableBuildOperationWorker.execute(DefaultBuildOperationRunner.java:210)
[        ] 	at org.gradle.internal.operations.DefaultBuildOperationRunner$CallableBuildOperationWorker.execute(DefaultBuildOperationRunner.java:205)
[        ] 	at org.gradle.internal.operations.DefaultBuildOperationRunner$2.execute(DefaultBuildOperationRunner.java:67)
[        ] 	at org.gradle.internal.operations.DefaultBuildOperationRunner$2.execute(DefaultBuildOperationRunner.java:60)
[        ] 	at org.gradle.internal.operations.DefaultBuildOperationRunner.execute(DefaultBuildOperationRunner.java:167)
[        ] 	at org.gradle.internal.operations.DefaultBuildOperationRunner.execute(DefaultBuildOperationRunner.java:60)
[        ] 	at org.gradle.internal.operations.DefaultBuildOperationRunner.call(DefaultBuildOperationRunner.java:54)
[        ] 	at org.gradle.api.internal.tasks.execution.EventFiringTaskExecuter.execute(EventFiringTaskExecuter.java:52)
[        ] 	at org.gradle.execution.plan.LocalTaskNodeExecutor.execute(LocalTaskNodeExecutor.java:42)
[        ] 	at org.gradle.execution.taskgraph.DefaultTaskExecutionGraph$InvokeNodeExecutorsAction.execute(DefaultTaskExecutionGraph.java:331)
[        ] 	at org.gradle.execution.taskgraph.DefaultTaskExecutionGraph$InvokeNodeExecutorsAction.execute(DefaultTaskExecutionGraph.java:318)
[        ] 	at org.gradle.execution.taskgraph.DefaultTaskExecutionGraph$BuildOperationAwareExecutionAction.lambda$execute$0(DefaultTaskExecutionGraph.java:314)
[        ] 	at org.gradle.internal.operations.CurrentBuildOperationRef.with(CurrentBuildOperationRef.java:85)
[        ] 	at org.gradle.execution.taskgraph.DefaultTaskExecutionGraph$BuildOperationAwareExecutionAction.execute(DefaultTaskExecutionGraph.java:314)
[        ] 	at org.gradle.execution.taskgraph.DefaultTaskExecutionGraph$BuildOperationAwareExecutionAction.execute(DefaultTaskExecutionGraph.java:303)
[        ] 	at org.gradle.execution.plan.DefaultPlanExecutor$ExecutorWorker.execute(DefaultPlanExecutor.java:459)
[        ] 	at org.gradle.execution.plan.DefaultPlanExecutor$ExecutorWorker.run(DefaultPlanExecutor.java:376)
[        ] 	at org.gradle.internal.concurrent.ExecutorPolicy$CatchAndRecordFailures.onExecute(ExecutorPolicy.java:64)
[        ] 	at org.gradle.internal.concurrent.AbstractManagedExecutor$1.run(AbstractManagedExecutor.java:48)
[        ] 	at java.base/java.util.concurrent.ThreadPoolExecutor.runWorker(Unknown Source)
[        ] 	at java.base/java.util.concurrent.ThreadPoolExecutor$Worker.run(Unknown Source)
[        ] 	at java.base/java.lang.Thread.run(Unknown Source)
[        ] Caused by: java.lang.RuntimeException: 6 issues were found when checking AAR metadata:
[        ]   1.  Dependency 'androidx.browser:browser:1.9.0' requires libraries and applications that
[        ]       depend on it to compile against version 36 or later of the
[        ]       Android APIs.
[        ]       :app is currently compiled against android-35.
[        ]       Recommended action: Update this project to use a newer compileSdk
[        ]       of at least 36, for example 36.
[        ]       Note that updating a library or application's compileSdk (which
[        ]       allows newer APIs to be used) can be done separately from updating
[        ]       targetSdk (which opts the app in to new runtime behavior) and
[        ]       minSdk (which determines which devices the app can be installed
[        ]       on).
[        ]   2.  Dependency 'androidx.activity:activity-ktx:1.12.2' requires libraries and applications that
[        ]       depend on it to compile against version 36 or later of the
[        ]       Android APIs.
[        ]       :app is currently compiled against android-35.
[        ]       Recommended action: Update this project to use a newer compileSdk
[        ]       of at least 36, for example 36.
[        ]       Note that updating a library or application's compileSdk (which
[        ]       allows newer APIs to be used) can be done separately from updating
[        ]       targetSdk (which opts the app in to new runtime behavior) and
[        ]       minSdk (which determines which devices the app can be installed
[        ]       on).
[        ]   3.  Dependency 'androidx.activity:activity:1.12.2' requires libraries and applications that
[        ]       depend on it to compile against version 36 or later of the
[        ]       Android APIs.
[        ]       :app is currently compiled against android-35.
[        ]       Recommended action: Update this project to use a newer compileSdk
[        ]       of at least 36, for example 36.
[        ]       Note that updating a library or application's compileSdk (which
[        ]       allows newer APIs to be used) can be done separately from updating
[        ]       targetSdk (which opts the app in to new runtime behavior) and
[        ]       minSdk (which determines which devices the app can be installed
[        ]       on).
[        ]   4.  Dependency 'androidx.navigationevent:navigationevent-android:1.0.1' requires libraries and applications that
[        ]       depend on it to compile against version 36 or later of the
[        ]       Android APIs.
[        ]       :app is currently compiled against android-35.
[        ]       Recommended action: Update this project to use a newer compileSdk
[        ]       of at least 36, for example 36.
[        ]       Note that updating a library or application's compileSdk (which
[        ]       allows newer APIs to be used) can be done separately from updating
[        ]       targetSdk (which opts the app in to new runtime behavior) and
[        ]       minSdk (which determines which devices the app can be installed
[        ]       on).
[        ]   5.  Dependency 'androidx.core:core-ktx:1.17.0' requires libraries and applications that
[        ]       depend on it to compile against version 36 or later of the
[        ]       Android APIs.
[        ]       :app is currently compiled against android-35.
[        ]       Recommended action: Update this project to use a newer compileSdk
[        ]       of at least 36, for example 36.
[        ]       Note that updating a library or application's compileSdk (which
[        ]       allows newer APIs to be used) can be done separately from updating
[        ]       targetSdk (which opts the app in to new runtime behavior) and
[        ]       minSdk (which determines which devices the app can be installed
[        ]       on).
[        ]   6.  Dependency 'androidx.core:core:1.17.0' requires libraries and applications that
[        ]       depend on it to compile against version 36 or later of the
[        ]       Android APIs.
[        ]       :app is currently compiled against android-35.
[        ]       Recommended action: Update this project to use a newer compileSdk
[        ]       of at least 36, for example 36.
[        ]       Note that updating a library or application's compileSdk (which
[        ]       allows newer APIs to be used) can be done separately from updating
[        ]       targetSdk (which opts the app in to new runtime behavior) and
[        ]       minSdk (which determines which devices the app can be installed
[        ]       on).
[        ] 	at com.android.build.gradle.internal.tasks.CheckAarMetadataWorkAction.execute(CheckAarMetadataTask.kt:288)
[        ] 	at org.gradle.workers.internal.DefaultWorkerServer.execute(DefaultWorkerServer.java:63)
[        ] 	at org.gradle.workers.internal.NoIsolationWorkerFactory$1$1.create(NoIsolationWorkerFactory.java:66)
[        ] 	at org.gradle.workers.internal.NoIsolationWorkerFactory$1$1.create(NoIsolationWorkerFactory.java:62)
[        ] 	at org.gradle.internal.classloader.ClassLoaderUtils.executeInClassloader(ClassLoaderUtils.java:100)
[        ] 	at org.gradle.workers.internal.NoIsolationWorkerFactory$1.lambda$execute$0(NoIsolationWorkerFactory.java:62)
[        ] 	at org.gradle.workers.internal.AbstractWorker$1.call(AbstractWorker.java:44)
[        ] 	at org.gradle.workers.internal.AbstractWorker$1.call(AbstractWorker.java:41)
[        ] 	at org.gradle.internal.operations.DefaultBuildOperationRunner$CallableBuildOperationWorker.execute(DefaultBuildOperationRunner.java:210)
[        ] 	at org.gradle.internal.operations.DefaultBuildOperationRunner$CallableBuildOperationWorker.execute(DefaultBuildOperationRunner.java:205)
[        ] 	at org.gradle.internal.operations.DefaultBuildOperationRunner$2.execute(DefaultBuildOperationRunner.java:67)
[        ] 	at org.gradle.internal.operations.DefaultBuildOperationRunner$2.execute(DefaultBuildOperationRunner.java:60)
[        ] 	at org.gradle.internal.operations.DefaultBuildOperationRunner.execute(DefaultBuildOperationRunner.java:167)
[        ] 	at org.gradle.internal.operations.DefaultBuildOperationRunner.execute(DefaultBuildOperationRunner.java:60)
[        ] 	at org.gradle.internal.operations.DefaultBuildOperationRunner.call(DefaultBuildOperationRunner.java:54)
[        ] 	at org.gradle.workers.internal.AbstractWorker.executeWrappedInBuildOperation(AbstractWorker.java:41)
[        ] 	at org.gradle.workers.internal.NoIsolationWorkerFactory$1.execute(NoIsolationWorkerFactory.java:59)
[        ] 	at org.gradle.workers.internal.DefaultWorkerExecutor.lambda$submitWork$0(DefaultWorkerExecutor.java:174)
[        ] 	at java.base/java.util.concurrent.FutureTask.run(Unknown Source)
[        ] 	at org.gradle.internal.work.DefaultConditionalExecutionQueue$ExecutionRunner.runExecution(DefaultConditionalExecutionQueue.java:194)
[        ] 	at org.gradle.internal.work.DefaultConditionalExecutionQueue$ExecutionRunner.access$700(DefaultConditionalExecutionQueue.java:127)
[        ] 	at org.gradle.internal.work.DefaultConditionalExecutionQueue$ExecutionRunner$1.run(DefaultConditionalExecutionQueue.java:169)
[        ] 	at org.gradle.internal.Factories$1.create(Factories.java:31)
[        ] 	at org.gradle.internal.work.DefaultWorkerLeaseService.withLocks(DefaultWorkerLeaseService.java:263)
[        ] 	at org.gradle.internal.work.DefaultWorkerLeaseService.runAsWorkerThread(DefaultWorkerLeaseService.java:127)
[        ] 	at org.gradle.internal.work.DefaultWorkerLeaseService.runAsWorkerThread(DefaultWorkerLeaseService.java:132)
[        ] 	at org.gradle.internal.work.DefaultConditionalExecutionQueue$ExecutionRunner.runBatch(DefaultConditionalExecutionQueue.java:164)
[        ] 	at org.gradle.internal.work.DefaultConditionalExecutionQueue$ExecutionRunner.run(DefaultConditionalExecutionQueue.java:133)
[        ] 	at java.base/java.util.concurrent.Executors$RunnableAdapter.call(Unknown Source)
[        ] 	at java.base/java.util.concurrent.FutureTask.run(Unknown Source)
[        ] 	... 5 more
[        ] BUILD FAILED in 9s
[        ] Deprecated Gradle features were used in this build, making it incompatible with Gradle 9.0.
[        ] You can use '--warning-mode all' to show the individual deprecation warnings and determine if they come from your own scripts or plugins.
[        ] For more on this, please refer to https://docs.gradle.org/8.14/userguide/command_line_interface.html#sec:command_line_warnings in the Gradle documentation.
[        ] 33 actionable tasks: 4 executed, 29 up-to-date
[        ] Watched directory hierarchies: [C:\flutter\packages\flutter_tools\gradle]
[ +103 ms] Running Gradle task 'assembleDebug'... (completed in 10.0s)
[  +46 ms] "flutter apk" took 12,030ms.
[  +83 ms] Gradle task assembleDebug failed with exit code 1
[   +1 ms] 
           #0      throwToolExit (package:flutter_tools/src/base/common.dart:34:3)
           #1      AndroidGradleBuilder.buildGradleApp (package:flutter_tools/src/android/gradle.dart:592:7)
           <asynchronous suspension>
           #2      AndroidGradleBuilder.buildApk (package:flutter_tools/src/android/gradle.dart:234:5)
           <asynchronous suspension>
           #3      BuildApkCommand.runCommand (package:flutter_tools/src/commands/build_apk.dart:131:5)
           <asynchronous suspension>
           #4      FlutterCommand.run.<anonymous closure> (package:flutter_tools/src/runner/flutter_command.dart:1559:27)
           <asynchronous suspension>
           #5      AppContext.run.<anonymous closure> (package:flutter_tools/src/base/context.dart:154:19)
           <asynchronous suspension>
           #6      CommandRunner.runCommand (package:args/command_runner.dart:212:13)
           <asynchronous suspension>
           #7      FlutterCommandRunner.runCommand.<anonymous closure> (package:flutter_tools/src/runner/flutter_command_runner.dart:487:9)
           <asynchronous suspension>
           #8      AppContext.run.<anonymous closure> (package:flutter_tools/src/base/context.dart:154:19)
           <asynchronous suspension>
           #9      FlutterCommandRunner.runCommand (package:flutter_tools/src/runner/flutter_command_runner.dart:422:5)
           <asynchronous suspension>
           #10     run.<anonymous closure>.<anonymous closure> (package:flutter_tools/runner.dart:104:11)
           <asynchronous suspension>
           #11     AppContext.run.<anonymous closure> (package:flutter_tools/src/base/context.dart:154:19)
           <asynchronous suspension>
           #12     main (package:flutter_tools/executable.dart:103:3)
           <asynchronous suspension>


[        ] Running 1 shutdown hook
[   +2 ms] Shutdown hooks complete
[ +266 ms] exiting with code 1
